<?xml version="1.0" encoding="UTF-8"?>
<!-- Generated by org.testng.reporters.JUnitXMLReporter -->
<testsuite hostname="LAPTOP-RMK290R9" ignored="0" name="test1" tests="34" failures="0" timestamp="2023-08-16T20:58:52 IDT" time="23.844" errors="0">
  <testcase name="@BeforeMethod setup" time="12.804" classname="tests.BaseTest">
    <failure type="org.openqa.selenium.SessionNotCreatedException" message="Could not start a new session. Response code 500. Message: An unknown server-side error occurred while processing the command. Original error: Could not find a driver for automationName &amp;apos;ANDROID_UIAUTOMATOR2&amp;apos; and platformName &amp;apos;ANDROID&amp;apos;. Have you installed a driver that supports those capabilities? Run &amp;apos;appium driver list --installed&amp;apos; to see. (Lower-level error: Could not find installed driver to support given caps) 
Host info: host: &amp;apos;LAPTOP-RMK290R9&amp;apos;, ip: &amp;apos;192.168.1.20&amp;apos;
Build info: version: &amp;apos;4.9.1&amp;apos;, revision: &amp;apos;eb2032df7f&amp;apos;
System info: os.name: &amp;apos;Windows 10&amp;apos;, os.arch: &amp;apos;amd64&amp;apos;, os.version: &amp;apos;10.0&amp;apos;, java.version: &amp;apos;1.8.0_211&amp;apos;
Driver info: io.appium.java_client.android.AndroidDriver
Command: [null, newSession {capabilities=[{appium:udid=emulator-5554, appium:chromedriverExecutableDir=./utils/ExecutableDirs, appium:chromedriverChromeMappingFile=https://github.com/appium/appium-chromedriver/blob/master/config/mapping.json, browserName=Chrome, platformName=ANDROID, appium:deviceName=Pixel_XL_API_33, appium:automationName=ANDROID_UIAUTOMATOR2}], desiredCapabilities=Capabilities {appium:automationName: ANDROID_UIAUTOMATOR2, appium:chromedriverChromeMappingFile: https://github.com/appium/a..., appium:chromedriverExecutableDir: ./utils/ExecutableDirs, appium:deviceName: Pixel_XL_API_33, appium:udid: emulator-5554, browserName: Chrome, platformName: ANDROID}}]
Capabilities {appium:automationName: ANDROID_UIAUTOMATOR2, appium:chromedriverChromeMappingFile: https://github.com/appium/a..., appium:chromedriverExecutableDir: ./utils/ExecutableDirs, appium:deviceName: Pixel_XL_API_33, appium:udid: emulator-5554, browserName: Chrome, platformName: ANDROID}">
      <![CDATA[org.openqa.selenium.SessionNotCreatedException: Could not start a new session. Response code 500. Message: An unknown server-side error occurred while processing the command. Original error: Could not find a driver for automationName 'ANDROID_UIAUTOMATOR2' and platformName 'ANDROID'. Have you installed a driver that supports those capabilities? Run 'appium driver list --installed' to see. (Lower-level error: Could not find installed driver to support given caps) 
Host info: host: 'LAPTOP-RMK290R9', ip: '192.168.1.20'
Build info: version: '4.9.1', revision: 'eb2032df7f'
System info: os.name: 'Windows 10', os.arch: 'amd64', os.version: '10.0', java.version: '1.8.0_211'
Driver info: io.appium.java_client.android.AndroidDriver
Command: [null, newSession {capabilities=[{appium:udid=emulator-5554, appium:chromedriverExecutableDir=./utils/ExecutableDirs, appium:chromedriverChromeMappingFile=https://github.com/appium/appium-chromedriver/blob/master/config/mapping.json, browserName=Chrome, platformName=ANDROID, appium:deviceName=Pixel_XL_API_33, appium:automationName=ANDROID_UIAUTOMATOR2}], desiredCapabilities=Capabilities {appium:automationName: ANDROID_UIAUTOMATOR2, appium:chromedriverChromeMappingFile: https://github.com/appium/a..., appium:chromedriverExecutableDir: ./utils/ExecutableDirs, appium:deviceName: Pixel_XL_API_33, appium:udid: emulator-5554, browserName: Chrome, platformName: ANDROID}}]
Capabilities {appium:automationName: ANDROID_UIAUTOMATOR2, appium:chromedriverChromeMappingFile: https://github.com/appium/a..., appium:chromedriverExecutableDir: ./utils/ExecutableDirs, appium:deviceName: Pixel_XL_API_33, appium:udid: emulator-5554, browserName: Chrome, platformName: ANDROID}
at org.openqa.selenium.remote.ProtocolHandshake.createSession(ProtocolHandshake.java:136)
at io.appium.java_client.remote.AppiumProtocolHandshake.createSession(AppiumProtocolHandshake.java:133)
at io.appium.java_client.remote.AppiumProtocolHandshake.createSession(AppiumProtocolHandshake.java:102)
at io.appium.java_client.remote.AppiumCommandExecutor.createSession(AppiumCommandExecutor.java:182)
at io.appium.java_client.remote.AppiumCommandExecutor.execute(AppiumCommandExecutor.java:250)
at org.openqa.selenium.remote.RemoteWebDriver.execute(RemoteWebDriver.java:543)
at io.appium.java_client.AppiumDriver.startSession(AppiumDriver.java:274)
at org.openqa.selenium.remote.RemoteWebDriver.<init>(RemoteWebDriver.java:157)
at io.appium.java_client.AppiumDriver.<init>(AppiumDriver.java:89)
at io.appium.java_client.AppiumDriver.<init>(AppiumDriver.java:112)
at io.appium.java_client.AppiumDriver.<init>(AppiumDriver.java:137)
at io.appium.java_client.android.AndroidDriver.<init>(AndroidDriver.java:236)
at tests.BaseTest.setup(BaseTest.java:90)
at java.util.ArrayList.forEach(ArrayList.java:1257)
... Removed 39 stack frames]]>
    </failure>
  </testcase> <!-- @BeforeMethod setup -->
  <testcase name="@AfterMethod TearDown" time="0.0" classname="tests.BaseTest">
    <skipped/>
  </testcase> <!-- @AfterMethod TearDown -->
  <testcase name="@BeforeMethod setup" time="0.0" classname="tests.BaseTest">
    <skipped/>
  </testcase> <!-- @BeforeMethod setup -->
  <testcase name="@AfterMethod TearDown" time="0.0" classname="tests.BaseTest">
    <skipped/>
  </testcase> <!-- @AfterMethod TearDown -->
  <testcase name="@BeforeMethod setup" time="0.0" classname="tests.BaseTest">
    <skipped/>
  </testcase> <!-- @BeforeMethod setup -->
  <testcase name="@AfterMethod TearDown" time="0.0" classname="tests.BaseTest">
    <skipped/>
  </testcase> <!-- @AfterMethod TearDown -->
  <testcase name="@BeforeMethod setup" time="0.0" classname="tests.BaseTest">
    <skipped/>
  </testcase> <!-- @BeforeMethod setup -->
  <testcase name="@AfterMethod TearDown" time="0.0" classname="tests.BaseTest">
    <skipped/>
  </testcase> <!-- @AfterMethod TearDown -->
  <testcase name="@BeforeMethod setup" time="0.0" classname="tests.BaseTest">
    <skipped/>
  </testcase> <!-- @BeforeMethod setup -->
  <testcase name="@AfterMethod TearDown" time="0.0" classname="tests.BaseTest">
    <skipped/>
  </testcase> <!-- @AfterMethod TearDown -->
  <testcase name="@BeforeMethod setup" time="0.0" classname="tests.BaseTest">
    <skipped/>
  </testcase> <!-- @BeforeMethod setup -->
  <testcase name="@AfterMethod TearDown" time="0.0" classname="tests.BaseTest">
    <skipped/>
  </testcase> <!-- @AfterMethod TearDown -->
  <testcase name="@BeforeMethod setup" time="0.0" classname="tests.BaseTest">
    <skipped/>
  </testcase> <!-- @BeforeMethod setup -->
  <testcase name="@AfterMethod TearDown" time="0.0" classname="tests.BaseTest">
    <skipped/>
  </testcase> <!-- @AfterMethod TearDown -->
  <testcase name="@BeforeMethod setup" time="0.0" classname="tests.BaseTest">
    <skipped/>
  </testcase> <!-- @BeforeMethod setup -->
  <testcase name="@AfterMethod TearDown" time="0.0" classname="tests.BaseTest">
    <skipped/>
  </testcase> <!-- @AfterMethod TearDown -->
  <testcase name="@BeforeMethod setup" time="0.0" classname="tests.BaseTest">
    <skipped/>
  </testcase> <!-- @BeforeMethod setup -->
  <testcase name="@AfterMethod TearDown" time="0.0" classname="tests.BaseTest">
    <skipped/>
  </testcase> <!-- @AfterMethod TearDown -->
  <testcase name="@BeforeMethod setup" time="0.0" classname="tests.BaseTest">
    <skipped/>
  </testcase> <!-- @BeforeMethod setup -->
  <testcase name="@AfterMethod TearDown" time="0.0" classname="tests.BaseTest">
    <skipped/>
  </testcase> <!-- @AfterMethod TearDown -->
  <testcase name="@BeforeMethod setup" time="0.994" classname="tests.BaseTest">
    <failure type="org.openqa.selenium.SessionNotCreatedException" message="Could not start a new session. Response code 500. Message: An unknown server-side error occurred while processing the command. Original error: Could not find a driver for automationName &amp;apos;ANDROID_UIAUTOMATOR2&amp;apos; and platformName &amp;apos;ANDROID&amp;apos;. Have you installed a driver that supports those capabilities? Run &amp;apos;appium driver list --installed&amp;apos; to see. (Lower-level error: Could not find installed driver to support given caps) 
Host info: host: &amp;apos;LAPTOP-RMK290R9&amp;apos;, ip: &amp;apos;192.168.1.20&amp;apos;
Build info: version: &amp;apos;4.9.1&amp;apos;, revision: &amp;apos;eb2032df7f&amp;apos;
System info: os.name: &amp;apos;Windows 10&amp;apos;, os.arch: &amp;apos;amd64&amp;apos;, os.version: &amp;apos;10.0&amp;apos;, java.version: &amp;apos;1.8.0_211&amp;apos;
Driver info: io.appium.java_client.android.AndroidDriver
Command: [null, newSession {capabilities=[{appium:udid=emulator-5554, appium:chromedriverExecutableDir=./utils/ExecutableDirs, appium:chromedriverChromeMappingFile=https://github.com/appium/appium-chromedriver/blob/master/config/mapping.json, browserName=Chrome, platformName=ANDROID, appium:deviceName=Pixel_XL_API_33, appium:automationName=ANDROID_UIAUTOMATOR2}], desiredCapabilities=Capabilities {appium:automationName: ANDROID_UIAUTOMATOR2, appium:chromedriverChromeMappingFile: https://github.com/appium/a..., appium:chromedriverExecutableDir: ./utils/ExecutableDirs, appium:deviceName: Pixel_XL_API_33, appium:udid: emulator-5554, browserName: Chrome, platformName: ANDROID}}]
Capabilities {appium:automationName: ANDROID_UIAUTOMATOR2, appium:chromedriverChromeMappingFile: https://github.com/appium/a..., appium:chromedriverExecutableDir: ./utils/ExecutableDirs, appium:deviceName: Pixel_XL_API_33, appium:udid: emulator-5554, browserName: Chrome, platformName: ANDROID}">
      <![CDATA[org.openqa.selenium.SessionNotCreatedException: Could not start a new session. Response code 500. Message: An unknown server-side error occurred while processing the command. Original error: Could not find a driver for automationName 'ANDROID_UIAUTOMATOR2' and platformName 'ANDROID'. Have you installed a driver that supports those capabilities? Run 'appium driver list --installed' to see. (Lower-level error: Could not find installed driver to support given caps) 
Host info: host: 'LAPTOP-RMK290R9', ip: '192.168.1.20'
Build info: version: '4.9.1', revision: 'eb2032df7f'
System info: os.name: 'Windows 10', os.arch: 'amd64', os.version: '10.0', java.version: '1.8.0_211'
Driver info: io.appium.java_client.android.AndroidDriver
Command: [null, newSession {capabilities=[{appium:udid=emulator-5554, appium:chromedriverExecutableDir=./utils/ExecutableDirs, appium:chromedriverChromeMappingFile=https://github.com/appium/appium-chromedriver/blob/master/config/mapping.json, browserName=Chrome, platformName=ANDROID, appium:deviceName=Pixel_XL_API_33, appium:automationName=ANDROID_UIAUTOMATOR2}], desiredCapabilities=Capabilities {appium:automationName: ANDROID_UIAUTOMATOR2, appium:chromedriverChromeMappingFile: https://github.com/appium/a..., appium:chromedriverExecutableDir: ./utils/ExecutableDirs, appium:deviceName: Pixel_XL_API_33, appium:udid: emulator-5554, browserName: Chrome, platformName: ANDROID}}]
Capabilities {appium:automationName: ANDROID_UIAUTOMATOR2, appium:chromedriverChromeMappingFile: https://github.com/appium/a..., appium:chromedriverExecutableDir: ./utils/ExecutableDirs, appium:deviceName: Pixel_XL_API_33, appium:udid: emulator-5554, browserName: Chrome, platformName: ANDROID}
at org.openqa.selenium.remote.ProtocolHandshake.createSession(ProtocolHandshake.java:136)
at io.appium.java_client.remote.AppiumProtocolHandshake.createSession(AppiumProtocolHandshake.java:133)
at io.appium.java_client.remote.AppiumProtocolHandshake.createSession(AppiumProtocolHandshake.java:102)
at io.appium.java_client.remote.AppiumCommandExecutor.createSession(AppiumCommandExecutor.java:182)
at io.appium.java_client.remote.AppiumCommandExecutor.execute(AppiumCommandExecutor.java:250)
at org.openqa.selenium.remote.RemoteWebDriver.execute(RemoteWebDriver.java:543)
at io.appium.java_client.AppiumDriver.startSession(AppiumDriver.java:274)
at org.openqa.selenium.remote.RemoteWebDriver.<init>(RemoteWebDriver.java:157)
at io.appium.java_client.AppiumDriver.<init>(AppiumDriver.java:89)
at io.appium.java_client.AppiumDriver.<init>(AppiumDriver.java:112)
at io.appium.java_client.AppiumDriver.<init>(AppiumDriver.java:137)
at io.appium.java_client.android.AndroidDriver.<init>(AndroidDriver.java:236)
at tests.BaseTest.setup(BaseTest.java:90)
at java.util.ArrayList.forEach(ArrayList.java:1257)
... Removed 39 stack frames]]>
    </failure>
  </testcase> <!-- @BeforeMethod setup -->
  <testcase name="@AfterMethod TearDown" time="0.0" classname="tests.BaseTest">
    <skipped/>
  </testcase> <!-- @AfterMethod TearDown -->
  <testcase name="@BeforeMethod setup" time="0.0" classname="tests.BaseTest">
    <skipped/>
  </testcase> <!-- @BeforeMethod setup -->
  <testcase name="@AfterMethod TearDown" time="0.0" classname="tests.BaseTest">
    <skipped/>
  </testcase> <!-- @AfterMethod TearDown -->
  <testcase name="@BeforeMethod setup" time="1.087" classname="tests.BaseTest">
    <failure type="org.openqa.selenium.SessionNotCreatedException" message="Could not start a new session. Response code 500. Message: An unknown server-side error occurred while processing the command. Original error: Could not find a driver for automationName &amp;apos;ANDROID_UIAUTOMATOR2&amp;apos; and platformName &amp;apos;ANDROID&amp;apos;. Have you installed a driver that supports those capabilities? Run &amp;apos;appium driver list --installed&amp;apos; to see. (Lower-level error: Could not find installed driver to support given caps) 
Host info: host: &amp;apos;LAPTOP-RMK290R9&amp;apos;, ip: &amp;apos;192.168.1.20&amp;apos;
Build info: version: &amp;apos;4.9.1&amp;apos;, revision: &amp;apos;eb2032df7f&amp;apos;
System info: os.name: &amp;apos;Windows 10&amp;apos;, os.arch: &amp;apos;amd64&amp;apos;, os.version: &amp;apos;10.0&amp;apos;, java.version: &amp;apos;1.8.0_211&amp;apos;
Driver info: io.appium.java_client.android.AndroidDriver
Command: [null, newSession {capabilities=[{appium:udid=emulator-5554, appium:chromedriverExecutableDir=./utils/ExecutableDirs, appium:chromedriverChromeMappingFile=https://github.com/appium/appium-chromedriver/blob/master/config/mapping.json, browserName=Chrome, platformName=ANDROID, appium:deviceName=Pixel_XL_API_33, appium:automationName=ANDROID_UIAUTOMATOR2}], desiredCapabilities=Capabilities {appium:automationName: ANDROID_UIAUTOMATOR2, appium:chromedriverChromeMappingFile: https://github.com/appium/a..., appium:chromedriverExecutableDir: ./utils/ExecutableDirs, appium:deviceName: Pixel_XL_API_33, appium:udid: emulator-5554, browserName: Chrome, platformName: ANDROID}}]
Capabilities {appium:automationName: ANDROID_UIAUTOMATOR2, appium:chromedriverChromeMappingFile: https://github.com/appium/a..., appium:chromedriverExecutableDir: ./utils/ExecutableDirs, appium:deviceName: Pixel_XL_API_33, appium:udid: emulator-5554, browserName: Chrome, platformName: ANDROID}">
      <![CDATA[org.openqa.selenium.SessionNotCreatedException: Could not start a new session. Response code 500. Message: An unknown server-side error occurred while processing the command. Original error: Could not find a driver for automationName 'ANDROID_UIAUTOMATOR2' and platformName 'ANDROID'. Have you installed a driver that supports those capabilities? Run 'appium driver list --installed' to see. (Lower-level error: Could not find installed driver to support given caps) 
Host info: host: 'LAPTOP-RMK290R9', ip: '192.168.1.20'
Build info: version: '4.9.1', revision: 'eb2032df7f'
System info: os.name: 'Windows 10', os.arch: 'amd64', os.version: '10.0', java.version: '1.8.0_211'
Driver info: io.appium.java_client.android.AndroidDriver
Command: [null, newSession {capabilities=[{appium:udid=emulator-5554, appium:chromedriverExecutableDir=./utils/ExecutableDirs, appium:chromedriverChromeMappingFile=https://github.com/appium/appium-chromedriver/blob/master/config/mapping.json, browserName=Chrome, platformName=ANDROID, appium:deviceName=Pixel_XL_API_33, appium:automationName=ANDROID_UIAUTOMATOR2}], desiredCapabilities=Capabilities {appium:automationName: ANDROID_UIAUTOMATOR2, appium:chromedriverChromeMappingFile: https://github.com/appium/a..., appium:chromedriverExecutableDir: ./utils/ExecutableDirs, appium:deviceName: Pixel_XL_API_33, appium:udid: emulator-5554, browserName: Chrome, platformName: ANDROID}}]
Capabilities {appium:automationName: ANDROID_UIAUTOMATOR2, appium:chromedriverChromeMappingFile: https://github.com/appium/a..., appium:chromedriverExecutableDir: ./utils/ExecutableDirs, appium:deviceName: Pixel_XL_API_33, appium:udid: emulator-5554, browserName: Chrome, platformName: ANDROID}
at org.openqa.selenium.remote.ProtocolHandshake.createSession(ProtocolHandshake.java:136)
at io.appium.java_client.remote.AppiumProtocolHandshake.createSession(AppiumProtocolHandshake.java:133)
at io.appium.java_client.remote.AppiumProtocolHandshake.createSession(AppiumProtocolHandshake.java:102)
at io.appium.java_client.remote.AppiumCommandExecutor.createSession(AppiumCommandExecutor.java:182)
at io.appium.java_client.remote.AppiumCommandExecutor.execute(AppiumCommandExecutor.java:250)
at org.openqa.selenium.remote.RemoteWebDriver.execute(RemoteWebDriver.java:543)
at io.appium.java_client.AppiumDriver.startSession(AppiumDriver.java:274)
at org.openqa.selenium.remote.RemoteWebDriver.<init>(RemoteWebDriver.java:157)
at io.appium.java_client.AppiumDriver.<init>(AppiumDriver.java:89)
at io.appium.java_client.AppiumDriver.<init>(AppiumDriver.java:112)
at io.appium.java_client.AppiumDriver.<init>(AppiumDriver.java:137)
at io.appium.java_client.android.AndroidDriver.<init>(AndroidDriver.java:236)
at tests.BaseTest.setup(BaseTest.java:90)
at java.util.ArrayList.forEach(ArrayList.java:1257)
... Removed 39 stack frames]]>
    </failure>
  </testcase> <!-- @BeforeMethod setup -->
  <testcase name="@AfterMethod TearDown" time="0.0" classname="tests.BaseTest">
    <skipped/>
  </testcase> <!-- @AfterMethod TearDown -->
  <testcase name="@BeforeMethod setup" time="0.0" classname="tests.BaseTest">
    <skipped/>
  </testcase> <!-- @BeforeMethod setup -->
  <testcase name="@AfterMethod TearDown" time="0.0" classname="tests.BaseTest">
    <skipped/>
  </testcase> <!-- @AfterMethod TearDown -->
  <testcase name="@BeforeMethod setup" time="1.113" classname="tests.BaseTest">
    <failure type="org.openqa.selenium.SessionNotCreatedException" message="Could not start a new session. Response code 500. Message: An unknown server-side error occurred while processing the command. Original error: Could not find a driver for automationName &amp;apos;ANDROID_UIAUTOMATOR2&amp;apos; and platformName &amp;apos;ANDROID&amp;apos;. Have you installed a driver that supports those capabilities? Run &amp;apos;appium driver list --installed&amp;apos; to see. (Lower-level error: Could not find installed driver to support given caps) 
Host info: host: &amp;apos;LAPTOP-RMK290R9&amp;apos;, ip: &amp;apos;192.168.1.20&amp;apos;
Build info: version: &amp;apos;4.9.1&amp;apos;, revision: &amp;apos;eb2032df7f&amp;apos;
System info: os.name: &amp;apos;Windows 10&amp;apos;, os.arch: &amp;apos;amd64&amp;apos;, os.version: &amp;apos;10.0&amp;apos;, java.version: &amp;apos;1.8.0_211&amp;apos;
Driver info: io.appium.java_client.android.AndroidDriver
Command: [null, newSession {capabilities=[{appium:udid=emulator-5554, appium:chromedriverExecutableDir=./utils/ExecutableDirs, appium:chromedriverChromeMappingFile=https://github.com/appium/appium-chromedriver/blob/master/config/mapping.json, browserName=Chrome, platformName=ANDROID, appium:deviceName=Pixel_XL_API_33, appium:automationName=ANDROID_UIAUTOMATOR2}], desiredCapabilities=Capabilities {appium:automationName: ANDROID_UIAUTOMATOR2, appium:chromedriverChromeMappingFile: https://github.com/appium/a..., appium:chromedriverExecutableDir: ./utils/ExecutableDirs, appium:deviceName: Pixel_XL_API_33, appium:udid: emulator-5554, browserName: Chrome, platformName: ANDROID}}]
Capabilities {appium:automationName: ANDROID_UIAUTOMATOR2, appium:chromedriverChromeMappingFile: https://github.com/appium/a..., appium:chromedriverExecutableDir: ./utils/ExecutableDirs, appium:deviceName: Pixel_XL_API_33, appium:udid: emulator-5554, browserName: Chrome, platformName: ANDROID}">
      <![CDATA[org.openqa.selenium.SessionNotCreatedException: Could not start a new session. Response code 500. Message: An unknown server-side error occurred while processing the command. Original error: Could not find a driver for automationName 'ANDROID_UIAUTOMATOR2' and platformName 'ANDROID'. Have you installed a driver that supports those capabilities? Run 'appium driver list --installed' to see. (Lower-level error: Could not find installed driver to support given caps) 
Host info: host: 'LAPTOP-RMK290R9', ip: '192.168.1.20'
Build info: version: '4.9.1', revision: 'eb2032df7f'
System info: os.name: 'Windows 10', os.arch: 'amd64', os.version: '10.0', java.version: '1.8.0_211'
Driver info: io.appium.java_client.android.AndroidDriver
Command: [null, newSession {capabilities=[{appium:udid=emulator-5554, appium:chromedriverExecutableDir=./utils/ExecutableDirs, appium:chromedriverChromeMappingFile=https://github.com/appium/appium-chromedriver/blob/master/config/mapping.json, browserName=Chrome, platformName=ANDROID, appium:deviceName=Pixel_XL_API_33, appium:automationName=ANDROID_UIAUTOMATOR2}], desiredCapabilities=Capabilities {appium:automationName: ANDROID_UIAUTOMATOR2, appium:chromedriverChromeMappingFile: https://github.com/appium/a..., appium:chromedriverExecutableDir: ./utils/ExecutableDirs, appium:deviceName: Pixel_XL_API_33, appium:udid: emulator-5554, browserName: Chrome, platformName: ANDROID}}]
Capabilities {appium:automationName: ANDROID_UIAUTOMATOR2, appium:chromedriverChromeMappingFile: https://github.com/appium/a..., appium:chromedriverExecutableDir: ./utils/ExecutableDirs, appium:deviceName: Pixel_XL_API_33, appium:udid: emulator-5554, browserName: Chrome, platformName: ANDROID}
at org.openqa.selenium.remote.ProtocolHandshake.createSession(ProtocolHandshake.java:136)
at io.appium.java_client.remote.AppiumProtocolHandshake.createSession(AppiumProtocolHandshake.java:133)
at io.appium.java_client.remote.AppiumProtocolHandshake.createSession(AppiumProtocolHandshake.java:102)
at io.appium.java_client.remote.AppiumCommandExecutor.createSession(AppiumCommandExecutor.java:182)
at io.appium.java_client.remote.AppiumCommandExecutor.execute(AppiumCommandExecutor.java:250)
at org.openqa.selenium.remote.RemoteWebDriver.execute(RemoteWebDriver.java:543)
at io.appium.java_client.AppiumDriver.startSession(AppiumDriver.java:274)
at org.openqa.selenium.remote.RemoteWebDriver.<init>(RemoteWebDriver.java:157)
at io.appium.java_client.AppiumDriver.<init>(AppiumDriver.java:89)
at io.appium.java_client.AppiumDriver.<init>(AppiumDriver.java:112)
at io.appium.java_client.AppiumDriver.<init>(AppiumDriver.java:137)
at io.appium.java_client.android.AndroidDriver.<init>(AndroidDriver.java:236)
at tests.BaseTest.setup(BaseTest.java:90)
at java.util.ArrayList.forEach(ArrayList.java:1257)
... Removed 39 stack frames]]>
    </failure>
  </testcase> <!-- @BeforeMethod setup -->
  <testcase name="@AfterMethod TearDown" time="0.0" classname="tests.BaseTest">
    <skipped/>
  </testcase> <!-- @AfterMethod TearDown -->
  <testcase name="@BeforeMethod setup" time="0.0" classname="tests.BaseTest">
    <skipped/>
  </testcase> <!-- @BeforeMethod setup -->
  <testcase name="@AfterMethod TearDown" time="0.0" classname="tests.BaseTest">
    <skipped/>
  </testcase> <!-- @AfterMethod TearDown -->
  <testcase name="@BeforeMethod setup" time="0.0" classname="tests.BaseTest">
    <skipped/>
  </testcase> <!-- @BeforeMethod setup -->
  <testcase name="@AfterMethod TearDown" time="0.0" classname="tests.BaseTest">
    <skipped/>
  </testcase> <!-- @AfterMethod TearDown -->
  <testcase name="@BeforeMethod setup" time="0.0" classname="tests.BaseTest">
    <skipped/>
  </testcase> <!-- @BeforeMethod setup -->
  <testcase name="@AfterMethod TearDown" time="0.0" classname="tests.BaseTest">
    <skipped/>
  </testcase> <!-- @AfterMethod TearDown -->
  <testcase name="@BeforeMethod setup" time="1.189" classname="tests.BaseTest">
    <failure type="org.openqa.selenium.SessionNotCreatedException" message="Could not start a new session. Response code 500. Message: An unknown server-side error occurred while processing the command. Original error: Could not find a driver for automationName &amp;apos;ANDROID_UIAUTOMATOR2&amp;apos; and platformName &amp;apos;ANDROID&amp;apos;. Have you installed a driver that supports those capabilities? Run &amp;apos;appium driver list --installed&amp;apos; to see. (Lower-level error: Could not find installed driver to support given caps) 
Host info: host: &amp;apos;LAPTOP-RMK290R9&amp;apos;, ip: &amp;apos;192.168.1.20&amp;apos;
Build info: version: &amp;apos;4.9.1&amp;apos;, revision: &amp;apos;eb2032df7f&amp;apos;
System info: os.name: &amp;apos;Windows 10&amp;apos;, os.arch: &amp;apos;amd64&amp;apos;, os.version: &amp;apos;10.0&amp;apos;, java.version: &amp;apos;1.8.0_211&amp;apos;
Driver info: io.appium.java_client.android.AndroidDriver
Command: [null, newSession {capabilities=[{appium:udid=emulator-5554, appium:chromedriverExecutableDir=./utils/ExecutableDirs, appium:chromedriverChromeMappingFile=https://github.com/appium/appium-chromedriver/blob/master/config/mapping.json, browserName=Chrome, platformName=ANDROID, appium:deviceName=Pixel_XL_API_33, appium:automationName=ANDROID_UIAUTOMATOR2}], desiredCapabilities=Capabilities {appium:automationName: ANDROID_UIAUTOMATOR2, appium:chromedriverChromeMappingFile: https://github.com/appium/a..., appium:chromedriverExecutableDir: ./utils/ExecutableDirs, appium:deviceName: Pixel_XL_API_33, appium:udid: emulator-5554, browserName: Chrome, platformName: ANDROID}}]
Capabilities {appium:automationName: ANDROID_UIAUTOMATOR2, appium:chromedriverChromeMappingFile: https://github.com/appium/a..., appium:chromedriverExecutableDir: ./utils/ExecutableDirs, appium:deviceName: Pixel_XL_API_33, appium:udid: emulator-5554, browserName: Chrome, platformName: ANDROID}">
      <![CDATA[org.openqa.selenium.SessionNotCreatedException: Could not start a new session. Response code 500. Message: An unknown server-side error occurred while processing the command. Original error: Could not find a driver for automationName 'ANDROID_UIAUTOMATOR2' and platformName 'ANDROID'. Have you installed a driver that supports those capabilities? Run 'appium driver list --installed' to see. (Lower-level error: Could not find installed driver to support given caps) 
Host info: host: 'LAPTOP-RMK290R9', ip: '192.168.1.20'
Build info: version: '4.9.1', revision: 'eb2032df7f'
System info: os.name: 'Windows 10', os.arch: 'amd64', os.version: '10.0', java.version: '1.8.0_211'
Driver info: io.appium.java_client.android.AndroidDriver
Command: [null, newSession {capabilities=[{appium:udid=emulator-5554, appium:chromedriverExecutableDir=./utils/ExecutableDirs, appium:chromedriverChromeMappingFile=https://github.com/appium/appium-chromedriver/blob/master/config/mapping.json, browserName=Chrome, platformName=ANDROID, appium:deviceName=Pixel_XL_API_33, appium:automationName=ANDROID_UIAUTOMATOR2}], desiredCapabilities=Capabilities {appium:automationName: ANDROID_UIAUTOMATOR2, appium:chromedriverChromeMappingFile: https://github.com/appium/a..., appium:chromedriverExecutableDir: ./utils/ExecutableDirs, appium:deviceName: Pixel_XL_API_33, appium:udid: emulator-5554, browserName: Chrome, platformName: ANDROID}}]
Capabilities {appium:automationName: ANDROID_UIAUTOMATOR2, appium:chromedriverChromeMappingFile: https://github.com/appium/a..., appium:chromedriverExecutableDir: ./utils/ExecutableDirs, appium:deviceName: Pixel_XL_API_33, appium:udid: emulator-5554, browserName: Chrome, platformName: ANDROID}
at org.openqa.selenium.remote.ProtocolHandshake.createSession(ProtocolHandshake.java:136)
at io.appium.java_client.remote.AppiumProtocolHandshake.createSession(AppiumProtocolHandshake.java:133)
at io.appium.java_client.remote.AppiumProtocolHandshake.createSession(AppiumProtocolHandshake.java:102)
at io.appium.java_client.remote.AppiumCommandExecutor.createSession(AppiumCommandExecutor.java:182)
at io.appium.java_client.remote.AppiumCommandExecutor.execute(AppiumCommandExecutor.java:250)
at org.openqa.selenium.remote.RemoteWebDriver.execute(RemoteWebDriver.java:543)
at io.appium.java_client.AppiumDriver.startSession(AppiumDriver.java:274)
at org.openqa.selenium.remote.RemoteWebDriver.<init>(RemoteWebDriver.java:157)
at io.appium.java_client.AppiumDriver.<init>(AppiumDriver.java:89)
at io.appium.java_client.AppiumDriver.<init>(AppiumDriver.java:112)
at io.appium.java_client.AppiumDriver.<init>(AppiumDriver.java:137)
at io.appium.java_client.android.AndroidDriver.<init>(AndroidDriver.java:236)
at tests.BaseTest.setup(BaseTest.java:90)
at java.util.ArrayList.forEach(ArrayList.java:1257)
... Removed 39 stack frames]]>
    </failure>
  </testcase> <!-- @BeforeMethod setup -->
  <testcase name="@AfterMethod TearDown" time="0.0" classname="tests.BaseTest">
    <skipped/>
  </testcase> <!-- @AfterMethod TearDown -->
  <testcase name="@BeforeMethod setup" time="0.0" classname="tests.BaseTest">
    <skipped/>
  </testcase> <!-- @BeforeMethod setup -->
  <testcase name="@AfterMethod TearDown" time="0.0" classname="tests.BaseTest">
    <skipped/>
  </testcase> <!-- @AfterMethod TearDown -->
  <testcase name="@BeforeMethod setup" time="1.318" classname="tests.BaseTest">
    <failure type="org.openqa.selenium.SessionNotCreatedException" message="Could not start a new session. Response code 500. Message: An unknown server-side error occurred while processing the command. Original error: Could not find a driver for automationName &amp;apos;ANDROID_UIAUTOMATOR2&amp;apos; and platformName &amp;apos;ANDROID&amp;apos;. Have you installed a driver that supports those capabilities? Run &amp;apos;appium driver list --installed&amp;apos; to see. (Lower-level error: Could not find installed driver to support given caps) 
Host info: host: &amp;apos;LAPTOP-RMK290R9&amp;apos;, ip: &amp;apos;192.168.1.20&amp;apos;
Build info: version: &amp;apos;4.9.1&amp;apos;, revision: &amp;apos;eb2032df7f&amp;apos;
System info: os.name: &amp;apos;Windows 10&amp;apos;, os.arch: &amp;apos;amd64&amp;apos;, os.version: &amp;apos;10.0&amp;apos;, java.version: &amp;apos;1.8.0_211&amp;apos;
Driver info: io.appium.java_client.android.AndroidDriver
Command: [null, newSession {capabilities=[{appium:udid=emulator-5554, appium:chromedriverExecutableDir=./utils/ExecutableDirs, appium:chromedriverChromeMappingFile=https://github.com/appium/appium-chromedriver/blob/master/config/mapping.json, browserName=Chrome, platformName=ANDROID, appium:deviceName=Pixel_XL_API_33, appium:automationName=ANDROID_UIAUTOMATOR2}], desiredCapabilities=Capabilities {appium:automationName: ANDROID_UIAUTOMATOR2, appium:chromedriverChromeMappingFile: https://github.com/appium/a..., appium:chromedriverExecutableDir: ./utils/ExecutableDirs, appium:deviceName: Pixel_XL_API_33, appium:udid: emulator-5554, browserName: Chrome, platformName: ANDROID}}]
Capabilities {appium:automationName: ANDROID_UIAUTOMATOR2, appium:chromedriverChromeMappingFile: https://github.com/appium/a..., appium:chromedriverExecutableDir: ./utils/ExecutableDirs, appium:deviceName: Pixel_XL_API_33, appium:udid: emulator-5554, browserName: Chrome, platformName: ANDROID}">
      <![CDATA[org.openqa.selenium.SessionNotCreatedException: Could not start a new session. Response code 500. Message: An unknown server-side error occurred while processing the command. Original error: Could not find a driver for automationName 'ANDROID_UIAUTOMATOR2' and platformName 'ANDROID'. Have you installed a driver that supports those capabilities? Run 'appium driver list --installed' to see. (Lower-level error: Could not find installed driver to support given caps) 
Host info: host: 'LAPTOP-RMK290R9', ip: '192.168.1.20'
Build info: version: '4.9.1', revision: 'eb2032df7f'
System info: os.name: 'Windows 10', os.arch: 'amd64', os.version: '10.0', java.version: '1.8.0_211'
Driver info: io.appium.java_client.android.AndroidDriver
Command: [null, newSession {capabilities=[{appium:udid=emulator-5554, appium:chromedriverExecutableDir=./utils/ExecutableDirs, appium:chromedriverChromeMappingFile=https://github.com/appium/appium-chromedriver/blob/master/config/mapping.json, browserName=Chrome, platformName=ANDROID, appium:deviceName=Pixel_XL_API_33, appium:automationName=ANDROID_UIAUTOMATOR2}], desiredCapabilities=Capabilities {appium:automationName: ANDROID_UIAUTOMATOR2, appium:chromedriverChromeMappingFile: https://github.com/appium/a..., appium:chromedriverExecutableDir: ./utils/ExecutableDirs, appium:deviceName: Pixel_XL_API_33, appium:udid: emulator-5554, browserName: Chrome, platformName: ANDROID}}]
Capabilities {appium:automationName: ANDROID_UIAUTOMATOR2, appium:chromedriverChromeMappingFile: https://github.com/appium/a..., appium:chromedriverExecutableDir: ./utils/ExecutableDirs, appium:deviceName: Pixel_XL_API_33, appium:udid: emulator-5554, browserName: Chrome, platformName: ANDROID}
at org.openqa.selenium.remote.ProtocolHandshake.createSession(ProtocolHandshake.java:136)
at io.appium.java_client.remote.AppiumProtocolHandshake.createSession(AppiumProtocolHandshake.java:133)
at io.appium.java_client.remote.AppiumProtocolHandshake.createSession(AppiumProtocolHandshake.java:102)
at io.appium.java_client.remote.AppiumCommandExecutor.createSession(AppiumCommandExecutor.java:182)
at io.appium.java_client.remote.AppiumCommandExecutor.execute(AppiumCommandExecutor.java:250)
at org.openqa.selenium.remote.RemoteWebDriver.execute(RemoteWebDriver.java:543)
at io.appium.java_client.AppiumDriver.startSession(AppiumDriver.java:274)
at org.openqa.selenium.remote.RemoteWebDriver.<init>(RemoteWebDriver.java:157)
at io.appium.java_client.AppiumDriver.<init>(AppiumDriver.java:89)
at io.appium.java_client.AppiumDriver.<init>(AppiumDriver.java:112)
at io.appium.java_client.AppiumDriver.<init>(AppiumDriver.java:137)
at io.appium.java_client.android.AndroidDriver.<init>(AndroidDriver.java:236)
at tests.BaseTest.setup(BaseTest.java:90)
at java.util.ArrayList.forEach(ArrayList.java:1257)
... Removed 39 stack frames]]>
    </failure>
  </testcase> <!-- @BeforeMethod setup -->
  <testcase name="@AfterMethod TearDown" time="0.0" classname="tests.BaseTest">
    <skipped/>
  </testcase> <!-- @AfterMethod TearDown -->
  <testcase name="@BeforeMethod setup" time="0.0" classname="tests.BaseTest">
    <skipped/>
  </testcase> <!-- @BeforeMethod setup -->
  <testcase name="@AfterMethod TearDown" time="0.0" classname="tests.BaseTest">
    <skipped/>
  </testcase> <!-- @AfterMethod TearDown -->
  <testcase name="@BeforeMethod setup" time="0.0" classname="tests.BaseTest">
    <skipped/>
  </testcase> <!-- @BeforeMethod setup -->
  <testcase name="@AfterMethod TearDown" time="0.0" classname="tests.BaseTest">
    <skipped/>
  </testcase> <!-- @AfterMethod TearDown -->
  <testcase name="@BeforeMethod setup" time="0.0" classname="tests.BaseTest">
    <skipped/>
  </testcase> <!-- @BeforeMethod setup -->
  <testcase name="@AfterMethod TearDown" time="0.0" classname="tests.BaseTest">
    <skipped/>
  </testcase> <!-- @AfterMethod TearDown -->
  <testcase name="@BeforeMethod setup" time="0.0" classname="tests.BaseTest">
    <skipped/>
  </testcase> <!-- @BeforeMethod setup -->
  <testcase name="@AfterMethod TearDown" time="0.0" classname="tests.BaseTest">
    <skipped/>
  </testcase> <!-- @AfterMethod TearDown -->
  <testcase name="@BeforeMethod setup" time="0.0" classname="tests.BaseTest">
    <skipped/>
  </testcase> <!-- @BeforeMethod setup -->
  <testcase name="@AfterMethod TearDown" time="0.0" classname="tests.BaseTest">
    <skipped/>
  </testcase> <!-- @AfterMethod TearDown -->
  <testcase name="@BeforeMethod setup" time="0.0" classname="tests.BaseTest">
    <skipped/>
  </testcase> <!-- @BeforeMethod setup -->
  <testcase name="@AfterMethod TearDown" time="0.0" classname="tests.BaseTest">
    <skipped/>
  </testcase> <!-- @AfterMethod TearDown -->
  <testcase name="@BeforeMethod setup" time="1.453" classname="tests.BaseTest">
    <failure type="org.openqa.selenium.SessionNotCreatedException" message="Could not start a new session. Response code 500. Message: An unknown server-side error occurred while processing the command. Original error: Could not find a driver for automationName &amp;apos;ANDROID_UIAUTOMATOR2&amp;apos; and platformName &amp;apos;ANDROID&amp;apos;. Have you installed a driver that supports those capabilities? Run &amp;apos;appium driver list --installed&amp;apos; to see. (Lower-level error: Could not find installed driver to support given caps) 
Host info: host: &amp;apos;LAPTOP-RMK290R9&amp;apos;, ip: &amp;apos;192.168.1.20&amp;apos;
Build info: version: &amp;apos;4.9.1&amp;apos;, revision: &amp;apos;eb2032df7f&amp;apos;
System info: os.name: &amp;apos;Windows 10&amp;apos;, os.arch: &amp;apos;amd64&amp;apos;, os.version: &amp;apos;10.0&amp;apos;, java.version: &amp;apos;1.8.0_211&amp;apos;
Driver info: io.appium.java_client.android.AndroidDriver
Command: [null, newSession {capabilities=[{appium:udid=emulator-5554, appium:chromedriverExecutableDir=./utils/ExecutableDirs, appium:chromedriverChromeMappingFile=https://github.com/appium/appium-chromedriver/blob/master/config/mapping.json, browserName=Chrome, platformName=ANDROID, appium:deviceName=Pixel_XL_API_33, appium:automationName=ANDROID_UIAUTOMATOR2}], desiredCapabilities=Capabilities {appium:automationName: ANDROID_UIAUTOMATOR2, appium:chromedriverChromeMappingFile: https://github.com/appium/a..., appium:chromedriverExecutableDir: ./utils/ExecutableDirs, appium:deviceName: Pixel_XL_API_33, appium:udid: emulator-5554, browserName: Chrome, platformName: ANDROID}}]
Capabilities {appium:automationName: ANDROID_UIAUTOMATOR2, appium:chromedriverChromeMappingFile: https://github.com/appium/a..., appium:chromedriverExecutableDir: ./utils/ExecutableDirs, appium:deviceName: Pixel_XL_API_33, appium:udid: emulator-5554, browserName: Chrome, platformName: ANDROID}">
      <![CDATA[org.openqa.selenium.SessionNotCreatedException: Could not start a new session. Response code 500. Message: An unknown server-side error occurred while processing the command. Original error: Could not find a driver for automationName 'ANDROID_UIAUTOMATOR2' and platformName 'ANDROID'. Have you installed a driver that supports those capabilities? Run 'appium driver list --installed' to see. (Lower-level error: Could not find installed driver to support given caps) 
Host info: host: 'LAPTOP-RMK290R9', ip: '192.168.1.20'
Build info: version: '4.9.1', revision: 'eb2032df7f'
System info: os.name: 'Windows 10', os.arch: 'amd64', os.version: '10.0', java.version: '1.8.0_211'
Driver info: io.appium.java_client.android.AndroidDriver
Command: [null, newSession {capabilities=[{appium:udid=emulator-5554, appium:chromedriverExecutableDir=./utils/ExecutableDirs, appium:chromedriverChromeMappingFile=https://github.com/appium/appium-chromedriver/blob/master/config/mapping.json, browserName=Chrome, platformName=ANDROID, appium:deviceName=Pixel_XL_API_33, appium:automationName=ANDROID_UIAUTOMATOR2}], desiredCapabilities=Capabilities {appium:automationName: ANDROID_UIAUTOMATOR2, appium:chromedriverChromeMappingFile: https://github.com/appium/a..., appium:chromedriverExecutableDir: ./utils/ExecutableDirs, appium:deviceName: Pixel_XL_API_33, appium:udid: emulator-5554, browserName: Chrome, platformName: ANDROID}}]
Capabilities {appium:automationName: ANDROID_UIAUTOMATOR2, appium:chromedriverChromeMappingFile: https://github.com/appium/a..., appium:chromedriverExecutableDir: ./utils/ExecutableDirs, appium:deviceName: Pixel_XL_API_33, appium:udid: emulator-5554, browserName: Chrome, platformName: ANDROID}
at org.openqa.selenium.remote.ProtocolHandshake.createSession(ProtocolHandshake.java:136)
at io.appium.java_client.remote.AppiumProtocolHandshake.createSession(AppiumProtocolHandshake.java:133)
at io.appium.java_client.remote.AppiumProtocolHandshake.createSession(AppiumProtocolHandshake.java:102)
at io.appium.java_client.remote.AppiumCommandExecutor.createSession(AppiumCommandExecutor.java:182)
at io.appium.java_client.remote.AppiumCommandExecutor.execute(AppiumCommandExecutor.java:250)
at org.openqa.selenium.remote.RemoteWebDriver.execute(RemoteWebDriver.java:543)
at io.appium.java_client.AppiumDriver.startSession(AppiumDriver.java:274)
at org.openqa.selenium.remote.RemoteWebDriver.<init>(RemoteWebDriver.java:157)
at io.appium.java_client.AppiumDriver.<init>(AppiumDriver.java:89)
at io.appium.java_client.AppiumDriver.<init>(AppiumDriver.java:112)
at io.appium.java_client.AppiumDriver.<init>(AppiumDriver.java:137)
at io.appium.java_client.android.AndroidDriver.<init>(AndroidDriver.java:236)
at tests.BaseTest.setup(BaseTest.java:90)
at java.util.ArrayList.forEach(ArrayList.java:1257)
... Removed 39 stack frames]]>
    </failure>
  </testcase> <!-- @BeforeMethod setup -->
  <testcase name="@AfterMethod TearDown" time="0.0" classname="tests.BaseTest">
    <skipped/>
  </testcase> <!-- @AfterMethod TearDown -->
  <testcase name="@BeforeMethod setup" time="0.0" classname="tests.BaseTest">
    <skipped/>
  </testcase> <!-- @BeforeMethod setup -->
  <testcase name="@AfterMethod TearDown" time="0.0" classname="tests.BaseTest">
    <skipped/>
  </testcase> <!-- @AfterMethod TearDown -->
  <testcase name="@BeforeMethod setup" time="0.0" classname="tests.BaseTest">
    <skipped/>
  </testcase> <!-- @BeforeMethod setup -->
  <testcase name="@AfterMethod TearDown" time="0.0" classname="tests.BaseTest">
    <skipped/>
  </testcase> <!-- @AfterMethod TearDown -->
  <testcase name="@BeforeMethod setup" time="0.0" classname="tests.BaseTest">
    <skipped/>
  </testcase> <!-- @BeforeMethod setup -->
  <testcase name="@AfterMethod TearDown" time="0.0" classname="tests.BaseTest">
    <skipped/>
  </testcase> <!-- @AfterMethod TearDown -->
  <testcase name="@BeforeMethod setup" time="0.0" classname="tests.BaseTest">
    <skipped/>
  </testcase> <!-- @BeforeMethod setup -->
  <testcase name="@AfterMethod TearDown" time="0.0" classname="tests.BaseTest">
    <skipped/>
  </testcase> <!-- @AfterMethod TearDown -->
  <testcase name="@BeforeMethod setup" time="1.764" classname="tests.BaseTest">
    <failure type="org.openqa.selenium.SessionNotCreatedException" message="Could not start a new session. Response code 500. Message: An unknown server-side error occurred while processing the command. Original error: Could not find a driver for automationName &amp;apos;ANDROID_UIAUTOMATOR2&amp;apos; and platformName &amp;apos;ANDROID&amp;apos;. Have you installed a driver that supports those capabilities? Run &amp;apos;appium driver list --installed&amp;apos; to see. (Lower-level error: Could not find installed driver to support given caps) 
Host info: host: &amp;apos;LAPTOP-RMK290R9&amp;apos;, ip: &amp;apos;192.168.1.20&amp;apos;
Build info: version: &amp;apos;4.9.1&amp;apos;, revision: &amp;apos;eb2032df7f&amp;apos;
System info: os.name: &amp;apos;Windows 10&amp;apos;, os.arch: &amp;apos;amd64&amp;apos;, os.version: &amp;apos;10.0&amp;apos;, java.version: &amp;apos;1.8.0_211&amp;apos;
Driver info: io.appium.java_client.android.AndroidDriver
Command: [null, newSession {capabilities=[{appium:udid=emulator-5554, appium:chromedriverExecutableDir=./utils/ExecutableDirs, appium:chromedriverChromeMappingFile=https://github.com/appium/appium-chromedriver/blob/master/config/mapping.json, browserName=Chrome, platformName=ANDROID, appium:deviceName=Pixel_XL_API_33, appium:automationName=ANDROID_UIAUTOMATOR2}], desiredCapabilities=Capabilities {appium:automationName: ANDROID_UIAUTOMATOR2, appium:chromedriverChromeMappingFile: https://github.com/appium/a..., appium:chromedriverExecutableDir: ./utils/ExecutableDirs, appium:deviceName: Pixel_XL_API_33, appium:udid: emulator-5554, browserName: Chrome, platformName: ANDROID}}]
Capabilities {appium:automationName: ANDROID_UIAUTOMATOR2, appium:chromedriverChromeMappingFile: https://github.com/appium/a..., appium:chromedriverExecutableDir: ./utils/ExecutableDirs, appium:deviceName: Pixel_XL_API_33, appium:udid: emulator-5554, browserName: Chrome, platformName: ANDROID}">
      <![CDATA[org.openqa.selenium.SessionNotCreatedException: Could not start a new session. Response code 500. Message: An unknown server-side error occurred while processing the command. Original error: Could not find a driver for automationName 'ANDROID_UIAUTOMATOR2' and platformName 'ANDROID'. Have you installed a driver that supports those capabilities? Run 'appium driver list --installed' to see. (Lower-level error: Could not find installed driver to support given caps) 
Host info: host: 'LAPTOP-RMK290R9', ip: '192.168.1.20'
Build info: version: '4.9.1', revision: 'eb2032df7f'
System info: os.name: 'Windows 10', os.arch: 'amd64', os.version: '10.0', java.version: '1.8.0_211'
Driver info: io.appium.java_client.android.AndroidDriver
Command: [null, newSession {capabilities=[{appium:udid=emulator-5554, appium:chromedriverExecutableDir=./utils/ExecutableDirs, appium:chromedriverChromeMappingFile=https://github.com/appium/appium-chromedriver/blob/master/config/mapping.json, browserName=Chrome, platformName=ANDROID, appium:deviceName=Pixel_XL_API_33, appium:automationName=ANDROID_UIAUTOMATOR2}], desiredCapabilities=Capabilities {appium:automationName: ANDROID_UIAUTOMATOR2, appium:chromedriverChromeMappingFile: https://github.com/appium/a..., appium:chromedriverExecutableDir: ./utils/ExecutableDirs, appium:deviceName: Pixel_XL_API_33, appium:udid: emulator-5554, browserName: Chrome, platformName: ANDROID}}]
Capabilities {appium:automationName: ANDROID_UIAUTOMATOR2, appium:chromedriverChromeMappingFile: https://github.com/appium/a..., appium:chromedriverExecutableDir: ./utils/ExecutableDirs, appium:deviceName: Pixel_XL_API_33, appium:udid: emulator-5554, browserName: Chrome, platformName: ANDROID}
at org.openqa.selenium.remote.ProtocolHandshake.createSession(ProtocolHandshake.java:136)
at io.appium.java_client.remote.AppiumProtocolHandshake.createSession(AppiumProtocolHandshake.java:133)
at io.appium.java_client.remote.AppiumProtocolHandshake.createSession(AppiumProtocolHandshake.java:102)
at io.appium.java_client.remote.AppiumCommandExecutor.createSession(AppiumCommandExecutor.java:182)
at io.appium.java_client.remote.AppiumCommandExecutor.execute(AppiumCommandExecutor.java:250)
at org.openqa.selenium.remote.RemoteWebDriver.execute(RemoteWebDriver.java:543)
at io.appium.java_client.AppiumDriver.startSession(AppiumDriver.java:274)
at org.openqa.selenium.remote.RemoteWebDriver.<init>(RemoteWebDriver.java:157)
at io.appium.java_client.AppiumDriver.<init>(AppiumDriver.java:89)
at io.appium.java_client.AppiumDriver.<init>(AppiumDriver.java:112)
at io.appium.java_client.AppiumDriver.<init>(AppiumDriver.java:137)
at io.appium.java_client.android.AndroidDriver.<init>(AndroidDriver.java:236)
at tests.BaseTest.setup(BaseTest.java:90)
at java.util.ArrayList.forEach(ArrayList.java:1257)
... Removed 39 stack frames]]>
    </failure>
  </testcase> <!-- @BeforeMethod setup -->
  <testcase name="@AfterMethod TearDown" time="0.0" classname="tests.BaseTest">
    <skipped/>
  </testcase> <!-- @AfterMethod TearDown -->
  <testcase name="@BeforeMethod setup" time="0.0" classname="tests.BaseTest">
    <skipped/>
  </testcase> <!-- @BeforeMethod setup -->
  <testcase name="@AfterMethod TearDown" time="0.0" classname="tests.BaseTest">
    <skipped/>
  </testcase> <!-- @AfterMethod TearDown -->
  <testcase name="tc01_userLogin" time="0.0" classname="tests.t1_Login">
    <skipped/>
  </testcase> <!-- tc01_userLogin -->
  <testcase name="tc01_userLogin" time="0.0" classname="tests.t1_Login">
    <skipped/>
  </testcase> <!-- tc01_userLogin -->
  <testcase name="tc01_userLogin" time="0.0" classname="tests.t1_Login">
    <skipped/>
  </testcase> <!-- tc01_userLogin -->
  <testcase name="tc01_userLogin" time="0.0" classname="tests.t1_Login">
    <skipped/>
  </testcase> <!-- tc01_userLogin -->
  <testcase name="tc01_userLogin" time="0.0" classname="tests.t1_Login">
    <skipped/>
  </testcase> <!-- tc01_userLogin -->
  <testcase name="tc01_userLogin" time="0.0" classname="tests.t1_Login">
    <skipped/>
  </testcase> <!-- tc01_userLogin -->
  <testcase name="tc01_userLogin" time="0.0" classname="tests.t1_Login">
    <skipped/>
  </testcase> <!-- tc01_userLogin -->
  <testcase name="tc01_userLogin" time="0.0" classname="tests.t1_Login">
    <skipped/>
  </testcase> <!-- tc01_userLogin -->
  <testcase name="tc01_userLogin" time="0.0" classname="tests.t1_Login">
    <skipped/>
  </testcase> <!-- tc01_userLogin -->
  <testcase name="tc01_userLogin" time="0.0" classname="tests.t1_Login">
    <skipped/>
  </testcase> <!-- tc01_userLogin -->
  <testcase name="tc01_AddItemsFromProductsPage" time="0.0" classname="tests.t2_AddProducts">
    <skipped/>
  </testcase> <!-- tc01_AddItemsFromProductsPage -->
  <testcase name="tc02_AddItemsFromProductPage" time="0.001" classname="tests.t2_AddProducts">
    <skipped/>
  </testcase> <!-- tc02_AddItemsFromProductPage -->
  <testcase name="tc01_removeItemsFromProductPage" time="0.0" classname="tests.t3_RemoveProducts">
    <skipped/>
  </testcase> <!-- tc01_removeItemsFromProductPage -->
  <testcase name="tc01_removeItemsFromProductsPage" time="0.0" classname="tests.t3_RemoveProducts">
    <skipped/>
  </testcase> <!-- tc01_removeItemsFromProductsPage -->
  <testcase name="tc01_addProductsFromProductsPageAndBuy" time="0.0" classname="tests.t4_BuyProducts">
    <skipped/>
  </testcase> <!-- tc01_addProductsFromProductsPageAndBuy -->
  <testcase name="tc02_addProductsFromProductPageAndBuy" time="0.0" classname="tests.t4_BuyProducts">
    <skipped/>
  </testcase> <!-- tc02_addProductsFromProductPageAndBuy -->
  <testcase name="tc03_AddProductsFromProductsPageRemoveSomeAndBuy" time="0.0" classname="tests.t4_BuyProducts">
    <skipped/>
  </testcase> <!-- tc03_AddProductsFromProductsPageRemoveSomeAndBuy -->
  <testcase name="tc04_addProductsFromProductPageRemoveSomeAndBuy" time="0.0" classname="tests.t4_BuyProducts">
    <skipped/>
  </testcase> <!-- tc04_addProductsFromProductPageRemoveSomeAndBuy -->
  <testcase name="tc01_addProductsGoToCheckoutAndContinueShopping" time="0.0" classname="tests.t5_ContinueShopping">
    <skipped/>
  </testcase> <!-- tc01_addProductsGoToCheckoutAndContinueShopping -->
  <testcase name="tc01_addProductsGoToPaymentAndCancel" time="0.0" classname="tests.t5_ContinueShopping">
    <skipped/>
  </testcase> <!-- tc01_addProductsGoToPaymentAndCancel -->
  <testcase name="tc01_fillAllFields" time="0.0" classname="tests.t6_CheckoutInformationFields">
    <skipped/>
  </testcase> <!-- tc01_fillAllFields -->
  <testcase name="tc02_fillOnlyFirstNameField" time="0.0" classname="tests.t6_CheckoutInformationFields">
    <skipped/>
  </testcase> <!-- tc02_fillOnlyFirstNameField -->
  <testcase name="tc03_fillOnlyLastNameField" time="0.0" classname="tests.t6_CheckoutInformationFields">
    <skipped/>
  </testcase> <!-- tc03_fillOnlyLastNameField -->
  <testcase name="tc04_fillOnlyZipCodeField" time="0.001" classname="tests.t6_CheckoutInformationFields">
    <skipped/>
  </testcase> <!-- tc04_fillOnlyZipCodeField -->
  <testcase name="tc05_fillOnlyFirstAndLastNameFields" time="0.0" classname="tests.t6_CheckoutInformationFields">
    <skipped/>
  </testcase> <!-- tc05_fillOnlyFirstAndLastNameFields -->
  <testcase name="tc06_fillOnlyFirstNameZipCodeFields" time="0.0" classname="tests.t6_CheckoutInformationFields">
    <skipped/>
  </testcase> <!-- tc06_fillOnlyFirstNameZipCodeFields -->
  <testcase name="tc07_fillOnlyLastNameAndZipCodeFields" time="0.0" classname="tests.t6_CheckoutInformationFields">
    <skipped/>
  </testcase> <!-- tc07_fillOnlyLastNameAndZipCodeFields -->
  <testcase name="tc01_addAndGoStraightToCheckout" time="0.0" classname="tests.t7_PriceCalculation">
    <skipped/>
  </testcase> <!-- tc01_addAndGoStraightToCheckout -->
  <testcase name="tc02_addRemoveAndGoToCheckout" time="0.0" classname="tests.t7_PriceCalculation">
    <skipped/>
  </testcase> <!-- tc02_addRemoveAndGoToCheckout -->
  <testcase name="tc03_AddRemoveAddAndRemoveFromCart" time="0.0" classname="tests.t7_PriceCalculation">
    <skipped/>
  </testcase> <!-- tc03_AddRemoveAddAndRemoveFromCart -->
  <testcase name="tc04addRemoveAddAndRemoveFromCartRefreshThePageLogOutAndLogInAgain" time="0.001" classname="tests.t7_PriceCalculation">
    <skipped/>
  </testcase> <!-- tc04addRemoveAddAndRemoveFromCartRefreshThePageLogOutAndLogInAgain -->
  <testcase name="tc05_addRemoveFromCartAndClickCart" time="0.0" classname="tests.t7_PriceCalculation">
    <skipped/>
  </testcase> <!-- tc05_addRemoveFromCartAndClickCart -->
  <testcase name="tc01_verifySocialMediaLinksInProductPage" time="0.0" classname="tests.t8_SocialMediaLinks">
    <skipped/>
  </testcase> <!-- tc01_verifySocialMediaLinksInProductPage -->
  <testcase name="tc01_verifySocialMediaLinksInProductsPage" time="0.0" classname="tests.t8_SocialMediaLinks">
    <skipped/>
  </testcase> <!-- tc01_verifySocialMediaLinksInProductsPage -->
</testsuite> <!-- test1 -->
