<html>
<head>
<title>TestNG:  test1</title>
<link href="../testng.css" rel="stylesheet" type="text/css" />
<link href="../my-testng.css" rel="stylesheet" type="text/css" />

<style type="text/css">
.log { display: none;} 
.stack-trace { display: none;} 
</style>
<script type="text/javascript">
<!--
function flip(e) {
  current = e.style.display;
  if (current == 'block') {
    e.style.display = 'none';
    return 0;
  }
  else {
    e.style.display = 'block';
    return 1;
  }
}

function toggleBox(szDivId, elem, msg1, msg2)
{
  var res = -1;  if (document.getElementById) {
    res = flip(document.getElementById(szDivId));
  }
  else if (document.all) {
    // this is the way old msie versions work
    res = flip(document.all[szDivId]);
  }
  if(elem) {
    if(res == 0) elem.innerHTML = msg1; else elem.innerHTML = msg2;
  }

}

function toggleAllBoxes() {
  if (document.getElementsByTagName) {
    d = document.getElementsByTagName('div');
    for (i = 0; i < d.length; i++) {
      if (d[i].className == 'log') {
        flip(d[i]);
      }
    }
  }
}

// -->
</script>

</head>
<body>
<h2 align='center'>test1</h2><table border='1' align="center">
<tr>
<td>Tests passed/Failed/Skipped:</td><td>33/1/0</td>
</tr><tr>
<td>Started on:</td><td>Sun Aug 13 16:37:54 IDT 2023</td>
</tr>
<tr><td>Total time:</td><td>185 seconds (185042 ms)</td>
</tr><tr>
<td>Included groups:</td><td></td>
</tr><tr>
<td>Excluded groups:</td><td></td>
</tr>
</table><p/>
<small><i>(Hover the method name to see the test class name)</i></small><p/>
<table width='100%' border='1' class='invocation-failed'>
<tr><td colspan='4' align='center'><b>FAILED TESTS</b></td></tr>
<tr><td><b>Test method</b></td>
<td width="30%"><b>Exception</b></td>
<td width="10%"><b>Time (seconds)</b></td>
<td><b>Instance</b></td>
</tr>
<tr>
<td title='tests.t7_PriceCalculation.tc05_addRemoveFromCartAndClickCart()'><b>tc05_addRemoveFromCartAndClickCart</b><br>Test class: tests.t7_PriceCalculation</td>
<td><div><pre>java.lang.AssertionError: Item &apos;Sauce Labs Bolt T-Shirt&apos; was not found in the cart
	at pageobjects.CartPage.isInCartByArray(CartPage.java:39)
	at tests.t7_PriceCalculation.tc05_addRemoveFromCartAndClickCart(t7_PriceCalculation.java:84)
	at java.util.ArrayList.forEach(ArrayList.java:1257)
... Removed 31 stack frames</pre></div><a href='#' onClick='toggleBox("stack-trace1039101919", this, "Click to show all stack frames", "Click to hide stack frames")'>Click to show all stack frames</a>
<div class='stack-trace' id='stack-trace1039101919'><pre>java.lang.AssertionError: Item &apos;Sauce Labs Bolt T-Shirt&apos; was not found in the cart
	at pageobjects.CartPage.isInCartByArray(CartPage.java:39)
	at tests.t7_PriceCalculation.tc05_addRemoveFromCartAndClickCart(t7_PriceCalculation.java:84)
	at sun.reflect.NativeMethodAccessorImpl.invoke0(Native Method)
	at sun.reflect.NativeMethodAccessorImpl.invoke(NativeMethodAccessorImpl.java:62)
	at sun.reflect.DelegatingMethodAccessorImpl.invoke(DelegatingMethodAccessorImpl.java:43)
	at java.lang.reflect.Method.invoke(Method.java:498)
	at org.testng.internal.invokers.MethodInvocationHelper.invokeMethod(MethodInvocationHelper.java:135)
	at org.testng.internal.invokers.TestInvoker.invokeMethod(TestInvoker.java:673)
	at org.testng.internal.invokers.TestInvoker.invokeTestMethod(TestInvoker.java:220)
	at org.testng.internal.invokers.MethodRunner.runInSequence(MethodRunner.java:50)
	at org.testng.internal.invokers.TestInvoker$MethodInvocationAgent.invoke(TestInvoker.java:945)
	at org.testng.internal.invokers.TestInvoker.invokeTestMethods(TestInvoker.java:193)
	at org.testng.internal.invokers.TestMethodWorker.invokeTestMethods(TestMethodWorker.java:146)
	at org.testng.internal.invokers.TestMethodWorker.run(TestMethodWorker.java:128)
	at java.util.ArrayList.forEach(ArrayList.java:1257)
	at org.testng.TestRunner.privateRun(TestRunner.java:808)
	at org.testng.TestRunner.run(TestRunner.java:603)
	at org.testng.SuiteRunner.runTest(SuiteRunner.java:429)
	at org.testng.SuiteRunner.runSequentially(SuiteRunner.java:423)
	at org.testng.SuiteRunner.privateRun(SuiteRunner.java:383)
	at org.testng.SuiteRunner.run(SuiteRunner.java:326)
	at org.testng.SuiteRunnerWorker.runSuite(SuiteRunnerWorker.java:52)
	at org.testng.SuiteRunnerWorker.run(SuiteRunnerWorker.java:95)
	at org.testng.TestNG.runSuitesSequentially(TestNG.java:1249)
	at org.testng.TestNG.runSuitesLocally(TestNG.java:1169)
	at org.testng.TestNG.runSuites(TestNG.java:1092)
	at org.testng.TestNG.run(TestNG.java:1060)
	at org.apache.maven.surefire.testng.TestNGExecutor.run(TestNGExecutor.java:324)
	at org.apache.maven.surefire.testng.TestNGXmlTestSuite.execute(TestNGXmlTestSuite.java:74)
	at org.apache.maven.surefire.testng.TestNGProvider.invoke(TestNGProvider.java:123)
	at org.apache.maven.surefire.booter.ForkedBooter.runSuitesInProcess(ForkedBooter.java:456)
	at org.apache.maven.surefire.booter.ForkedBooter.execute(ForkedBooter.java:169)
	at org.apache.maven.surefire.booter.ForkedBooter.run(ForkedBooter.java:595)
	at org.apache.maven.surefire.booter.ForkedBooter.main(ForkedBooter.java:581)
</pre></div></td>
<td>1</td>
<td>tests.t7_PriceCalculation@2ef8a8c3</td></tr>
</table><p>
<table width='100%' border='1' class='invocation-passed'>
<tr><td colspan='4' align='center'><b>PASSED TESTS</b></td></tr>
<tr><td><b>Test method</b></td>
<td width="30%"><b>Exception</b></td>
<td width="10%"><b>Time (seconds)</b></td>
<td><b>Instance</b></td>
</tr>
<tr>
<td title='tests.t8_SocialMediaLinks.tc01_verifySocialMediaLinksInProductPage()'><b>tc01_verifySocialMediaLinksInProductPage</b><br>Test class: tests.t8_SocialMediaLinks</td>
<td></td>
<td>0</td>
<td>tests.t8_SocialMediaLinks@24f43aa3</td></tr>
<tr>
<td title='tests.t6_CheckoutInformationFields.tc06_fillOnlyFirstNameZipCodeFields()'><b>tc06_fillOnlyFirstNameZipCodeFields</b><br>Test class: tests.t6_CheckoutInformationFields</td>
<td></td>
<td>1</td>
<td>tests.t6_CheckoutInformationFields@3e587920</td></tr>
<tr>
<td title='tests.t2_AddProducts.tc02_AddItemsFromProductPage()'><b>tc02_AddItemsFromProductPage</b><br>Test class: tests.t2_AddProducts</td>
<td></td>
<td>2</td>
<td>tests.t2_AddProducts@1c25b8a7</td></tr>
<tr>
<td title='tests.t1_Login.tc01_userLogin()'><b>tc01_userLogin</b><br>Test class: tests.t1_Login<br>Parameters: standard_user, secret_sauce, </td>
<td></td>
<td>0</td>
<td>tests.t1_Login@66238be2</td></tr>
<tr>
<td title='tests.t1_Login.tc01_userLogin()'><b>tc01_userLogin</b><br>Test class: tests.t1_Login<br>Parameters: , secret_sauce, Epic sadface: Username is required</td>
<td></td>
<td>0</td>
<td>tests.t1_Login@66238be2</td></tr>
<tr>
<td title='tests.t6_CheckoutInformationFields.tc07_fillOnlyLastNameAndZipCodeFields()'><b>tc07_fillOnlyLastNameAndZipCodeFields</b><br>Test class: tests.t6_CheckoutInformationFields</td>
<td></td>
<td>1</td>
<td>tests.t6_CheckoutInformationFields@3e587920</td></tr>
<tr>
<td title='tests.t3_RemoveProducts.tc01_removeItemsFromProductPage()'><b>tc01_removeItemsFromProductPage</b><br>Test class: tests.t3_RemoveProducts</td>
<td></td>
<td>3</td>
<td>tests.t3_RemoveProducts@200606de</td></tr>
<tr>
<td title='tests.t1_Login.tc01_userLogin()'><b>tc01_userLogin</b><br>Test class: tests.t1_Login<br>Parameters: TableChair, TableChair, Epic sadface: Username and password do not match any user in this service</td>
<td></td>
<td>0</td>
<td>tests.t1_Login@66238be2</td></tr>
<tr>
<td title='tests.t5_ContinueShopping.tc01_addProductsGoToPaymentAndCancel()'><b>tc01_addProductsGoToPaymentAndCancel</b><br>Test class: tests.t5_ContinueShopping</td>
<td></td>
<td>3</td>
<td>tests.t5_ContinueShopping@f8908f6</td></tr>
<tr>
<td title='tests.t6_CheckoutInformationFields.tc03_fillOnlyLastNameField()'><b>tc03_fillOnlyLastNameField</b><br>Test class: tests.t6_CheckoutInformationFields</td>
<td></td>
<td>1</td>
<td>tests.t6_CheckoutInformationFields@3e587920</td></tr>
<tr>
<td title='tests.t6_CheckoutInformationFields.tc04_fillOnlyZipCodeField()'><b>tc04_fillOnlyZipCodeField</b><br>Test class: tests.t6_CheckoutInformationFields</td>
<td></td>
<td>1</td>
<td>tests.t6_CheckoutInformationFields@3e587920</td></tr>
<tr>
<td title='tests.t7_PriceCalculation.tc04addRemoveAddAndRemoveFromCartRefreshThePageLogOutAndLogInAgain()'><b>tc04addRemoveAddAndRemoveFromCartRefreshThePageLogOutAndLogInAgain</b><br>Test class: tests.t7_PriceCalculation</td>
<td></td>
<td>4</td>
<td>tests.t7_PriceCalculation@2ef8a8c3</td></tr>
<tr>
<td title='tests.t1_Login.tc01_userLogin()'><b>tc01_userLogin</b><br>Test class: tests.t1_Login<br>Parameters: problem_user, secret_sauce, </td>
<td></td>
<td>0</td>
<td>tests.t1_Login@66238be2</td></tr>
<tr>
<td title='tests.t1_Login.tc01_userLogin()'><b>tc01_userLogin</b><br>Test class: tests.t1_Login<br>Parameters: performance_glitch_user, secret_sauce, </td>
<td></td>
<td>5</td>
<td>tests.t1_Login@66238be2</td></tr>
<tr>
<td title='tests.t4_BuyProducts.tc02_addProductsFromProductPageAndBuy()'><b>tc02_addProductsFromProductPageAndBuy</b><br>Test class: tests.t4_BuyProducts</td>
<td></td>
<td>3</td>
<td>tests.t4_BuyProducts@750fe12e</td></tr>
<tr>
<td title='tests.t4_BuyProducts.tc03_AddProductsFromProductsPageRemoveSomeAndBuy()'><b>tc03_AddProductsFromProductsPageRemoveSomeAndBuy</b><br>Test class: tests.t4_BuyProducts</td>
<td></td>
<td>2</td>
<td>tests.t4_BuyProducts@750fe12e</td></tr>
<tr>
<td title='tests.t7_PriceCalculation.tc02_addRemoveAndGoToCheckout()'><b>tc02_addRemoveAndGoToCheckout</b><br>Test class: tests.t7_PriceCalculation</td>
<td></td>
<td>3</td>
<td>tests.t7_PriceCalculation@2ef8a8c3</td></tr>
<tr>
<td title='tests.t7_PriceCalculation.tc01_addAndGoStraightToCheckout()'><b>tc01_addAndGoStraightToCheckout</b><br>Test class: tests.t7_PriceCalculation</td>
<td></td>
<td>3</td>
<td>tests.t7_PriceCalculation@2ef8a8c3</td></tr>
<tr>
<td title='tests.t3_RemoveProducts.tc01_removeItemsFromProductsPage()'><b>tc01_removeItemsFromProductsPage</b><br>Test class: tests.t3_RemoveProducts</td>
<td></td>
<td>2</td>
<td>tests.t3_RemoveProducts@200606de</td></tr>
<tr>
<td title='tests.t4_BuyProducts.tc01_addProductsFromProductsPageAndBuy()'><b>tc01_addProductsFromProductsPageAndBuy</b><br>Test class: tests.t4_BuyProducts</td>
<td></td>
<td>2</td>
<td>tests.t4_BuyProducts@750fe12e</td></tr>
<tr>
<td title='tests.t4_BuyProducts.tc04_addProductsFromProductPageRemoveSomeAndBuy()'><b>tc04_addProductsFromProductPageRemoveSomeAndBuy</b><br>Test class: tests.t4_BuyProducts</td>
<td></td>
<td>4</td>
<td>tests.t4_BuyProducts@750fe12e</td></tr>
<tr>
<td title='tests.t1_Login.tc01_userLogin()'><b>tc01_userLogin</b><br>Test class: tests.t1_Login<br>Parameters: locked_out_user, secret_sauce, Epic sadface: Sorry, this user has been locked out.</td>
<td></td>
<td>0</td>
<td>tests.t1_Login@66238be2</td></tr>
<tr>
<td title='tests.t5_ContinueShopping.tc01_addProductsGoToCheckoutAndContinueShopping()'><b>tc01_addProductsGoToCheckoutAndContinueShopping</b><br>Test class: tests.t5_ContinueShopping</td>
<td></td>
<td>2</td>
<td>tests.t5_ContinueShopping@f8908f6</td></tr>
<tr>
<td title='tests.t6_CheckoutInformationFields.tc02_fillOnlyFirstNameField()'><b>tc02_fillOnlyFirstNameField</b><br>Test class: tests.t6_CheckoutInformationFields</td>
<td></td>
<td>1</td>
<td>tests.t6_CheckoutInformationFields@3e587920</td></tr>
<tr>
<td title='tests.t7_PriceCalculation.tc03_AddRemoveAddAndRemoveFromCart()'><b>tc03_AddRemoveAddAndRemoveFromCart</b><br>Test class: tests.t7_PriceCalculation</td>
<td></td>
<td>3</td>
<td>tests.t7_PriceCalculation@2ef8a8c3</td></tr>
<tr>
<td title='tests.t1_Login.tc01_userLogin()'><b>tc01_userLogin</b><br>Test class: tests.t1_Login<br>Parameters: standard_user, , Epic sadface: Password is required</td>
<td></td>
<td>0</td>
<td>tests.t1_Login@66238be2</td></tr>
<tr>
<td title='tests.t6_CheckoutInformationFields.tc01_fillAllFields()'><b>tc01_fillAllFields</b><br>Test class: tests.t6_CheckoutInformationFields</td>
<td></td>
<td>1</td>
<td>tests.t6_CheckoutInformationFields@3e587920</td></tr>
<tr>
<td title='tests.t1_Login.tc01_userLogin()'><b>tc01_userLogin</b><br>Test class: tests.t1_Login<br>Parameters: TableChair, , Epic sadface: Password is required</td>
<td></td>
<td>0</td>
<td>tests.t1_Login@66238be2</td></tr>
<tr>
<td title='tests.t1_Login.tc01_userLogin()'><b>tc01_userLogin</b><br>Test class: tests.t1_Login<br>Parameters: , , Epic sadface: Username is required</td>
<td></td>
<td>0</td>
<td>tests.t1_Login@66238be2</td></tr>
<tr>
<td title='tests.t8_SocialMediaLinks.tc01_verifySocialMediaLinksInProductsPage()'><b>tc01_verifySocialMediaLinksInProductsPage</b><br>Test class: tests.t8_SocialMediaLinks</td>
<td></td>
<td>0</td>
<td>tests.t8_SocialMediaLinks@24f43aa3</td></tr>
<tr>
<td title='tests.t2_AddProducts.tc01_AddItemsFromProductsPage()'><b>tc01_AddItemsFromProductsPage</b><br>Test class: tests.t2_AddProducts</td>
<td></td>
<td>1</td>
<td>tests.t2_AddProducts@1c25b8a7</td></tr>
<tr>
<td title='tests.t1_Login.tc01_userLogin()'><b>tc01_userLogin</b><br>Test class: tests.t1_Login<br>Parameters: , TableChair, Epic sadface: Username is required</td>
<td></td>
<td>0</td>
<td>tests.t1_Login@66238be2</td></tr>
<tr>
<td title='tests.t6_CheckoutInformationFields.tc05_fillOnlyFirstAndLastNameFields()'><b>tc05_fillOnlyFirstAndLastNameFields</b><br>Test class: tests.t6_CheckoutInformationFields</td>
<td></td>
<td>1</td>
<td>tests.t6_CheckoutInformationFields@3e587920</td></tr>
</table><p>
</body>
</html>