<!DOCTYPE html>

<html>
  <head>
  <meta charset='utf-8'>
  <title>TestNG reports</title>

    <link type="text/css" href="testng-reports1.css" rel="stylesheet" id="ultra" />
    <link type="text/css" href="testng-reports.css" rel="stylesheet" id="retro" disabled="false"/>
    <script type="text/javascript" src="jquery.min.js"></script>
    <script type="text/javascript" src="testng-reports.js"></script>
    <script type="text/javascript" src="https://www.google.com/jsapi"></script>
    <script type='text/javascript'>
      google.load('visualization', '1', {packages:['table']});
      google.setOnLoadCallback(drawTable);
      var suiteTableInitFunctions = new Array();
      var suiteTableData = new Array();
    </script>
    <!--
      <script type="text/javascript" src="jquery-ui/js/jquery-ui-1.8.16.custom.min.js"></script>
     -->
  </head>

  <body>
    <div class="top-banner-root">
      <span class="top-banner-title-font">Test results</span>
      <button class="button" id="button">Switch Retro Theme</button> <!-- button -->
      <br/>
      <span class="top-banner-font-1">1 suite</span>
    </div> <!-- top-banner-root -->
    <div class="navigator-root">
      <div class="navigator-suite-header">
        <span>All suites</span>
        <a href="#" class="collapse-all-link" title="Collapse/expand all the suites">
          <img class="collapse-all-icon" src="collapseall.gif">
          </img> <!-- collapse-all-icon -->
        </a> <!-- collapse-all-link -->
      </div> <!-- navigator-suite-header -->
      <div class="suite">
        <div class="rounded-window">
          <div class="suite-header light-rounded-window-top">
            <a href="#" class="navigator-link" panel-name="suite-Suite1">
              <span class="suite-name border-skipped">Suite1</span>
            </a> <!-- navigator-link -->
          </div> <!-- suite-header light-rounded-window-top -->
          <div class="navigator-suite-content">
            <div class="suite-section-title">
              <span>Info</span>
            </div> <!-- suite-section-title -->
            <div class="suite-section-content">
              <ul>
                <li>
                  <a href="#" class="navigator-link " panel-name="test-xml-Suite1">
                    <span>C:\Users\jonmi\eclipse-workspace\AutomationProject\testng.xml</span>
                  </a> <!-- navigator-link  -->
                </li>
                <li>
                  <a href="#" class="navigator-link " panel-name="testlist-Suite1">
                    <span class="test-stats">1 test</span>
                  </a> <!-- navigator-link  -->
                </li>
                <li>
                  <a href="#" class="navigator-link " panel-name="group-Suite1">
                    <span>0 groups</span>
                  </a> <!-- navigator-link  -->
                </li>
                <li>
                  <a href="#" class="navigator-link " panel-name="times-Suite1">
                    <span>Times</span>
                  </a> <!-- navigator-link  -->
                </li>
                <li>
                  <a href="#" class="navigator-link " panel-name="reporter-Suite1">
                    <span>Reporter output</span>
                  </a> <!-- navigator-link  -->
                </li>
                <li>
                  <a href="#" class="navigator-link " panel-name="ignored-methods-Suite1">
                    <span>Ignored methods</span>
                  </a> <!-- navigator-link  -->
                </li>
                <li>
                  <a href="#" class="navigator-link " panel-name="chronological-Suite1">
                    <span>Chronological view</span>
                  </a> <!-- navigator-link  -->
                </li>
              </ul>
            </div> <!-- suite-section-content -->
            <div class="result-section">
              <div class="suite-section-title">
                <span>Results</span>
              </div> <!-- suite-section-title -->
              <div class="suite-section-content">
                <ul>
                  <li>
                    <span class="method-stats">34 methods,  34 skipped,  </span>
                  </li>
                  <li>
                    <span class="method-list-title skipped">Skipped methods</span>
                    <span class="show-or-hide-methods skipped">
                      <a href="#" panel-name="suite-Suite1" class="hide-methods skipped suite-Suite1"> (hide)</a> <!-- hide-methods skipped suite-Suite1 -->
                      <a href="#" panel-name="suite-Suite1" class="show-methods skipped suite-Suite1"> (show)</a> <!-- show-methods skipped suite-Suite1 -->
                    </span>
                    <div class="method-list-content skipped suite-Suite1">
                      <span>
                        <img width="3%" src="skipped.png"/>
                        <a href="#" class="method navigator-link" panel-name="suite-Suite1" title="tests.t2_AddProducts" hash-for-method="tc01_AddItemsFromProductsPage">tc01_AddItemsFromProductsPage</a> <!-- method navigator-link -->
                      </span>
                      <br/>
                      <span>
                        <img width="3%" src="skipped.png"/>
                        <a href="#" class="method navigator-link" panel-name="suite-Suite1" title="tests.t7_PriceCalculation" hash-for-method="tc01_addAndGoStraightToCheckout">tc01_addAndGoStraightToCheckout</a> <!-- method navigator-link -->
                      </span>
                      <br/>
                      <span>
                        <img width="3%" src="skipped.png"/>
                        <a href="#" class="method navigator-link" panel-name="suite-Suite1" title="tests.t4_BuyProducts" hash-for-method="tc01_addProductsFromProductsPageAndBuy">tc01_addProductsFromProductsPageAndBuy</a> <!-- method navigator-link -->
                      </span>
                      <br/>
                      <span>
                        <img width="3%" src="skipped.png"/>
                        <a href="#" class="method navigator-link" panel-name="suite-Suite1" title="tests.t5_ContinueShopping" hash-for-method="tc01_addProductsGoToCheckoutAndContinueShopping">tc01_addProductsGoToCheckoutAndContinueShopping</a> <!-- method navigator-link -->
                      </span>
                      <br/>
                      <span>
                        <img width="3%" src="skipped.png"/>
                        <a href="#" class="method navigator-link" panel-name="suite-Suite1" title="tests.t5_ContinueShopping" hash-for-method="tc01_addProductsGoToPaymentAndCancel">tc01_addProductsGoToPaymentAndCancel</a> <!-- method navigator-link -->
                      </span>
                      <br/>
                      <span>
                        <img width="3%" src="skipped.png"/>
                        <a href="#" class="method navigator-link" panel-name="suite-Suite1" title="tests.t6_CheckoutInformationFields" hash-for-method="tc01_fillAllFields">tc01_fillAllFields</a> <!-- method navigator-link -->
                      </span>
                      <br/>
                      <span>
                        <img width="3%" src="skipped.png"/>
                        <a href="#" class="method navigator-link" panel-name="suite-Suite1" title="tests.t3_RemoveProducts" hash-for-method="tc01_removeItemsFromProductPage">tc01_removeItemsFromProductPage</a> <!-- method navigator-link -->
                      </span>
                      <br/>
                      <span>
                        <img width="3%" src="skipped.png"/>
                        <a href="#" class="method navigator-link" panel-name="suite-Suite1" title="tests.t3_RemoveProducts" hash-for-method="tc01_removeItemsFromProductsPage">tc01_removeItemsFromProductsPage</a> <!-- method navigator-link -->
                      </span>
                      <br/>
                      <span>
                        <img width="3%" src="skipped.png"/>
                        <a href="#" class="method navigator-link" panel-name="suite-Suite1" title="tests.t1_Login" hash-for-method="tc01_userLogin(, , Epic sadface: Username is required)">tc01_userLogin(, , Epic sadface: Username is required)</a> <!-- method navigator-link -->
                      </span>
                      <br/>
                      <span>
                        <img width="3%" src="skipped.png"/>
                        <a href="#" class="method navigator-link" panel-name="suite-Suite1" title="tests.t1_Login" hash-for-method="tc01_userLogin(TableChair, TableChair, Epic sadface: Username and password do not match any user in this service)">tc01_userLogin(TableChair, TableChair, Epic sadface: Username and password do not match any user in this service)</a> <!-- method navigator-link -->
                      </span>
                      <br/>
                      <span>
                        <img width="3%" src="skipped.png"/>
                        <a href="#" class="method navigator-link" panel-name="suite-Suite1" title="tests.t1_Login" hash-for-method="tc01_userLogin(performance_glitch_user, secret_sauce, )">tc01_userLogin(performance_glitch_user, secret_sauce, )</a> <!-- method navigator-link -->
                      </span>
                      <br/>
                      <span>
                        <img width="3%" src="skipped.png"/>
                        <a href="#" class="method navigator-link" panel-name="suite-Suite1" title="tests.t1_Login" hash-for-method="tc01_userLogin(, TableChair, Epic sadface: Username is required)">tc01_userLogin(, TableChair, Epic sadface: Username is required)</a> <!-- method navigator-link -->
                      </span>
                      <br/>
                      <span>
                        <img width="3%" src="skipped.png"/>
                        <a href="#" class="method navigator-link" panel-name="suite-Suite1" title="tests.t1_Login" hash-for-method="tc01_userLogin(locked_out_user, secret_sauce, Epic sadface: Sorry, this user has been locked out.)">tc01_userLogin(locked_out_user, secret_sauce, Epic sadface: Sorry, this user has been locked out.)</a> <!-- method navigator-link -->
                      </span>
                      <br/>
                      <span>
                        <img width="3%" src="skipped.png"/>
                        <a href="#" class="method navigator-link" panel-name="suite-Suite1" title="tests.t1_Login" hash-for-method="tc01_userLogin(standard_user, secret_sauce, )">tc01_userLogin(standard_user, secret_sauce, )</a> <!-- method navigator-link -->
                      </span>
                      <br/>
                      <span>
                        <img width="3%" src="skipped.png"/>
                        <a href="#" class="method navigator-link" panel-name="suite-Suite1" title="tests.t1_Login" hash-for-method="tc01_userLogin(standard_user, , Epic sadface: Password is required)">tc01_userLogin(standard_user, , Epic sadface: Password is required)</a> <!-- method navigator-link -->
                      </span>
                      <br/>
                      <span>
                        <img width="3%" src="skipped.png"/>
                        <a href="#" class="method navigator-link" panel-name="suite-Suite1" title="tests.t1_Login" hash-for-method="tc01_userLogin(TableChair, , Epic sadface: Password is required)">tc01_userLogin(TableChair, , Epic sadface: Password is required)</a> <!-- method navigator-link -->
                      </span>
                      <br/>
                      <span>
                        <img width="3%" src="skipped.png"/>
                        <a href="#" class="method navigator-link" panel-name="suite-Suite1" title="tests.t1_Login" hash-for-method="tc01_userLogin(, secret_sauce, Epic sadface: Username is required)">tc01_userLogin(, secret_sauce, Epic sadface: Username is required)</a> <!-- method navigator-link -->
                      </span>
                      <br/>
                      <span>
                        <img width="3%" src="skipped.png"/>
                        <a href="#" class="method navigator-link" panel-name="suite-Suite1" title="tests.t1_Login" hash-for-method="tc01_userLogin(problem_user, secret_sauce, )">tc01_userLogin(problem_user, secret_sauce, )</a> <!-- method navigator-link -->
                      </span>
                      <br/>
                      <span>
                        <img width="3%" src="skipped.png"/>
                        <a href="#" class="method navigator-link" panel-name="suite-Suite1" title="tests.t8_SocialMediaLinks" hash-for-method="tc01_verifySocialMediaLinksInProductPage">tc01_verifySocialMediaLinksInProductPage</a> <!-- method navigator-link -->
                      </span>
                      <br/>
                      <span>
                        <img width="3%" src="skipped.png"/>
                        <a href="#" class="method navigator-link" panel-name="suite-Suite1" title="tests.t8_SocialMediaLinks" hash-for-method="tc01_verifySocialMediaLinksInProductsPage">tc01_verifySocialMediaLinksInProductsPage</a> <!-- method navigator-link -->
                      </span>
                      <br/>
                      <span>
                        <img width="3%" src="skipped.png"/>
                        <a href="#" class="method navigator-link" panel-name="suite-Suite1" title="tests.t2_AddProducts" hash-for-method="tc02_AddItemsFromProductPage">tc02_AddItemsFromProductPage</a> <!-- method navigator-link -->
                      </span>
                      <br/>
                      <span>
                        <img width="3%" src="skipped.png"/>
                        <a href="#" class="method navigator-link" panel-name="suite-Suite1" title="tests.t4_BuyProducts" hash-for-method="tc02_addProductsFromProductPageAndBuy">tc02_addProductsFromProductPageAndBuy</a> <!-- method navigator-link -->
                      </span>
                      <br/>
                      <span>
                        <img width="3%" src="skipped.png"/>
                        <a href="#" class="method navigator-link" panel-name="suite-Suite1" title="tests.t7_PriceCalculation" hash-for-method="tc02_addRemoveAndGoToCheckout">tc02_addRemoveAndGoToCheckout</a> <!-- method navigator-link -->
                      </span>
                      <br/>
                      <span>
                        <img width="3%" src="skipped.png"/>
                        <a href="#" class="method navigator-link" panel-name="suite-Suite1" title="tests.t6_CheckoutInformationFields" hash-for-method="tc02_fillOnlyFirstNameField">tc02_fillOnlyFirstNameField</a> <!-- method navigator-link -->
                      </span>
                      <br/>
                      <span>
                        <img width="3%" src="skipped.png"/>
                        <a href="#" class="method navigator-link" panel-name="suite-Suite1" title="tests.t4_BuyProducts" hash-for-method="tc03_AddProductsFromProductsPageRemoveSomeAndBuy">tc03_AddProductsFromProductsPageRemoveSomeAndBuy</a> <!-- method navigator-link -->
                      </span>
                      <br/>
                      <span>
                        <img width="3%" src="skipped.png"/>
                        <a href="#" class="method navigator-link" panel-name="suite-Suite1" title="tests.t7_PriceCalculation" hash-for-method="tc03_AddRemoveAddAndRemoveFromCart">tc03_AddRemoveAddAndRemoveFromCart</a> <!-- method navigator-link -->
                      </span>
                      <br/>
                      <span>
                        <img width="3%" src="skipped.png"/>
                        <a href="#" class="method navigator-link" panel-name="suite-Suite1" title="tests.t6_CheckoutInformationFields" hash-for-method="tc03_fillOnlyLastNameField">tc03_fillOnlyLastNameField</a> <!-- method navigator-link -->
                      </span>
                      <br/>
                      <span>
                        <img width="3%" src="skipped.png"/>
                        <a href="#" class="method navigator-link" panel-name="suite-Suite1" title="tests.t4_BuyProducts" hash-for-method="tc04_addProductsFromProductPageRemoveSomeAndBuy">tc04_addProductsFromProductPageRemoveSomeAndBuy</a> <!-- method navigator-link -->
                      </span>
                      <br/>
                      <span>
                        <img width="3%" src="skipped.png"/>
                        <a href="#" class="method navigator-link" panel-name="suite-Suite1" title="tests.t6_CheckoutInformationFields" hash-for-method="tc04_fillOnlyZipCodeField">tc04_fillOnlyZipCodeField</a> <!-- method navigator-link -->
                      </span>
                      <br/>
                      <span>
                        <img width="3%" src="skipped.png"/>
                        <a href="#" class="method navigator-link" panel-name="suite-Suite1" title="tests.t7_PriceCalculation" hash-for-method="tc04addRemoveAddAndRemoveFromCartRefreshThePageLogOutAndLogInAgain">tc04addRemoveAddAndRemoveFromCartRefreshThePageLogOutAndLogInAgain</a> <!-- method navigator-link -->
                      </span>
                      <br/>
                      <span>
                        <img width="3%" src="skipped.png"/>
                        <a href="#" class="method navigator-link" panel-name="suite-Suite1" title="tests.t7_PriceCalculation" hash-for-method="tc05_addRemoveFromCartAndClickCart">tc05_addRemoveFromCartAndClickCart</a> <!-- method navigator-link -->
                      </span>
                      <br/>
                      <span>
                        <img width="3%" src="skipped.png"/>
                        <a href="#" class="method navigator-link" panel-name="suite-Suite1" title="tests.t6_CheckoutInformationFields" hash-for-method="tc05_fillOnlyFirstAndLastNameFields">tc05_fillOnlyFirstAndLastNameFields</a> <!-- method navigator-link -->
                      </span>
                      <br/>
                      <span>
                        <img width="3%" src="skipped.png"/>
                        <a href="#" class="method navigator-link" panel-name="suite-Suite1" title="tests.t6_CheckoutInformationFields" hash-for-method="tc06_fillOnlyFirstNameZipCodeFields">tc06_fillOnlyFirstNameZipCodeFields</a> <!-- method navigator-link -->
                      </span>
                      <br/>
                      <span>
                        <img width="3%" src="skipped.png"/>
                        <a href="#" class="method navigator-link" panel-name="suite-Suite1" title="tests.t6_CheckoutInformationFields" hash-for-method="tc07_fillOnlyLastNameAndZipCodeFields">tc07_fillOnlyLastNameAndZipCodeFields</a> <!-- method navigator-link -->
                      </span>
                      <br/>
                    </div> <!-- method-list-content skipped suite-Suite1 -->
                  </li>
                </ul>
              </div> <!-- suite-section-content -->
            </div> <!-- result-section -->
          </div> <!-- navigator-suite-content -->
        </div> <!-- rounded-window -->
      </div> <!-- suite -->
    </div> <!-- navigator-root -->
    <div class="wrapper">
      <div class="main-panel-root">
        <div panel-name="suite-Suite1" class="panel Suite1">
          <div class="suite-Suite1-class-skipped">
            <div class="main-panel-header rounded-window-top">
              <img src="skipped.png"/>
              <span class="class-name">tests.t4_BuyProducts</span>
            </div> <!-- main-panel-header rounded-window-top -->
            <div class="main-panel-content rounded-window-bottom">
              <div class="method">
                <div class="method-content">
                  <a name="tc01_addProductsFromProductsPageAndBuy">
                  </a> <!-- tc01_addProductsFromProductsPageAndBuy -->
                  <span class="method-name">tc01_addProductsFromProductsPageAndBuy</span>
                  <div class="stack-trace">org.openqa.selenium.SessionNotCreatedException: Could not start a new session. Response code 500. Message: An unknown server-side error occurred while processing the command. Original error: Could not find a driver for automationName &apos;ANDROID_UIAUTOMATOR2&apos; and platformName &apos;ANDROID&apos;. Have you installed a driver that supports those capabilities? Run &apos;appium driver list --installed&apos; to see. (Lower-level error: Could not find installed driver to support given caps) 
Host info: host: &apos;LAPTOP-RMK290R9&apos;, ip: &apos;192.168.1.20&apos;
Build info: version: &apos;4.9.1&apos;, revision: &apos;eb2032df7f&apos;
System info: os.name: &apos;Windows 10&apos;, os.arch: &apos;amd64&apos;, os.version: &apos;10.0&apos;, java.version: &apos;1.8.0_211&apos;
Driver info: io.appium.java_client.android.AndroidDriver
Command: [null, newSession {capabilities=[{appium:udid=emulator-5554, appium:chromedriverExecutableDir=./utils/ExecutableDirs, appium:chromedriverChromeMappingFile=https://github.com/appium/appium-chromedriver/blob/master/config/mapping.json, browserName=Chrome, platformName=ANDROID, appium:deviceName=Pixel_XL_API_33, appium:automationName=ANDROID_UIAUTOMATOR2}], desiredCapabilities=Capabilities {appium:automationName: ANDROID_UIAUTOMATOR2, appium:chromedriverChromeMappingFile: https://github.com/appium/a..., appium:chromedriverExecutableDir: ./utils/ExecutableDirs, appium:deviceName: Pixel_XL_API_33, appium:udid: emulator-5554, browserName: Chrome, platformName: ANDROID}}]
Capabilities {appium:automationName: ANDROID_UIAUTOMATOR2, appium:chromedriverChromeMappingFile: https://github.com/appium/a..., appium:chromedriverExecutableDir: ./utils/ExecutableDirs, appium:deviceName: Pixel_XL_API_33, appium:udid: emulator-5554, browserName: Chrome, platformName: ANDROID}
	at org.openqa.selenium.remote.ProtocolHandshake.createSession(ProtocolHandshake.java:136)
	at io.appium.java_client.remote.AppiumProtocolHandshake.createSession(AppiumProtocolHandshake.java:133)
	at io.appium.java_client.remote.AppiumProtocolHandshake.createSession(AppiumProtocolHandshake.java:102)
	at io.appium.java_client.remote.AppiumCommandExecutor.createSession(AppiumCommandExecutor.java:182)
	at io.appium.java_client.remote.AppiumCommandExecutor.execute(AppiumCommandExecutor.java:250)
	at org.openqa.selenium.remote.RemoteWebDriver.execute(RemoteWebDriver.java:543)
	at io.appium.java_client.AppiumDriver.startSession(AppiumDriver.java:274)
	at org.openqa.selenium.remote.RemoteWebDriver.&lt;init&gt;(RemoteWebDriver.java:157)
	at io.appium.java_client.AppiumDriver.&lt;init&gt;(AppiumDriver.java:89)
	at io.appium.java_client.AppiumDriver.&lt;init&gt;(AppiumDriver.java:112)
	at io.appium.java_client.AppiumDriver.&lt;init&gt;(AppiumDriver.java:137)
	at io.appium.java_client.android.AndroidDriver.&lt;init&gt;(AndroidDriver.java:236)
	at tests.BaseTest.setup(BaseTest.java:90)
	at java.util.ArrayList.forEach(ArrayList.java:1257)
... Removed 39 stack frames
</div> <!-- stack-trace -->
                </div> <!-- method-content -->
              </div> <!-- method -->
              <div class="method">
                <div class="method-content">
                  <a name="tc02_addProductsFromProductPageAndBuy">
                  </a> <!-- tc02_addProductsFromProductPageAndBuy -->
                  <span class="method-name">tc02_addProductsFromProductPageAndBuy</span>
                  <div class="stack-trace">org.openqa.selenium.SessionNotCreatedException: Could not start a new session. Response code 500. Message: An unknown server-side error occurred while processing the command. Original error: Could not find a driver for automationName &apos;ANDROID_UIAUTOMATOR2&apos; and platformName &apos;ANDROID&apos;. Have you installed a driver that supports those capabilities? Run &apos;appium driver list --installed&apos; to see. (Lower-level error: Could not find installed driver to support given caps) 
Host info: host: &apos;LAPTOP-RMK290R9&apos;, ip: &apos;192.168.1.20&apos;
Build info: version: &apos;4.9.1&apos;, revision: &apos;eb2032df7f&apos;
System info: os.name: &apos;Windows 10&apos;, os.arch: &apos;amd64&apos;, os.version: &apos;10.0&apos;, java.version: &apos;1.8.0_211&apos;
Driver info: io.appium.java_client.android.AndroidDriver
Command: [null, newSession {capabilities=[{appium:udid=emulator-5554, appium:chromedriverExecutableDir=./utils/ExecutableDirs, appium:chromedriverChromeMappingFile=https://github.com/appium/appium-chromedriver/blob/master/config/mapping.json, browserName=Chrome, platformName=ANDROID, appium:deviceName=Pixel_XL_API_33, appium:automationName=ANDROID_UIAUTOMATOR2}], desiredCapabilities=Capabilities {appium:automationName: ANDROID_UIAUTOMATOR2, appium:chromedriverChromeMappingFile: https://github.com/appium/a..., appium:chromedriverExecutableDir: ./utils/ExecutableDirs, appium:deviceName: Pixel_XL_API_33, appium:udid: emulator-5554, browserName: Chrome, platformName: ANDROID}}]
Capabilities {appium:automationName: ANDROID_UIAUTOMATOR2, appium:chromedriverChromeMappingFile: https://github.com/appium/a..., appium:chromedriverExecutableDir: ./utils/ExecutableDirs, appium:deviceName: Pixel_XL_API_33, appium:udid: emulator-5554, browserName: Chrome, platformName: ANDROID}
	at org.openqa.selenium.remote.ProtocolHandshake.createSession(ProtocolHandshake.java:136)
	at io.appium.java_client.remote.AppiumProtocolHandshake.createSession(AppiumProtocolHandshake.java:133)
	at io.appium.java_client.remote.AppiumProtocolHandshake.createSession(AppiumProtocolHandshake.java:102)
	at io.appium.java_client.remote.AppiumCommandExecutor.createSession(AppiumCommandExecutor.java:182)
	at io.appium.java_client.remote.AppiumCommandExecutor.execute(AppiumCommandExecutor.java:250)
	at org.openqa.selenium.remote.RemoteWebDriver.execute(RemoteWebDriver.java:543)
	at io.appium.java_client.AppiumDriver.startSession(AppiumDriver.java:274)
	at org.openqa.selenium.remote.RemoteWebDriver.&lt;init&gt;(RemoteWebDriver.java:157)
	at io.appium.java_client.AppiumDriver.&lt;init&gt;(AppiumDriver.java:89)
	at io.appium.java_client.AppiumDriver.&lt;init&gt;(AppiumDriver.java:112)
	at io.appium.java_client.AppiumDriver.&lt;init&gt;(AppiumDriver.java:137)
	at io.appium.java_client.android.AndroidDriver.&lt;init&gt;(AndroidDriver.java:236)
	at tests.BaseTest.setup(BaseTest.java:90)
	at java.util.ArrayList.forEach(ArrayList.java:1257)
... Removed 39 stack frames
</div> <!-- stack-trace -->
                </div> <!-- method-content -->
              </div> <!-- method -->
              <div class="method">
                <div class="method-content">
                  <a name="tc03_AddProductsFromProductsPageRemoveSomeAndBuy">
                  </a> <!-- tc03_AddProductsFromProductsPageRemoveSomeAndBuy -->
                  <span class="method-name">tc03_AddProductsFromProductsPageRemoveSomeAndBuy</span>
                  <div class="stack-trace">org.openqa.selenium.SessionNotCreatedException: Could not start a new session. Response code 500. Message: An unknown server-side error occurred while processing the command. Original error: Could not find a driver for automationName &apos;ANDROID_UIAUTOMATOR2&apos; and platformName &apos;ANDROID&apos;. Have you installed a driver that supports those capabilities? Run &apos;appium driver list --installed&apos; to see. (Lower-level error: Could not find installed driver to support given caps) 
Host info: host: &apos;LAPTOP-RMK290R9&apos;, ip: &apos;192.168.1.20&apos;
Build info: version: &apos;4.9.1&apos;, revision: &apos;eb2032df7f&apos;
System info: os.name: &apos;Windows 10&apos;, os.arch: &apos;amd64&apos;, os.version: &apos;10.0&apos;, java.version: &apos;1.8.0_211&apos;
Driver info: io.appium.java_client.android.AndroidDriver
Command: [null, newSession {capabilities=[{appium:udid=emulator-5554, appium:chromedriverExecutableDir=./utils/ExecutableDirs, appium:chromedriverChromeMappingFile=https://github.com/appium/appium-chromedriver/blob/master/config/mapping.json, browserName=Chrome, platformName=ANDROID, appium:deviceName=Pixel_XL_API_33, appium:automationName=ANDROID_UIAUTOMATOR2}], desiredCapabilities=Capabilities {appium:automationName: ANDROID_UIAUTOMATOR2, appium:chromedriverChromeMappingFile: https://github.com/appium/a..., appium:chromedriverExecutableDir: ./utils/ExecutableDirs, appium:deviceName: Pixel_XL_API_33, appium:udid: emulator-5554, browserName: Chrome, platformName: ANDROID}}]
Capabilities {appium:automationName: ANDROID_UIAUTOMATOR2, appium:chromedriverChromeMappingFile: https://github.com/appium/a..., appium:chromedriverExecutableDir: ./utils/ExecutableDirs, appium:deviceName: Pixel_XL_API_33, appium:udid: emulator-5554, browserName: Chrome, platformName: ANDROID}
	at org.openqa.selenium.remote.ProtocolHandshake.createSession(ProtocolHandshake.java:136)
	at io.appium.java_client.remote.AppiumProtocolHandshake.createSession(AppiumProtocolHandshake.java:133)
	at io.appium.java_client.remote.AppiumProtocolHandshake.createSession(AppiumProtocolHandshake.java:102)
	at io.appium.java_client.remote.AppiumCommandExecutor.createSession(AppiumCommandExecutor.java:182)
	at io.appium.java_client.remote.AppiumCommandExecutor.execute(AppiumCommandExecutor.java:250)
	at org.openqa.selenium.remote.RemoteWebDriver.execute(RemoteWebDriver.java:543)
	at io.appium.java_client.AppiumDriver.startSession(AppiumDriver.java:274)
	at org.openqa.selenium.remote.RemoteWebDriver.&lt;init&gt;(RemoteWebDriver.java:157)
	at io.appium.java_client.AppiumDriver.&lt;init&gt;(AppiumDriver.java:89)
	at io.appium.java_client.AppiumDriver.&lt;init&gt;(AppiumDriver.java:112)
	at io.appium.java_client.AppiumDriver.&lt;init&gt;(AppiumDriver.java:137)
	at io.appium.java_client.android.AndroidDriver.&lt;init&gt;(AndroidDriver.java:236)
	at tests.BaseTest.setup(BaseTest.java:90)
	at java.util.ArrayList.forEach(ArrayList.java:1257)
... Removed 39 stack frames
</div> <!-- stack-trace -->
                </div> <!-- method-content -->
              </div> <!-- method -->
              <div class="method">
                <div class="method-content">
                  <a name="tc04_addProductsFromProductPageRemoveSomeAndBuy">
                  </a> <!-- tc04_addProductsFromProductPageRemoveSomeAndBuy -->
                  <span class="method-name">tc04_addProductsFromProductPageRemoveSomeAndBuy</span>
                  <div class="stack-trace">org.openqa.selenium.SessionNotCreatedException: Could not start a new session. Response code 500. Message: An unknown server-side error occurred while processing the command. Original error: Could not find a driver for automationName &apos;ANDROID_UIAUTOMATOR2&apos; and platformName &apos;ANDROID&apos;. Have you installed a driver that supports those capabilities? Run &apos;appium driver list --installed&apos; to see. (Lower-level error: Could not find installed driver to support given caps) 
Host info: host: &apos;LAPTOP-RMK290R9&apos;, ip: &apos;192.168.1.20&apos;
Build info: version: &apos;4.9.1&apos;, revision: &apos;eb2032df7f&apos;
System info: os.name: &apos;Windows 10&apos;, os.arch: &apos;amd64&apos;, os.version: &apos;10.0&apos;, java.version: &apos;1.8.0_211&apos;
Driver info: io.appium.java_client.android.AndroidDriver
Command: [null, newSession {capabilities=[{appium:udid=emulator-5554, appium:chromedriverExecutableDir=./utils/ExecutableDirs, appium:chromedriverChromeMappingFile=https://github.com/appium/appium-chromedriver/blob/master/config/mapping.json, browserName=Chrome, platformName=ANDROID, appium:deviceName=Pixel_XL_API_33, appium:automationName=ANDROID_UIAUTOMATOR2}], desiredCapabilities=Capabilities {appium:automationName: ANDROID_UIAUTOMATOR2, appium:chromedriverChromeMappingFile: https://github.com/appium/a..., appium:chromedriverExecutableDir: ./utils/ExecutableDirs, appium:deviceName: Pixel_XL_API_33, appium:udid: emulator-5554, browserName: Chrome, platformName: ANDROID}}]
Capabilities {appium:automationName: ANDROID_UIAUTOMATOR2, appium:chromedriverChromeMappingFile: https://github.com/appium/a..., appium:chromedriverExecutableDir: ./utils/ExecutableDirs, appium:deviceName: Pixel_XL_API_33, appium:udid: emulator-5554, browserName: Chrome, platformName: ANDROID}
	at org.openqa.selenium.remote.ProtocolHandshake.createSession(ProtocolHandshake.java:136)
	at io.appium.java_client.remote.AppiumProtocolHandshake.createSession(AppiumProtocolHandshake.java:133)
	at io.appium.java_client.remote.AppiumProtocolHandshake.createSession(AppiumProtocolHandshake.java:102)
	at io.appium.java_client.remote.AppiumCommandExecutor.createSession(AppiumCommandExecutor.java:182)
	at io.appium.java_client.remote.AppiumCommandExecutor.execute(AppiumCommandExecutor.java:250)
	at org.openqa.selenium.remote.RemoteWebDriver.execute(RemoteWebDriver.java:543)
	at io.appium.java_client.AppiumDriver.startSession(AppiumDriver.java:274)
	at org.openqa.selenium.remote.RemoteWebDriver.&lt;init&gt;(RemoteWebDriver.java:157)
	at io.appium.java_client.AppiumDriver.&lt;init&gt;(AppiumDriver.java:89)
	at io.appium.java_client.AppiumDriver.&lt;init&gt;(AppiumDriver.java:112)
	at io.appium.java_client.AppiumDriver.&lt;init&gt;(AppiumDriver.java:137)
	at io.appium.java_client.android.AndroidDriver.&lt;init&gt;(AndroidDriver.java:236)
	at tests.BaseTest.setup(BaseTest.java:90)
	at java.util.ArrayList.forEach(ArrayList.java:1257)
... Removed 39 stack frames
</div> <!-- stack-trace -->
                </div> <!-- method-content -->
              </div> <!-- method -->
            </div> <!-- main-panel-content rounded-window-bottom -->
          </div> <!-- suite-Suite1-class-skipped -->
          <div class="suite-Suite1-class-skipped">
            <div class="main-panel-header rounded-window-top">
              <img src="skipped.png"/>
              <span class="class-name">tests.t6_CheckoutInformationFields</span>
            </div> <!-- main-panel-header rounded-window-top -->
            <div class="main-panel-content rounded-window-bottom">
              <div class="method">
                <div class="method-content">
                  <a name="tc01_fillAllFields">
                  </a> <!-- tc01_fillAllFields -->
                  <span class="method-name">tc01_fillAllFields</span>
                  <div class="stack-trace">org.openqa.selenium.SessionNotCreatedException: Could not start a new session. Response code 500. Message: An unknown server-side error occurred while processing the command. Original error: Could not find a driver for automationName &apos;ANDROID_UIAUTOMATOR2&apos; and platformName &apos;ANDROID&apos;. Have you installed a driver that supports those capabilities? Run &apos;appium driver list --installed&apos; to see. (Lower-level error: Could not find installed driver to support given caps) 
Host info: host: &apos;LAPTOP-RMK290R9&apos;, ip: &apos;192.168.1.20&apos;
Build info: version: &apos;4.9.1&apos;, revision: &apos;eb2032df7f&apos;
System info: os.name: &apos;Windows 10&apos;, os.arch: &apos;amd64&apos;, os.version: &apos;10.0&apos;, java.version: &apos;1.8.0_211&apos;
Driver info: io.appium.java_client.android.AndroidDriver
Command: [null, newSession {capabilities=[{appium:udid=emulator-5554, appium:chromedriverExecutableDir=./utils/ExecutableDirs, appium:chromedriverChromeMappingFile=https://github.com/appium/appium-chromedriver/blob/master/config/mapping.json, browserName=Chrome, platformName=ANDROID, appium:deviceName=Pixel_XL_API_33, appium:automationName=ANDROID_UIAUTOMATOR2}], desiredCapabilities=Capabilities {appium:automationName: ANDROID_UIAUTOMATOR2, appium:chromedriverChromeMappingFile: https://github.com/appium/a..., appium:chromedriverExecutableDir: ./utils/ExecutableDirs, appium:deviceName: Pixel_XL_API_33, appium:udid: emulator-5554, browserName: Chrome, platformName: ANDROID}}]
Capabilities {appium:automationName: ANDROID_UIAUTOMATOR2, appium:chromedriverChromeMappingFile: https://github.com/appium/a..., appium:chromedriverExecutableDir: ./utils/ExecutableDirs, appium:deviceName: Pixel_XL_API_33, appium:udid: emulator-5554, browserName: Chrome, platformName: ANDROID}
	at org.openqa.selenium.remote.ProtocolHandshake.createSession(ProtocolHandshake.java:136)
	at io.appium.java_client.remote.AppiumProtocolHandshake.createSession(AppiumProtocolHandshake.java:133)
	at io.appium.java_client.remote.AppiumProtocolHandshake.createSession(AppiumProtocolHandshake.java:102)
	at io.appium.java_client.remote.AppiumCommandExecutor.createSession(AppiumCommandExecutor.java:182)
	at io.appium.java_client.remote.AppiumCommandExecutor.execute(AppiumCommandExecutor.java:250)
	at org.openqa.selenium.remote.RemoteWebDriver.execute(RemoteWebDriver.java:543)
	at io.appium.java_client.AppiumDriver.startSession(AppiumDriver.java:274)
	at org.openqa.selenium.remote.RemoteWebDriver.&lt;init&gt;(RemoteWebDriver.java:157)
	at io.appium.java_client.AppiumDriver.&lt;init&gt;(AppiumDriver.java:89)
	at io.appium.java_client.AppiumDriver.&lt;init&gt;(AppiumDriver.java:112)
	at io.appium.java_client.AppiumDriver.&lt;init&gt;(AppiumDriver.java:137)
	at io.appium.java_client.android.AndroidDriver.&lt;init&gt;(AndroidDriver.java:236)
	at tests.BaseTest.setup(BaseTest.java:90)
	at java.util.ArrayList.forEach(ArrayList.java:1257)
... Removed 39 stack frames
</div> <!-- stack-trace -->
                </div> <!-- method-content -->
              </div> <!-- method -->
              <div class="method">
                <div class="method-content">
                  <a name="tc02_fillOnlyFirstNameField">
                  </a> <!-- tc02_fillOnlyFirstNameField -->
                  <span class="method-name">tc02_fillOnlyFirstNameField</span>
                  <div class="stack-trace">org.openqa.selenium.SessionNotCreatedException: Could not start a new session. Response code 500. Message: An unknown server-side error occurred while processing the command. Original error: Could not find a driver for automationName &apos;ANDROID_UIAUTOMATOR2&apos; and platformName &apos;ANDROID&apos;. Have you installed a driver that supports those capabilities? Run &apos;appium driver list --installed&apos; to see. (Lower-level error: Could not find installed driver to support given caps) 
Host info: host: &apos;LAPTOP-RMK290R9&apos;, ip: &apos;192.168.1.20&apos;
Build info: version: &apos;4.9.1&apos;, revision: &apos;eb2032df7f&apos;
System info: os.name: &apos;Windows 10&apos;, os.arch: &apos;amd64&apos;, os.version: &apos;10.0&apos;, java.version: &apos;1.8.0_211&apos;
Driver info: io.appium.java_client.android.AndroidDriver
Command: [null, newSession {capabilities=[{appium:udid=emulator-5554, appium:chromedriverExecutableDir=./utils/ExecutableDirs, appium:chromedriverChromeMappingFile=https://github.com/appium/appium-chromedriver/blob/master/config/mapping.json, browserName=Chrome, platformName=ANDROID, appium:deviceName=Pixel_XL_API_33, appium:automationName=ANDROID_UIAUTOMATOR2}], desiredCapabilities=Capabilities {appium:automationName: ANDROID_UIAUTOMATOR2, appium:chromedriverChromeMappingFile: https://github.com/appium/a..., appium:chromedriverExecutableDir: ./utils/ExecutableDirs, appium:deviceName: Pixel_XL_API_33, appium:udid: emulator-5554, browserName: Chrome, platformName: ANDROID}}]
Capabilities {appium:automationName: ANDROID_UIAUTOMATOR2, appium:chromedriverChromeMappingFile: https://github.com/appium/a..., appium:chromedriverExecutableDir: ./utils/ExecutableDirs, appium:deviceName: Pixel_XL_API_33, appium:udid: emulator-5554, browserName: Chrome, platformName: ANDROID}
	at org.openqa.selenium.remote.ProtocolHandshake.createSession(ProtocolHandshake.java:136)
	at io.appium.java_client.remote.AppiumProtocolHandshake.createSession(AppiumProtocolHandshake.java:133)
	at io.appium.java_client.remote.AppiumProtocolHandshake.createSession(AppiumProtocolHandshake.java:102)
	at io.appium.java_client.remote.AppiumCommandExecutor.createSession(AppiumCommandExecutor.java:182)
	at io.appium.java_client.remote.AppiumCommandExecutor.execute(AppiumCommandExecutor.java:250)
	at org.openqa.selenium.remote.RemoteWebDriver.execute(RemoteWebDriver.java:543)
	at io.appium.java_client.AppiumDriver.startSession(AppiumDriver.java:274)
	at org.openqa.selenium.remote.RemoteWebDriver.&lt;init&gt;(RemoteWebDriver.java:157)
	at io.appium.java_client.AppiumDriver.&lt;init&gt;(AppiumDriver.java:89)
	at io.appium.java_client.AppiumDriver.&lt;init&gt;(AppiumDriver.java:112)
	at io.appium.java_client.AppiumDriver.&lt;init&gt;(AppiumDriver.java:137)
	at io.appium.java_client.android.AndroidDriver.&lt;init&gt;(AndroidDriver.java:236)
	at tests.BaseTest.setup(BaseTest.java:90)
	at java.util.ArrayList.forEach(ArrayList.java:1257)
... Removed 39 stack frames
</div> <!-- stack-trace -->
                </div> <!-- method-content -->
              </div> <!-- method -->
              <div class="method">
                <div class="method-content">
                  <a name="tc03_fillOnlyLastNameField">
                  </a> <!-- tc03_fillOnlyLastNameField -->
                  <span class="method-name">tc03_fillOnlyLastNameField</span>
                  <div class="stack-trace">org.openqa.selenium.SessionNotCreatedException: Could not start a new session. Response code 500. Message: An unknown server-side error occurred while processing the command. Original error: Could not find a driver for automationName &apos;ANDROID_UIAUTOMATOR2&apos; and platformName &apos;ANDROID&apos;. Have you installed a driver that supports those capabilities? Run &apos;appium driver list --installed&apos; to see. (Lower-level error: Could not find installed driver to support given caps) 
Host info: host: &apos;LAPTOP-RMK290R9&apos;, ip: &apos;192.168.1.20&apos;
Build info: version: &apos;4.9.1&apos;, revision: &apos;eb2032df7f&apos;
System info: os.name: &apos;Windows 10&apos;, os.arch: &apos;amd64&apos;, os.version: &apos;10.0&apos;, java.version: &apos;1.8.0_211&apos;
Driver info: io.appium.java_client.android.AndroidDriver
Command: [null, newSession {capabilities=[{appium:udid=emulator-5554, appium:chromedriverExecutableDir=./utils/ExecutableDirs, appium:chromedriverChromeMappingFile=https://github.com/appium/appium-chromedriver/blob/master/config/mapping.json, browserName=Chrome, platformName=ANDROID, appium:deviceName=Pixel_XL_API_33, appium:automationName=ANDROID_UIAUTOMATOR2}], desiredCapabilities=Capabilities {appium:automationName: ANDROID_UIAUTOMATOR2, appium:chromedriverChromeMappingFile: https://github.com/appium/a..., appium:chromedriverExecutableDir: ./utils/ExecutableDirs, appium:deviceName: Pixel_XL_API_33, appium:udid: emulator-5554, browserName: Chrome, platformName: ANDROID}}]
Capabilities {appium:automationName: ANDROID_UIAUTOMATOR2, appium:chromedriverChromeMappingFile: https://github.com/appium/a..., appium:chromedriverExecutableDir: ./utils/ExecutableDirs, appium:deviceName: Pixel_XL_API_33, appium:udid: emulator-5554, browserName: Chrome, platformName: ANDROID}
	at org.openqa.selenium.remote.ProtocolHandshake.createSession(ProtocolHandshake.java:136)
	at io.appium.java_client.remote.AppiumProtocolHandshake.createSession(AppiumProtocolHandshake.java:133)
	at io.appium.java_client.remote.AppiumProtocolHandshake.createSession(AppiumProtocolHandshake.java:102)
	at io.appium.java_client.remote.AppiumCommandExecutor.createSession(AppiumCommandExecutor.java:182)
	at io.appium.java_client.remote.AppiumCommandExecutor.execute(AppiumCommandExecutor.java:250)
	at org.openqa.selenium.remote.RemoteWebDriver.execute(RemoteWebDriver.java:543)
	at io.appium.java_client.AppiumDriver.startSession(AppiumDriver.java:274)
	at org.openqa.selenium.remote.RemoteWebDriver.&lt;init&gt;(RemoteWebDriver.java:157)
	at io.appium.java_client.AppiumDriver.&lt;init&gt;(AppiumDriver.java:89)
	at io.appium.java_client.AppiumDriver.&lt;init&gt;(AppiumDriver.java:112)
	at io.appium.java_client.AppiumDriver.&lt;init&gt;(AppiumDriver.java:137)
	at io.appium.java_client.android.AndroidDriver.&lt;init&gt;(AndroidDriver.java:236)
	at tests.BaseTest.setup(BaseTest.java:90)
	at java.util.ArrayList.forEach(ArrayList.java:1257)
... Removed 39 stack frames
</div> <!-- stack-trace -->
                </div> <!-- method-content -->
              </div> <!-- method -->
              <div class="method">
                <div class="method-content">
                  <a name="tc04_fillOnlyZipCodeField">
                  </a> <!-- tc04_fillOnlyZipCodeField -->
                  <span class="method-name">tc04_fillOnlyZipCodeField</span>
                  <div class="stack-trace">org.openqa.selenium.SessionNotCreatedException: Could not start a new session. Response code 500. Message: An unknown server-side error occurred while processing the command. Original error: Could not find a driver for automationName &apos;ANDROID_UIAUTOMATOR2&apos; and platformName &apos;ANDROID&apos;. Have you installed a driver that supports those capabilities? Run &apos;appium driver list --installed&apos; to see. (Lower-level error: Could not find installed driver to support given caps) 
Host info: host: &apos;LAPTOP-RMK290R9&apos;, ip: &apos;192.168.1.20&apos;
Build info: version: &apos;4.9.1&apos;, revision: &apos;eb2032df7f&apos;
System info: os.name: &apos;Windows 10&apos;, os.arch: &apos;amd64&apos;, os.version: &apos;10.0&apos;, java.version: &apos;1.8.0_211&apos;
Driver info: io.appium.java_client.android.AndroidDriver
Command: [null, newSession {capabilities=[{appium:udid=emulator-5554, appium:chromedriverExecutableDir=./utils/ExecutableDirs, appium:chromedriverChromeMappingFile=https://github.com/appium/appium-chromedriver/blob/master/config/mapping.json, browserName=Chrome, platformName=ANDROID, appium:deviceName=Pixel_XL_API_33, appium:automationName=ANDROID_UIAUTOMATOR2}], desiredCapabilities=Capabilities {appium:automationName: ANDROID_UIAUTOMATOR2, appium:chromedriverChromeMappingFile: https://github.com/appium/a..., appium:chromedriverExecutableDir: ./utils/ExecutableDirs, appium:deviceName: Pixel_XL_API_33, appium:udid: emulator-5554, browserName: Chrome, platformName: ANDROID}}]
Capabilities {appium:automationName: ANDROID_UIAUTOMATOR2, appium:chromedriverChromeMappingFile: https://github.com/appium/a..., appium:chromedriverExecutableDir: ./utils/ExecutableDirs, appium:deviceName: Pixel_XL_API_33, appium:udid: emulator-5554, browserName: Chrome, platformName: ANDROID}
	at org.openqa.selenium.remote.ProtocolHandshake.createSession(ProtocolHandshake.java:136)
	at io.appium.java_client.remote.AppiumProtocolHandshake.createSession(AppiumProtocolHandshake.java:133)
	at io.appium.java_client.remote.AppiumProtocolHandshake.createSession(AppiumProtocolHandshake.java:102)
	at io.appium.java_client.remote.AppiumCommandExecutor.createSession(AppiumCommandExecutor.java:182)
	at io.appium.java_client.remote.AppiumCommandExecutor.execute(AppiumCommandExecutor.java:250)
	at org.openqa.selenium.remote.RemoteWebDriver.execute(RemoteWebDriver.java:543)
	at io.appium.java_client.AppiumDriver.startSession(AppiumDriver.java:274)
	at org.openqa.selenium.remote.RemoteWebDriver.&lt;init&gt;(RemoteWebDriver.java:157)
	at io.appium.java_client.AppiumDriver.&lt;init&gt;(AppiumDriver.java:89)
	at io.appium.java_client.AppiumDriver.&lt;init&gt;(AppiumDriver.java:112)
	at io.appium.java_client.AppiumDriver.&lt;init&gt;(AppiumDriver.java:137)
	at io.appium.java_client.android.AndroidDriver.&lt;init&gt;(AndroidDriver.java:236)
	at tests.BaseTest.setup(BaseTest.java:90)
	at java.util.ArrayList.forEach(ArrayList.java:1257)
... Removed 39 stack frames
</div> <!-- stack-trace -->
                </div> <!-- method-content -->
              </div> <!-- method -->
              <div class="method">
                <div class="method-content">
                  <a name="tc05_fillOnlyFirstAndLastNameFields">
                  </a> <!-- tc05_fillOnlyFirstAndLastNameFields -->
                  <span class="method-name">tc05_fillOnlyFirstAndLastNameFields</span>
                  <div class="stack-trace">org.openqa.selenium.SessionNotCreatedException: Could not start a new session. Response code 500. Message: An unknown server-side error occurred while processing the command. Original error: Could not find a driver for automationName &apos;ANDROID_UIAUTOMATOR2&apos; and platformName &apos;ANDROID&apos;. Have you installed a driver that supports those capabilities? Run &apos;appium driver list --installed&apos; to see. (Lower-level error: Could not find installed driver to support given caps) 
Host info: host: &apos;LAPTOP-RMK290R9&apos;, ip: &apos;192.168.1.20&apos;
Build info: version: &apos;4.9.1&apos;, revision: &apos;eb2032df7f&apos;
System info: os.name: &apos;Windows 10&apos;, os.arch: &apos;amd64&apos;, os.version: &apos;10.0&apos;, java.version: &apos;1.8.0_211&apos;
Driver info: io.appium.java_client.android.AndroidDriver
Command: [null, newSession {capabilities=[{appium:udid=emulator-5554, appium:chromedriverExecutableDir=./utils/ExecutableDirs, appium:chromedriverChromeMappingFile=https://github.com/appium/appium-chromedriver/blob/master/config/mapping.json, browserName=Chrome, platformName=ANDROID, appium:deviceName=Pixel_XL_API_33, appium:automationName=ANDROID_UIAUTOMATOR2}], desiredCapabilities=Capabilities {appium:automationName: ANDROID_UIAUTOMATOR2, appium:chromedriverChromeMappingFile: https://github.com/appium/a..., appium:chromedriverExecutableDir: ./utils/ExecutableDirs, appium:deviceName: Pixel_XL_API_33, appium:udid: emulator-5554, browserName: Chrome, platformName: ANDROID}}]
Capabilities {appium:automationName: ANDROID_UIAUTOMATOR2, appium:chromedriverChromeMappingFile: https://github.com/appium/a..., appium:chromedriverExecutableDir: ./utils/ExecutableDirs, appium:deviceName: Pixel_XL_API_33, appium:udid: emulator-5554, browserName: Chrome, platformName: ANDROID}
	at org.openqa.selenium.remote.ProtocolHandshake.createSession(ProtocolHandshake.java:136)
	at io.appium.java_client.remote.AppiumProtocolHandshake.createSession(AppiumProtocolHandshake.java:133)
	at io.appium.java_client.remote.AppiumProtocolHandshake.createSession(AppiumProtocolHandshake.java:102)
	at io.appium.java_client.remote.AppiumCommandExecutor.createSession(AppiumCommandExecutor.java:182)
	at io.appium.java_client.remote.AppiumCommandExecutor.execute(AppiumCommandExecutor.java:250)
	at org.openqa.selenium.remote.RemoteWebDriver.execute(RemoteWebDriver.java:543)
	at io.appium.java_client.AppiumDriver.startSession(AppiumDriver.java:274)
	at org.openqa.selenium.remote.RemoteWebDriver.&lt;init&gt;(RemoteWebDriver.java:157)
	at io.appium.java_client.AppiumDriver.&lt;init&gt;(AppiumDriver.java:89)
	at io.appium.java_client.AppiumDriver.&lt;init&gt;(AppiumDriver.java:112)
	at io.appium.java_client.AppiumDriver.&lt;init&gt;(AppiumDriver.java:137)
	at io.appium.java_client.android.AndroidDriver.&lt;init&gt;(AndroidDriver.java:236)
	at tests.BaseTest.setup(BaseTest.java:90)
	at java.util.ArrayList.forEach(ArrayList.java:1257)
... Removed 39 stack frames
</div> <!-- stack-trace -->
                </div> <!-- method-content -->
              </div> <!-- method -->
              <div class="method">
                <div class="method-content">
                  <a name="tc06_fillOnlyFirstNameZipCodeFields">
                  </a> <!-- tc06_fillOnlyFirstNameZipCodeFields -->
                  <span class="method-name">tc06_fillOnlyFirstNameZipCodeFields</span>
                  <div class="stack-trace">org.openqa.selenium.SessionNotCreatedException: Could not start a new session. Response code 500. Message: An unknown server-side error occurred while processing the command. Original error: Could not find a driver for automationName &apos;ANDROID_UIAUTOMATOR2&apos; and platformName &apos;ANDROID&apos;. Have you installed a driver that supports those capabilities? Run &apos;appium driver list --installed&apos; to see. (Lower-level error: Could not find installed driver to support given caps) 
Host info: host: &apos;LAPTOP-RMK290R9&apos;, ip: &apos;192.168.1.20&apos;
Build info: version: &apos;4.9.1&apos;, revision: &apos;eb2032df7f&apos;
System info: os.name: &apos;Windows 10&apos;, os.arch: &apos;amd64&apos;, os.version: &apos;10.0&apos;, java.version: &apos;1.8.0_211&apos;
Driver info: io.appium.java_client.android.AndroidDriver
Command: [null, newSession {capabilities=[{appium:udid=emulator-5554, appium:chromedriverExecutableDir=./utils/ExecutableDirs, appium:chromedriverChromeMappingFile=https://github.com/appium/appium-chromedriver/blob/master/config/mapping.json, browserName=Chrome, platformName=ANDROID, appium:deviceName=Pixel_XL_API_33, appium:automationName=ANDROID_UIAUTOMATOR2}], desiredCapabilities=Capabilities {appium:automationName: ANDROID_UIAUTOMATOR2, appium:chromedriverChromeMappingFile: https://github.com/appium/a..., appium:chromedriverExecutableDir: ./utils/ExecutableDirs, appium:deviceName: Pixel_XL_API_33, appium:udid: emulator-5554, browserName: Chrome, platformName: ANDROID}}]
Capabilities {appium:automationName: ANDROID_UIAUTOMATOR2, appium:chromedriverChromeMappingFile: https://github.com/appium/a..., appium:chromedriverExecutableDir: ./utils/ExecutableDirs, appium:deviceName: Pixel_XL_API_33, appium:udid: emulator-5554, browserName: Chrome, platformName: ANDROID}
	at org.openqa.selenium.remote.ProtocolHandshake.createSession(ProtocolHandshake.java:136)
	at io.appium.java_client.remote.AppiumProtocolHandshake.createSession(AppiumProtocolHandshake.java:133)
	at io.appium.java_client.remote.AppiumProtocolHandshake.createSession(AppiumProtocolHandshake.java:102)
	at io.appium.java_client.remote.AppiumCommandExecutor.createSession(AppiumCommandExecutor.java:182)
	at io.appium.java_client.remote.AppiumCommandExecutor.execute(AppiumCommandExecutor.java:250)
	at org.openqa.selenium.remote.RemoteWebDriver.execute(RemoteWebDriver.java:543)
	at io.appium.java_client.AppiumDriver.startSession(AppiumDriver.java:274)
	at org.openqa.selenium.remote.RemoteWebDriver.&lt;init&gt;(RemoteWebDriver.java:157)
	at io.appium.java_client.AppiumDriver.&lt;init&gt;(AppiumDriver.java:89)
	at io.appium.java_client.AppiumDriver.&lt;init&gt;(AppiumDriver.java:112)
	at io.appium.java_client.AppiumDriver.&lt;init&gt;(AppiumDriver.java:137)
	at io.appium.java_client.android.AndroidDriver.&lt;init&gt;(AndroidDriver.java:236)
	at tests.BaseTest.setup(BaseTest.java:90)
	at java.util.ArrayList.forEach(ArrayList.java:1257)
... Removed 39 stack frames
</div> <!-- stack-trace -->
                </div> <!-- method-content -->
              </div> <!-- method -->
              <div class="method">
                <div class="method-content">
                  <a name="tc07_fillOnlyLastNameAndZipCodeFields">
                  </a> <!-- tc07_fillOnlyLastNameAndZipCodeFields -->
                  <span class="method-name">tc07_fillOnlyLastNameAndZipCodeFields</span>
                  <div class="stack-trace">org.openqa.selenium.SessionNotCreatedException: Could not start a new session. Response code 500. Message: An unknown server-side error occurred while processing the command. Original error: Could not find a driver for automationName &apos;ANDROID_UIAUTOMATOR2&apos; and platformName &apos;ANDROID&apos;. Have you installed a driver that supports those capabilities? Run &apos;appium driver list --installed&apos; to see. (Lower-level error: Could not find installed driver to support given caps) 
Host info: host: &apos;LAPTOP-RMK290R9&apos;, ip: &apos;192.168.1.20&apos;
Build info: version: &apos;4.9.1&apos;, revision: &apos;eb2032df7f&apos;
System info: os.name: &apos;Windows 10&apos;, os.arch: &apos;amd64&apos;, os.version: &apos;10.0&apos;, java.version: &apos;1.8.0_211&apos;
Driver info: io.appium.java_client.android.AndroidDriver
Command: [null, newSession {capabilities=[{appium:udid=emulator-5554, appium:chromedriverExecutableDir=./utils/ExecutableDirs, appium:chromedriverChromeMappingFile=https://github.com/appium/appium-chromedriver/blob/master/config/mapping.json, browserName=Chrome, platformName=ANDROID, appium:deviceName=Pixel_XL_API_33, appium:automationName=ANDROID_UIAUTOMATOR2}], desiredCapabilities=Capabilities {appium:automationName: ANDROID_UIAUTOMATOR2, appium:chromedriverChromeMappingFile: https://github.com/appium/a..., appium:chromedriverExecutableDir: ./utils/ExecutableDirs, appium:deviceName: Pixel_XL_API_33, appium:udid: emulator-5554, browserName: Chrome, platformName: ANDROID}}]
Capabilities {appium:automationName: ANDROID_UIAUTOMATOR2, appium:chromedriverChromeMappingFile: https://github.com/appium/a..., appium:chromedriverExecutableDir: ./utils/ExecutableDirs, appium:deviceName: Pixel_XL_API_33, appium:udid: emulator-5554, browserName: Chrome, platformName: ANDROID}
	at org.openqa.selenium.remote.ProtocolHandshake.createSession(ProtocolHandshake.java:136)
	at io.appium.java_client.remote.AppiumProtocolHandshake.createSession(AppiumProtocolHandshake.java:133)
	at io.appium.java_client.remote.AppiumProtocolHandshake.createSession(AppiumProtocolHandshake.java:102)
	at io.appium.java_client.remote.AppiumCommandExecutor.createSession(AppiumCommandExecutor.java:182)
	at io.appium.java_client.remote.AppiumCommandExecutor.execute(AppiumCommandExecutor.java:250)
	at org.openqa.selenium.remote.RemoteWebDriver.execute(RemoteWebDriver.java:543)
	at io.appium.java_client.AppiumDriver.startSession(AppiumDriver.java:274)
	at org.openqa.selenium.remote.RemoteWebDriver.&lt;init&gt;(RemoteWebDriver.java:157)
	at io.appium.java_client.AppiumDriver.&lt;init&gt;(AppiumDriver.java:89)
	at io.appium.java_client.AppiumDriver.&lt;init&gt;(AppiumDriver.java:112)
	at io.appium.java_client.AppiumDriver.&lt;init&gt;(AppiumDriver.java:137)
	at io.appium.java_client.android.AndroidDriver.&lt;init&gt;(AndroidDriver.java:236)
	at tests.BaseTest.setup(BaseTest.java:90)
	at java.util.ArrayList.forEach(ArrayList.java:1257)
... Removed 39 stack frames
</div> <!-- stack-trace -->
                </div> <!-- method-content -->
              </div> <!-- method -->
            </div> <!-- main-panel-content rounded-window-bottom -->
          </div> <!-- suite-Suite1-class-skipped -->
          <div class="suite-Suite1-class-skipped">
            <div class="main-panel-header rounded-window-top">
              <img src="skipped.png"/>
              <span class="class-name">tests.t8_SocialMediaLinks</span>
            </div> <!-- main-panel-header rounded-window-top -->
            <div class="main-panel-content rounded-window-bottom">
              <div class="method">
                <div class="method-content">
                  <a name="tc01_verifySocialMediaLinksInProductPage">
                  </a> <!-- tc01_verifySocialMediaLinksInProductPage -->
                  <span class="method-name">tc01_verifySocialMediaLinksInProductPage</span>
                  <div class="stack-trace">org.openqa.selenium.SessionNotCreatedException: Could not start a new session. Response code 500. Message: An unknown server-side error occurred while processing the command. Original error: Could not find a driver for automationName &apos;ANDROID_UIAUTOMATOR2&apos; and platformName &apos;ANDROID&apos;. Have you installed a driver that supports those capabilities? Run &apos;appium driver list --installed&apos; to see. (Lower-level error: Could not find installed driver to support given caps) 
Host info: host: &apos;LAPTOP-RMK290R9&apos;, ip: &apos;192.168.1.20&apos;
Build info: version: &apos;4.9.1&apos;, revision: &apos;eb2032df7f&apos;
System info: os.name: &apos;Windows 10&apos;, os.arch: &apos;amd64&apos;, os.version: &apos;10.0&apos;, java.version: &apos;1.8.0_211&apos;
Driver info: io.appium.java_client.android.AndroidDriver
Command: [null, newSession {capabilities=[{appium:udid=emulator-5554, appium:chromedriverExecutableDir=./utils/ExecutableDirs, appium:chromedriverChromeMappingFile=https://github.com/appium/appium-chromedriver/blob/master/config/mapping.json, browserName=Chrome, platformName=ANDROID, appium:deviceName=Pixel_XL_API_33, appium:automationName=ANDROID_UIAUTOMATOR2}], desiredCapabilities=Capabilities {appium:automationName: ANDROID_UIAUTOMATOR2, appium:chromedriverChromeMappingFile: https://github.com/appium/a..., appium:chromedriverExecutableDir: ./utils/ExecutableDirs, appium:deviceName: Pixel_XL_API_33, appium:udid: emulator-5554, browserName: Chrome, platformName: ANDROID}}]
Capabilities {appium:automationName: ANDROID_UIAUTOMATOR2, appium:chromedriverChromeMappingFile: https://github.com/appium/a..., appium:chromedriverExecutableDir: ./utils/ExecutableDirs, appium:deviceName: Pixel_XL_API_33, appium:udid: emulator-5554, browserName: Chrome, platformName: ANDROID}
	at org.openqa.selenium.remote.ProtocolHandshake.createSession(ProtocolHandshake.java:136)
	at io.appium.java_client.remote.AppiumProtocolHandshake.createSession(AppiumProtocolHandshake.java:133)
	at io.appium.java_client.remote.AppiumProtocolHandshake.createSession(AppiumProtocolHandshake.java:102)
	at io.appium.java_client.remote.AppiumCommandExecutor.createSession(AppiumCommandExecutor.java:182)
	at io.appium.java_client.remote.AppiumCommandExecutor.execute(AppiumCommandExecutor.java:250)
	at org.openqa.selenium.remote.RemoteWebDriver.execute(RemoteWebDriver.java:543)
	at io.appium.java_client.AppiumDriver.startSession(AppiumDriver.java:274)
	at org.openqa.selenium.remote.RemoteWebDriver.&lt;init&gt;(RemoteWebDriver.java:157)
	at io.appium.java_client.AppiumDriver.&lt;init&gt;(AppiumDriver.java:89)
	at io.appium.java_client.AppiumDriver.&lt;init&gt;(AppiumDriver.java:112)
	at io.appium.java_client.AppiumDriver.&lt;init&gt;(AppiumDriver.java:137)
	at io.appium.java_client.android.AndroidDriver.&lt;init&gt;(AndroidDriver.java:236)
	at tests.BaseTest.setup(BaseTest.java:90)
	at java.util.ArrayList.forEach(ArrayList.java:1257)
... Removed 39 stack frames
</div> <!-- stack-trace -->
                </div> <!-- method-content -->
              </div> <!-- method -->
              <div class="method">
                <div class="method-content">
                  <a name="tc01_verifySocialMediaLinksInProductsPage">
                  </a> <!-- tc01_verifySocialMediaLinksInProductsPage -->
                  <span class="method-name">tc01_verifySocialMediaLinksInProductsPage</span>
                  <div class="stack-trace">org.openqa.selenium.SessionNotCreatedException: Could not start a new session. Response code 500. Message: An unknown server-side error occurred while processing the command. Original error: Could not find a driver for automationName &apos;ANDROID_UIAUTOMATOR2&apos; and platformName &apos;ANDROID&apos;. Have you installed a driver that supports those capabilities? Run &apos;appium driver list --installed&apos; to see. (Lower-level error: Could not find installed driver to support given caps) 
Host info: host: &apos;LAPTOP-RMK290R9&apos;, ip: &apos;192.168.1.20&apos;
Build info: version: &apos;4.9.1&apos;, revision: &apos;eb2032df7f&apos;
System info: os.name: &apos;Windows 10&apos;, os.arch: &apos;amd64&apos;, os.version: &apos;10.0&apos;, java.version: &apos;1.8.0_211&apos;
Driver info: io.appium.java_client.android.AndroidDriver
Command: [null, newSession {capabilities=[{appium:udid=emulator-5554, appium:chromedriverExecutableDir=./utils/ExecutableDirs, appium:chromedriverChromeMappingFile=https://github.com/appium/appium-chromedriver/blob/master/config/mapping.json, browserName=Chrome, platformName=ANDROID, appium:deviceName=Pixel_XL_API_33, appium:automationName=ANDROID_UIAUTOMATOR2}], desiredCapabilities=Capabilities {appium:automationName: ANDROID_UIAUTOMATOR2, appium:chromedriverChromeMappingFile: https://github.com/appium/a..., appium:chromedriverExecutableDir: ./utils/ExecutableDirs, appium:deviceName: Pixel_XL_API_33, appium:udid: emulator-5554, browserName: Chrome, platformName: ANDROID}}]
Capabilities {appium:automationName: ANDROID_UIAUTOMATOR2, appium:chromedriverChromeMappingFile: https://github.com/appium/a..., appium:chromedriverExecutableDir: ./utils/ExecutableDirs, appium:deviceName: Pixel_XL_API_33, appium:udid: emulator-5554, browserName: Chrome, platformName: ANDROID}
	at org.openqa.selenium.remote.ProtocolHandshake.createSession(ProtocolHandshake.java:136)
	at io.appium.java_client.remote.AppiumProtocolHandshake.createSession(AppiumProtocolHandshake.java:133)
	at io.appium.java_client.remote.AppiumProtocolHandshake.createSession(AppiumProtocolHandshake.java:102)
	at io.appium.java_client.remote.AppiumCommandExecutor.createSession(AppiumCommandExecutor.java:182)
	at io.appium.java_client.remote.AppiumCommandExecutor.execute(AppiumCommandExecutor.java:250)
	at org.openqa.selenium.remote.RemoteWebDriver.execute(RemoteWebDriver.java:543)
	at io.appium.java_client.AppiumDriver.startSession(AppiumDriver.java:274)
	at org.openqa.selenium.remote.RemoteWebDriver.&lt;init&gt;(RemoteWebDriver.java:157)
	at io.appium.java_client.AppiumDriver.&lt;init&gt;(AppiumDriver.java:89)
	at io.appium.java_client.AppiumDriver.&lt;init&gt;(AppiumDriver.java:112)
	at io.appium.java_client.AppiumDriver.&lt;init&gt;(AppiumDriver.java:137)
	at io.appium.java_client.android.AndroidDriver.&lt;init&gt;(AndroidDriver.java:236)
	at tests.BaseTest.setup(BaseTest.java:90)
	at java.util.ArrayList.forEach(ArrayList.java:1257)
... Removed 39 stack frames
</div> <!-- stack-trace -->
                </div> <!-- method-content -->
              </div> <!-- method -->
            </div> <!-- main-panel-content rounded-window-bottom -->
          </div> <!-- suite-Suite1-class-skipped -->
          <div class="suite-Suite1-class-skipped">
            <div class="main-panel-header rounded-window-top">
              <img src="skipped.png"/>
              <span class="class-name">tests.t3_RemoveProducts</span>
            </div> <!-- main-panel-header rounded-window-top -->
            <div class="main-panel-content rounded-window-bottom">
              <div class="method">
                <div class="method-content">
                  <a name="tc01_removeItemsFromProductPage">
                  </a> <!-- tc01_removeItemsFromProductPage -->
                  <span class="method-name">tc01_removeItemsFromProductPage</span>
                  <div class="stack-trace">org.openqa.selenium.SessionNotCreatedException: Could not start a new session. Response code 500. Message: An unknown server-side error occurred while processing the command. Original error: Could not find a driver for automationName &apos;ANDROID_UIAUTOMATOR2&apos; and platformName &apos;ANDROID&apos;. Have you installed a driver that supports those capabilities? Run &apos;appium driver list --installed&apos; to see. (Lower-level error: Could not find installed driver to support given caps) 
Host info: host: &apos;LAPTOP-RMK290R9&apos;, ip: &apos;192.168.1.20&apos;
Build info: version: &apos;4.9.1&apos;, revision: &apos;eb2032df7f&apos;
System info: os.name: &apos;Windows 10&apos;, os.arch: &apos;amd64&apos;, os.version: &apos;10.0&apos;, java.version: &apos;1.8.0_211&apos;
Driver info: io.appium.java_client.android.AndroidDriver
Command: [null, newSession {capabilities=[{appium:udid=emulator-5554, appium:chromedriverExecutableDir=./utils/ExecutableDirs, appium:chromedriverChromeMappingFile=https://github.com/appium/appium-chromedriver/blob/master/config/mapping.json, browserName=Chrome, platformName=ANDROID, appium:deviceName=Pixel_XL_API_33, appium:automationName=ANDROID_UIAUTOMATOR2}], desiredCapabilities=Capabilities {appium:automationName: ANDROID_UIAUTOMATOR2, appium:chromedriverChromeMappingFile: https://github.com/appium/a..., appium:chromedriverExecutableDir: ./utils/ExecutableDirs, appium:deviceName: Pixel_XL_API_33, appium:udid: emulator-5554, browserName: Chrome, platformName: ANDROID}}]
Capabilities {appium:automationName: ANDROID_UIAUTOMATOR2, appium:chromedriverChromeMappingFile: https://github.com/appium/a..., appium:chromedriverExecutableDir: ./utils/ExecutableDirs, appium:deviceName: Pixel_XL_API_33, appium:udid: emulator-5554, browserName: Chrome, platformName: ANDROID}
	at org.openqa.selenium.remote.ProtocolHandshake.createSession(ProtocolHandshake.java:136)
	at io.appium.java_client.remote.AppiumProtocolHandshake.createSession(AppiumProtocolHandshake.java:133)
	at io.appium.java_client.remote.AppiumProtocolHandshake.createSession(AppiumProtocolHandshake.java:102)
	at io.appium.java_client.remote.AppiumCommandExecutor.createSession(AppiumCommandExecutor.java:182)
	at io.appium.java_client.remote.AppiumCommandExecutor.execute(AppiumCommandExecutor.java:250)
	at org.openqa.selenium.remote.RemoteWebDriver.execute(RemoteWebDriver.java:543)
	at io.appium.java_client.AppiumDriver.startSession(AppiumDriver.java:274)
	at org.openqa.selenium.remote.RemoteWebDriver.&lt;init&gt;(RemoteWebDriver.java:157)
	at io.appium.java_client.AppiumDriver.&lt;init&gt;(AppiumDriver.java:89)
	at io.appium.java_client.AppiumDriver.&lt;init&gt;(AppiumDriver.java:112)
	at io.appium.java_client.AppiumDriver.&lt;init&gt;(AppiumDriver.java:137)
	at io.appium.java_client.android.AndroidDriver.&lt;init&gt;(AndroidDriver.java:236)
	at tests.BaseTest.setup(BaseTest.java:90)
	at java.util.ArrayList.forEach(ArrayList.java:1257)
... Removed 39 stack frames
</div> <!-- stack-trace -->
                </div> <!-- method-content -->
              </div> <!-- method -->
              <div class="method">
                <div class="method-content">
                  <a name="tc01_removeItemsFromProductsPage">
                  </a> <!-- tc01_removeItemsFromProductsPage -->
                  <span class="method-name">tc01_removeItemsFromProductsPage</span>
                  <div class="stack-trace">org.openqa.selenium.SessionNotCreatedException: Could not start a new session. Response code 500. Message: An unknown server-side error occurred while processing the command. Original error: Could not find a driver for automationName &apos;ANDROID_UIAUTOMATOR2&apos; and platformName &apos;ANDROID&apos;. Have you installed a driver that supports those capabilities? Run &apos;appium driver list --installed&apos; to see. (Lower-level error: Could not find installed driver to support given caps) 
Host info: host: &apos;LAPTOP-RMK290R9&apos;, ip: &apos;192.168.1.20&apos;
Build info: version: &apos;4.9.1&apos;, revision: &apos;eb2032df7f&apos;
System info: os.name: &apos;Windows 10&apos;, os.arch: &apos;amd64&apos;, os.version: &apos;10.0&apos;, java.version: &apos;1.8.0_211&apos;
Driver info: io.appium.java_client.android.AndroidDriver
Command: [null, newSession {capabilities=[{appium:udid=emulator-5554, appium:chromedriverExecutableDir=./utils/ExecutableDirs, appium:chromedriverChromeMappingFile=https://github.com/appium/appium-chromedriver/blob/master/config/mapping.json, browserName=Chrome, platformName=ANDROID, appium:deviceName=Pixel_XL_API_33, appium:automationName=ANDROID_UIAUTOMATOR2}], desiredCapabilities=Capabilities {appium:automationName: ANDROID_UIAUTOMATOR2, appium:chromedriverChromeMappingFile: https://github.com/appium/a..., appium:chromedriverExecutableDir: ./utils/ExecutableDirs, appium:deviceName: Pixel_XL_API_33, appium:udid: emulator-5554, browserName: Chrome, platformName: ANDROID}}]
Capabilities {appium:automationName: ANDROID_UIAUTOMATOR2, appium:chromedriverChromeMappingFile: https://github.com/appium/a..., appium:chromedriverExecutableDir: ./utils/ExecutableDirs, appium:deviceName: Pixel_XL_API_33, appium:udid: emulator-5554, browserName: Chrome, platformName: ANDROID}
	at org.openqa.selenium.remote.ProtocolHandshake.createSession(ProtocolHandshake.java:136)
	at io.appium.java_client.remote.AppiumProtocolHandshake.createSession(AppiumProtocolHandshake.java:133)
	at io.appium.java_client.remote.AppiumProtocolHandshake.createSession(AppiumProtocolHandshake.java:102)
	at io.appium.java_client.remote.AppiumCommandExecutor.createSession(AppiumCommandExecutor.java:182)
	at io.appium.java_client.remote.AppiumCommandExecutor.execute(AppiumCommandExecutor.java:250)
	at org.openqa.selenium.remote.RemoteWebDriver.execute(RemoteWebDriver.java:543)
	at io.appium.java_client.AppiumDriver.startSession(AppiumDriver.java:274)
	at org.openqa.selenium.remote.RemoteWebDriver.&lt;init&gt;(RemoteWebDriver.java:157)
	at io.appium.java_client.AppiumDriver.&lt;init&gt;(AppiumDriver.java:89)
	at io.appium.java_client.AppiumDriver.&lt;init&gt;(AppiumDriver.java:112)
	at io.appium.java_client.AppiumDriver.&lt;init&gt;(AppiumDriver.java:137)
	at io.appium.java_client.android.AndroidDriver.&lt;init&gt;(AndroidDriver.java:236)
	at tests.BaseTest.setup(BaseTest.java:90)
	at java.util.ArrayList.forEach(ArrayList.java:1257)
... Removed 39 stack frames
</div> <!-- stack-trace -->
                </div> <!-- method-content -->
              </div> <!-- method -->
            </div> <!-- main-panel-content rounded-window-bottom -->
          </div> <!-- suite-Suite1-class-skipped -->
          <div class="suite-Suite1-class-skipped">
            <div class="main-panel-header rounded-window-top">
              <img src="skipped.png"/>
              <span class="class-name">tests.t2_AddProducts</span>
            </div> <!-- main-panel-header rounded-window-top -->
            <div class="main-panel-content rounded-window-bottom">
              <div class="method">
                <div class="method-content">
                  <a name="tc01_AddItemsFromProductsPage">
                  </a> <!-- tc01_AddItemsFromProductsPage -->
                  <span class="method-name">tc01_AddItemsFromProductsPage</span>
                  <div class="stack-trace">org.openqa.selenium.SessionNotCreatedException: Could not start a new session. Response code 500. Message: An unknown server-side error occurred while processing the command. Original error: Could not find a driver for automationName &apos;ANDROID_UIAUTOMATOR2&apos; and platformName &apos;ANDROID&apos;. Have you installed a driver that supports those capabilities? Run &apos;appium driver list --installed&apos; to see. (Lower-level error: Could not find installed driver to support given caps) 
Host info: host: &apos;LAPTOP-RMK290R9&apos;, ip: &apos;192.168.1.20&apos;
Build info: version: &apos;4.9.1&apos;, revision: &apos;eb2032df7f&apos;
System info: os.name: &apos;Windows 10&apos;, os.arch: &apos;amd64&apos;, os.version: &apos;10.0&apos;, java.version: &apos;1.8.0_211&apos;
Driver info: io.appium.java_client.android.AndroidDriver
Command: [null, newSession {capabilities=[{appium:udid=emulator-5554, appium:chromedriverExecutableDir=./utils/ExecutableDirs, appium:chromedriverChromeMappingFile=https://github.com/appium/appium-chromedriver/blob/master/config/mapping.json, browserName=Chrome, platformName=ANDROID, appium:deviceName=Pixel_XL_API_33, appium:automationName=ANDROID_UIAUTOMATOR2}], desiredCapabilities=Capabilities {appium:automationName: ANDROID_UIAUTOMATOR2, appium:chromedriverChromeMappingFile: https://github.com/appium/a..., appium:chromedriverExecutableDir: ./utils/ExecutableDirs, appium:deviceName: Pixel_XL_API_33, appium:udid: emulator-5554, browserName: Chrome, platformName: ANDROID}}]
Capabilities {appium:automationName: ANDROID_UIAUTOMATOR2, appium:chromedriverChromeMappingFile: https://github.com/appium/a..., appium:chromedriverExecutableDir: ./utils/ExecutableDirs, appium:deviceName: Pixel_XL_API_33, appium:udid: emulator-5554, browserName: Chrome, platformName: ANDROID}
	at org.openqa.selenium.remote.ProtocolHandshake.createSession(ProtocolHandshake.java:136)
	at io.appium.java_client.remote.AppiumProtocolHandshake.createSession(AppiumProtocolHandshake.java:133)
	at io.appium.java_client.remote.AppiumProtocolHandshake.createSession(AppiumProtocolHandshake.java:102)
	at io.appium.java_client.remote.AppiumCommandExecutor.createSession(AppiumCommandExecutor.java:182)
	at io.appium.java_client.remote.AppiumCommandExecutor.execute(AppiumCommandExecutor.java:250)
	at org.openqa.selenium.remote.RemoteWebDriver.execute(RemoteWebDriver.java:543)
	at io.appium.java_client.AppiumDriver.startSession(AppiumDriver.java:274)
	at org.openqa.selenium.remote.RemoteWebDriver.&lt;init&gt;(RemoteWebDriver.java:157)
	at io.appium.java_client.AppiumDriver.&lt;init&gt;(AppiumDriver.java:89)
	at io.appium.java_client.AppiumDriver.&lt;init&gt;(AppiumDriver.java:112)
	at io.appium.java_client.AppiumDriver.&lt;init&gt;(AppiumDriver.java:137)
	at io.appium.java_client.android.AndroidDriver.&lt;init&gt;(AndroidDriver.java:236)
	at tests.BaseTest.setup(BaseTest.java:90)
	at java.util.ArrayList.forEach(ArrayList.java:1257)
... Removed 39 stack frames
</div> <!-- stack-trace -->
                </div> <!-- method-content -->
              </div> <!-- method -->
              <div class="method">
                <div class="method-content">
                  <a name="tc02_AddItemsFromProductPage">
                  </a> <!-- tc02_AddItemsFromProductPage -->
                  <span class="method-name">tc02_AddItemsFromProductPage</span>
                  <div class="stack-trace">org.openqa.selenium.SessionNotCreatedException: Could not start a new session. Response code 500. Message: An unknown server-side error occurred while processing the command. Original error: Could not find a driver for automationName &apos;ANDROID_UIAUTOMATOR2&apos; and platformName &apos;ANDROID&apos;. Have you installed a driver that supports those capabilities? Run &apos;appium driver list --installed&apos; to see. (Lower-level error: Could not find installed driver to support given caps) 
Host info: host: &apos;LAPTOP-RMK290R9&apos;, ip: &apos;192.168.1.20&apos;
Build info: version: &apos;4.9.1&apos;, revision: &apos;eb2032df7f&apos;
System info: os.name: &apos;Windows 10&apos;, os.arch: &apos;amd64&apos;, os.version: &apos;10.0&apos;, java.version: &apos;1.8.0_211&apos;
Driver info: io.appium.java_client.android.AndroidDriver
Command: [null, newSession {capabilities=[{appium:udid=emulator-5554, appium:chromedriverExecutableDir=./utils/ExecutableDirs, appium:chromedriverChromeMappingFile=https://github.com/appium/appium-chromedriver/blob/master/config/mapping.json, browserName=Chrome, platformName=ANDROID, appium:deviceName=Pixel_XL_API_33, appium:automationName=ANDROID_UIAUTOMATOR2}], desiredCapabilities=Capabilities {appium:automationName: ANDROID_UIAUTOMATOR2, appium:chromedriverChromeMappingFile: https://github.com/appium/a..., appium:chromedriverExecutableDir: ./utils/ExecutableDirs, appium:deviceName: Pixel_XL_API_33, appium:udid: emulator-5554, browserName: Chrome, platformName: ANDROID}}]
Capabilities {appium:automationName: ANDROID_UIAUTOMATOR2, appium:chromedriverChromeMappingFile: https://github.com/appium/a..., appium:chromedriverExecutableDir: ./utils/ExecutableDirs, appium:deviceName: Pixel_XL_API_33, appium:udid: emulator-5554, browserName: Chrome, platformName: ANDROID}
	at org.openqa.selenium.remote.ProtocolHandshake.createSession(ProtocolHandshake.java:136)
	at io.appium.java_client.remote.AppiumProtocolHandshake.createSession(AppiumProtocolHandshake.java:133)
	at io.appium.java_client.remote.AppiumProtocolHandshake.createSession(AppiumProtocolHandshake.java:102)
	at io.appium.java_client.remote.AppiumCommandExecutor.createSession(AppiumCommandExecutor.java:182)
	at io.appium.java_client.remote.AppiumCommandExecutor.execute(AppiumCommandExecutor.java:250)
	at org.openqa.selenium.remote.RemoteWebDriver.execute(RemoteWebDriver.java:543)
	at io.appium.java_client.AppiumDriver.startSession(AppiumDriver.java:274)
	at org.openqa.selenium.remote.RemoteWebDriver.&lt;init&gt;(RemoteWebDriver.java:157)
	at io.appium.java_client.AppiumDriver.&lt;init&gt;(AppiumDriver.java:89)
	at io.appium.java_client.AppiumDriver.&lt;init&gt;(AppiumDriver.java:112)
	at io.appium.java_client.AppiumDriver.&lt;init&gt;(AppiumDriver.java:137)
	at io.appium.java_client.android.AndroidDriver.&lt;init&gt;(AndroidDriver.java:236)
	at tests.BaseTest.setup(BaseTest.java:90)
	at java.util.ArrayList.forEach(ArrayList.java:1257)
... Removed 39 stack frames
</div> <!-- stack-trace -->
                </div> <!-- method-content -->
              </div> <!-- method -->
            </div> <!-- main-panel-content rounded-window-bottom -->
          </div> <!-- suite-Suite1-class-skipped -->
          <div class="suite-Suite1-class-skipped">
            <div class="main-panel-header rounded-window-top">
              <img src="skipped.png"/>
              <span class="class-name">tests.t1_Login</span>
            </div> <!-- main-panel-header rounded-window-top -->
            <div class="main-panel-content rounded-window-bottom">
              <div class="method">
                <div class="method-content">
                  <a name="tc01_userLogin(, , Epic sadface: Username is required)">
                  </a> <!-- tc01_userLogin(, , Epic sadface: Username is required) -->
                  <span class="method-name">tc01_userLogin</span>
                  <span class="parameters">(, , Epic sadface: Username is required)</span>
                  <div class="stack-trace">org.openqa.selenium.SessionNotCreatedException: Could not start a new session. Response code 500. Message: An unknown server-side error occurred while processing the command. Original error: Could not find a driver for automationName &apos;ANDROID_UIAUTOMATOR2&apos; and platformName &apos;ANDROID&apos;. Have you installed a driver that supports those capabilities? Run &apos;appium driver list --installed&apos; to see. (Lower-level error: Could not find installed driver to support given caps) 
Host info: host: &apos;LAPTOP-RMK290R9&apos;, ip: &apos;192.168.1.20&apos;
Build info: version: &apos;4.9.1&apos;, revision: &apos;eb2032df7f&apos;
System info: os.name: &apos;Windows 10&apos;, os.arch: &apos;amd64&apos;, os.version: &apos;10.0&apos;, java.version: &apos;1.8.0_211&apos;
Driver info: io.appium.java_client.android.AndroidDriver
Command: [null, newSession {capabilities=[{appium:udid=emulator-5554, appium:chromedriverExecutableDir=./utils/ExecutableDirs, appium:chromedriverChromeMappingFile=https://github.com/appium/appium-chromedriver/blob/master/config/mapping.json, browserName=Chrome, platformName=ANDROID, appium:deviceName=Pixel_XL_API_33, appium:automationName=ANDROID_UIAUTOMATOR2}], desiredCapabilities=Capabilities {appium:automationName: ANDROID_UIAUTOMATOR2, appium:chromedriverChromeMappingFile: https://github.com/appium/a..., appium:chromedriverExecutableDir: ./utils/ExecutableDirs, appium:deviceName: Pixel_XL_API_33, appium:udid: emulator-5554, browserName: Chrome, platformName: ANDROID}}]
Capabilities {appium:automationName: ANDROID_UIAUTOMATOR2, appium:chromedriverChromeMappingFile: https://github.com/appium/a..., appium:chromedriverExecutableDir: ./utils/ExecutableDirs, appium:deviceName: Pixel_XL_API_33, appium:udid: emulator-5554, browserName: Chrome, platformName: ANDROID}
	at org.openqa.selenium.remote.ProtocolHandshake.createSession(ProtocolHandshake.java:136)
	at io.appium.java_client.remote.AppiumProtocolHandshake.createSession(AppiumProtocolHandshake.java:133)
	at io.appium.java_client.remote.AppiumProtocolHandshake.createSession(AppiumProtocolHandshake.java:102)
	at io.appium.java_client.remote.AppiumCommandExecutor.createSession(AppiumCommandExecutor.java:182)
	at io.appium.java_client.remote.AppiumCommandExecutor.execute(AppiumCommandExecutor.java:250)
	at org.openqa.selenium.remote.RemoteWebDriver.execute(RemoteWebDriver.java:543)
	at io.appium.java_client.AppiumDriver.startSession(AppiumDriver.java:274)
	at org.openqa.selenium.remote.RemoteWebDriver.&lt;init&gt;(RemoteWebDriver.java:157)
	at io.appium.java_client.AppiumDriver.&lt;init&gt;(AppiumDriver.java:89)
	at io.appium.java_client.AppiumDriver.&lt;init&gt;(AppiumDriver.java:112)
	at io.appium.java_client.AppiumDriver.&lt;init&gt;(AppiumDriver.java:137)
	at io.appium.java_client.android.AndroidDriver.&lt;init&gt;(AndroidDriver.java:236)
	at tests.BaseTest.setup(BaseTest.java:90)
	at java.util.ArrayList.forEach(ArrayList.java:1257)
... Removed 39 stack frames
</div> <!-- stack-trace -->
                </div> <!-- method-content -->
              </div> <!-- method -->
              <div class="method">
                <div class="method-content">
                  <a name="tc01_userLogin(TableChair, TableChair, Epic sadface: Username and password do not match any user in this service)">
                  </a> <!-- tc01_userLogin(TableChair, TableChair, Epic sadface: Username and password do not match any user in this service) -->
                  <span class="method-name">tc01_userLogin</span>
                  <span class="parameters">(TableChair, TableChair, Epic sadface: Username and password do not match any user in this service)</span>
                  <div class="stack-trace">org.openqa.selenium.SessionNotCreatedException: Could not start a new session. Response code 500. Message: An unknown server-side error occurred while processing the command. Original error: Could not find a driver for automationName &apos;ANDROID_UIAUTOMATOR2&apos; and platformName &apos;ANDROID&apos;. Have you installed a driver that supports those capabilities? Run &apos;appium driver list --installed&apos; to see. (Lower-level error: Could not find installed driver to support given caps) 
Host info: host: &apos;LAPTOP-RMK290R9&apos;, ip: &apos;192.168.1.20&apos;
Build info: version: &apos;4.9.1&apos;, revision: &apos;eb2032df7f&apos;
System info: os.name: &apos;Windows 10&apos;, os.arch: &apos;amd64&apos;, os.version: &apos;10.0&apos;, java.version: &apos;1.8.0_211&apos;
Driver info: io.appium.java_client.android.AndroidDriver
Command: [null, newSession {capabilities=[{appium:udid=emulator-5554, appium:chromedriverExecutableDir=./utils/ExecutableDirs, appium:chromedriverChromeMappingFile=https://github.com/appium/appium-chromedriver/blob/master/config/mapping.json, browserName=Chrome, platformName=ANDROID, appium:deviceName=Pixel_XL_API_33, appium:automationName=ANDROID_UIAUTOMATOR2}], desiredCapabilities=Capabilities {appium:automationName: ANDROID_UIAUTOMATOR2, appium:chromedriverChromeMappingFile: https://github.com/appium/a..., appium:chromedriverExecutableDir: ./utils/ExecutableDirs, appium:deviceName: Pixel_XL_API_33, appium:udid: emulator-5554, browserName: Chrome, platformName: ANDROID}}]
Capabilities {appium:automationName: ANDROID_UIAUTOMATOR2, appium:chromedriverChromeMappingFile: https://github.com/appium/a..., appium:chromedriverExecutableDir: ./utils/ExecutableDirs, appium:deviceName: Pixel_XL_API_33, appium:udid: emulator-5554, browserName: Chrome, platformName: ANDROID}
	at org.openqa.selenium.remote.ProtocolHandshake.createSession(ProtocolHandshake.java:136)
	at io.appium.java_client.remote.AppiumProtocolHandshake.createSession(AppiumProtocolHandshake.java:133)
	at io.appium.java_client.remote.AppiumProtocolHandshake.createSession(AppiumProtocolHandshake.java:102)
	at io.appium.java_client.remote.AppiumCommandExecutor.createSession(AppiumCommandExecutor.java:182)
	at io.appium.java_client.remote.AppiumCommandExecutor.execute(AppiumCommandExecutor.java:250)
	at org.openqa.selenium.remote.RemoteWebDriver.execute(RemoteWebDriver.java:543)
	at io.appium.java_client.AppiumDriver.startSession(AppiumDriver.java:274)
	at org.openqa.selenium.remote.RemoteWebDriver.&lt;init&gt;(RemoteWebDriver.java:157)
	at io.appium.java_client.AppiumDriver.&lt;init&gt;(AppiumDriver.java:89)
	at io.appium.java_client.AppiumDriver.&lt;init&gt;(AppiumDriver.java:112)
	at io.appium.java_client.AppiumDriver.&lt;init&gt;(AppiumDriver.java:137)
	at io.appium.java_client.android.AndroidDriver.&lt;init&gt;(AndroidDriver.java:236)
	at tests.BaseTest.setup(BaseTest.java:90)
	at java.util.ArrayList.forEach(ArrayList.java:1257)
... Removed 39 stack frames
</div> <!-- stack-trace -->
                </div> <!-- method-content -->
              </div> <!-- method -->
              <div class="method">
                <div class="method-content">
                  <a name="tc01_userLogin(performance_glitch_user, secret_sauce, )">
                  </a> <!-- tc01_userLogin(performance_glitch_user, secret_sauce, ) -->
                  <span class="method-name">tc01_userLogin</span>
                  <span class="parameters">(performance_glitch_user, secret_sauce, )</span>
                  <div class="stack-trace">org.openqa.selenium.SessionNotCreatedException: Could not start a new session. Response code 500. Message: An unknown server-side error occurred while processing the command. Original error: Could not find a driver for automationName &apos;ANDROID_UIAUTOMATOR2&apos; and platformName &apos;ANDROID&apos;. Have you installed a driver that supports those capabilities? Run &apos;appium driver list --installed&apos; to see. (Lower-level error: Could not find installed driver to support given caps) 
Host info: host: &apos;LAPTOP-RMK290R9&apos;, ip: &apos;192.168.1.20&apos;
Build info: version: &apos;4.9.1&apos;, revision: &apos;eb2032df7f&apos;
System info: os.name: &apos;Windows 10&apos;, os.arch: &apos;amd64&apos;, os.version: &apos;10.0&apos;, java.version: &apos;1.8.0_211&apos;
Driver info: io.appium.java_client.android.AndroidDriver
Command: [null, newSession {capabilities=[{appium:udid=emulator-5554, appium:chromedriverExecutableDir=./utils/ExecutableDirs, appium:chromedriverChromeMappingFile=https://github.com/appium/appium-chromedriver/blob/master/config/mapping.json, browserName=Chrome, platformName=ANDROID, appium:deviceName=Pixel_XL_API_33, appium:automationName=ANDROID_UIAUTOMATOR2}], desiredCapabilities=Capabilities {appium:automationName: ANDROID_UIAUTOMATOR2, appium:chromedriverChromeMappingFile: https://github.com/appium/a..., appium:chromedriverExecutableDir: ./utils/ExecutableDirs, appium:deviceName: Pixel_XL_API_33, appium:udid: emulator-5554, browserName: Chrome, platformName: ANDROID}}]
Capabilities {appium:automationName: ANDROID_UIAUTOMATOR2, appium:chromedriverChromeMappingFile: https://github.com/appium/a..., appium:chromedriverExecutableDir: ./utils/ExecutableDirs, appium:deviceName: Pixel_XL_API_33, appium:udid: emulator-5554, browserName: Chrome, platformName: ANDROID}
	at org.openqa.selenium.remote.ProtocolHandshake.createSession(ProtocolHandshake.java:136)
	at io.appium.java_client.remote.AppiumProtocolHandshake.createSession(AppiumProtocolHandshake.java:133)
	at io.appium.java_client.remote.AppiumProtocolHandshake.createSession(AppiumProtocolHandshake.java:102)
	at io.appium.java_client.remote.AppiumCommandExecutor.createSession(AppiumCommandExecutor.java:182)
	at io.appium.java_client.remote.AppiumCommandExecutor.execute(AppiumCommandExecutor.java:250)
	at org.openqa.selenium.remote.RemoteWebDriver.execute(RemoteWebDriver.java:543)
	at io.appium.java_client.AppiumDriver.startSession(AppiumDriver.java:274)
	at org.openqa.selenium.remote.RemoteWebDriver.&lt;init&gt;(RemoteWebDriver.java:157)
	at io.appium.java_client.AppiumDriver.&lt;init&gt;(AppiumDriver.java:89)
	at io.appium.java_client.AppiumDriver.&lt;init&gt;(AppiumDriver.java:112)
	at io.appium.java_client.AppiumDriver.&lt;init&gt;(AppiumDriver.java:137)
	at io.appium.java_client.android.AndroidDriver.&lt;init&gt;(AndroidDriver.java:236)
	at tests.BaseTest.setup(BaseTest.java:90)
	at java.util.ArrayList.forEach(ArrayList.java:1257)
... Removed 39 stack frames
</div> <!-- stack-trace -->
                </div> <!-- method-content -->
              </div> <!-- method -->
              <div class="method">
                <div class="method-content">
                  <a name="tc01_userLogin(, TableChair, Epic sadface: Username is required)">
                  </a> <!-- tc01_userLogin(, TableChair, Epic sadface: Username is required) -->
                  <span class="method-name">tc01_userLogin</span>
                  <span class="parameters">(, TableChair, Epic sadface: Username is required)</span>
                  <div class="stack-trace">org.openqa.selenium.SessionNotCreatedException: Could not start a new session. Response code 500. Message: An unknown server-side error occurred while processing the command. Original error: Could not find a driver for automationName &apos;ANDROID_UIAUTOMATOR2&apos; and platformName &apos;ANDROID&apos;. Have you installed a driver that supports those capabilities? Run &apos;appium driver list --installed&apos; to see. (Lower-level error: Could not find installed driver to support given caps) 
Host info: host: &apos;LAPTOP-RMK290R9&apos;, ip: &apos;192.168.1.20&apos;
Build info: version: &apos;4.9.1&apos;, revision: &apos;eb2032df7f&apos;
System info: os.name: &apos;Windows 10&apos;, os.arch: &apos;amd64&apos;, os.version: &apos;10.0&apos;, java.version: &apos;1.8.0_211&apos;
Driver info: io.appium.java_client.android.AndroidDriver
Command: [null, newSession {capabilities=[{appium:udid=emulator-5554, appium:chromedriverExecutableDir=./utils/ExecutableDirs, appium:chromedriverChromeMappingFile=https://github.com/appium/appium-chromedriver/blob/master/config/mapping.json, browserName=Chrome, platformName=ANDROID, appium:deviceName=Pixel_XL_API_33, appium:automationName=ANDROID_UIAUTOMATOR2}], desiredCapabilities=Capabilities {appium:automationName: ANDROID_UIAUTOMATOR2, appium:chromedriverChromeMappingFile: https://github.com/appium/a..., appium:chromedriverExecutableDir: ./utils/ExecutableDirs, appium:deviceName: Pixel_XL_API_33, appium:udid: emulator-5554, browserName: Chrome, platformName: ANDROID}}]
Capabilities {appium:automationName: ANDROID_UIAUTOMATOR2, appium:chromedriverChromeMappingFile: https://github.com/appium/a..., appium:chromedriverExecutableDir: ./utils/ExecutableDirs, appium:deviceName: Pixel_XL_API_33, appium:udid: emulator-5554, browserName: Chrome, platformName: ANDROID}
	at org.openqa.selenium.remote.ProtocolHandshake.createSession(ProtocolHandshake.java:136)
	at io.appium.java_client.remote.AppiumProtocolHandshake.createSession(AppiumProtocolHandshake.java:133)
	at io.appium.java_client.remote.AppiumProtocolHandshake.createSession(AppiumProtocolHandshake.java:102)
	at io.appium.java_client.remote.AppiumCommandExecutor.createSession(AppiumCommandExecutor.java:182)
	at io.appium.java_client.remote.AppiumCommandExecutor.execute(AppiumCommandExecutor.java:250)
	at org.openqa.selenium.remote.RemoteWebDriver.execute(RemoteWebDriver.java:543)
	at io.appium.java_client.AppiumDriver.startSession(AppiumDriver.java:274)
	at org.openqa.selenium.remote.RemoteWebDriver.&lt;init&gt;(RemoteWebDriver.java:157)
	at io.appium.java_client.AppiumDriver.&lt;init&gt;(AppiumDriver.java:89)
	at io.appium.java_client.AppiumDriver.&lt;init&gt;(AppiumDriver.java:112)
	at io.appium.java_client.AppiumDriver.&lt;init&gt;(AppiumDriver.java:137)
	at io.appium.java_client.android.AndroidDriver.&lt;init&gt;(AndroidDriver.java:236)
	at tests.BaseTest.setup(BaseTest.java:90)
	at java.util.ArrayList.forEach(ArrayList.java:1257)
... Removed 39 stack frames
</div> <!-- stack-trace -->
                </div> <!-- method-content -->
              </div> <!-- method -->
              <div class="method">
                <div class="method-content">
                  <a name="tc01_userLogin(locked_out_user, secret_sauce, Epic sadface: Sorry, this user has been locked out.)">
                  </a> <!-- tc01_userLogin(locked_out_user, secret_sauce, Epic sadface: Sorry, this user has been locked out.) -->
                  <span class="method-name">tc01_userLogin</span>
                  <span class="parameters">(locked_out_user, secret_sauce, Epic sadface: Sorry, this user has been locked out.)</span>
                  <div class="stack-trace">org.openqa.selenium.SessionNotCreatedException: Could not start a new session. Response code 500. Message: An unknown server-side error occurred while processing the command. Original error: Could not find a driver for automationName &apos;ANDROID_UIAUTOMATOR2&apos; and platformName &apos;ANDROID&apos;. Have you installed a driver that supports those capabilities? Run &apos;appium driver list --installed&apos; to see. (Lower-level error: Could not find installed driver to support given caps) 
Host info: host: &apos;LAPTOP-RMK290R9&apos;, ip: &apos;192.168.1.20&apos;
Build info: version: &apos;4.9.1&apos;, revision: &apos;eb2032df7f&apos;
System info: os.name: &apos;Windows 10&apos;, os.arch: &apos;amd64&apos;, os.version: &apos;10.0&apos;, java.version: &apos;1.8.0_211&apos;
Driver info: io.appium.java_client.android.AndroidDriver
Command: [null, newSession {capabilities=[{appium:udid=emulator-5554, appium:chromedriverExecutableDir=./utils/ExecutableDirs, appium:chromedriverChromeMappingFile=https://github.com/appium/appium-chromedriver/blob/master/config/mapping.json, browserName=Chrome, platformName=ANDROID, appium:deviceName=Pixel_XL_API_33, appium:automationName=ANDROID_UIAUTOMATOR2}], desiredCapabilities=Capabilities {appium:automationName: ANDROID_UIAUTOMATOR2, appium:chromedriverChromeMappingFile: https://github.com/appium/a..., appium:chromedriverExecutableDir: ./utils/ExecutableDirs, appium:deviceName: Pixel_XL_API_33, appium:udid: emulator-5554, browserName: Chrome, platformName: ANDROID}}]
Capabilities {appium:automationName: ANDROID_UIAUTOMATOR2, appium:chromedriverChromeMappingFile: https://github.com/appium/a..., appium:chromedriverExecutableDir: ./utils/ExecutableDirs, appium:deviceName: Pixel_XL_API_33, appium:udid: emulator-5554, browserName: Chrome, platformName: ANDROID}
	at org.openqa.selenium.remote.ProtocolHandshake.createSession(ProtocolHandshake.java:136)
	at io.appium.java_client.remote.AppiumProtocolHandshake.createSession(AppiumProtocolHandshake.java:133)
	at io.appium.java_client.remote.AppiumProtocolHandshake.createSession(AppiumProtocolHandshake.java:102)
	at io.appium.java_client.remote.AppiumCommandExecutor.createSession(AppiumCommandExecutor.java:182)
	at io.appium.java_client.remote.AppiumCommandExecutor.execute(AppiumCommandExecutor.java:250)
	at org.openqa.selenium.remote.RemoteWebDriver.execute(RemoteWebDriver.java:543)
	at io.appium.java_client.AppiumDriver.startSession(AppiumDriver.java:274)
	at org.openqa.selenium.remote.RemoteWebDriver.&lt;init&gt;(RemoteWebDriver.java:157)
	at io.appium.java_client.AppiumDriver.&lt;init&gt;(AppiumDriver.java:89)
	at io.appium.java_client.AppiumDriver.&lt;init&gt;(AppiumDriver.java:112)
	at io.appium.java_client.AppiumDriver.&lt;init&gt;(AppiumDriver.java:137)
	at io.appium.java_client.android.AndroidDriver.&lt;init&gt;(AndroidDriver.java:236)
	at tests.BaseTest.setup(BaseTest.java:90)
	at java.util.ArrayList.forEach(ArrayList.java:1257)
... Removed 39 stack frames
</div> <!-- stack-trace -->
                </div> <!-- method-content -->
              </div> <!-- method -->
              <div class="method">
                <div class="method-content">
                  <a name="tc01_userLogin(standard_user, secret_sauce, )">
                  </a> <!-- tc01_userLogin(standard_user, secret_sauce, ) -->
                  <span class="method-name">tc01_userLogin</span>
                  <span class="parameters">(standard_user, secret_sauce, )</span>
                  <div class="stack-trace">org.openqa.selenium.SessionNotCreatedException: Could not start a new session. Response code 500. Message: An unknown server-side error occurred while processing the command. Original error: Could not find a driver for automationName &apos;ANDROID_UIAUTOMATOR2&apos; and platformName &apos;ANDROID&apos;. Have you installed a driver that supports those capabilities? Run &apos;appium driver list --installed&apos; to see. (Lower-level error: Could not find installed driver to support given caps) 
Host info: host: &apos;LAPTOP-RMK290R9&apos;, ip: &apos;192.168.1.20&apos;
Build info: version: &apos;4.9.1&apos;, revision: &apos;eb2032df7f&apos;
System info: os.name: &apos;Windows 10&apos;, os.arch: &apos;amd64&apos;, os.version: &apos;10.0&apos;, java.version: &apos;1.8.0_211&apos;
Driver info: io.appium.java_client.android.AndroidDriver
Command: [null, newSession {capabilities=[{appium:udid=emulator-5554, appium:chromedriverExecutableDir=./utils/ExecutableDirs, appium:chromedriverChromeMappingFile=https://github.com/appium/appium-chromedriver/blob/master/config/mapping.json, browserName=Chrome, platformName=ANDROID, appium:deviceName=Pixel_XL_API_33, appium:automationName=ANDROID_UIAUTOMATOR2}], desiredCapabilities=Capabilities {appium:automationName: ANDROID_UIAUTOMATOR2, appium:chromedriverChromeMappingFile: https://github.com/appium/a..., appium:chromedriverExecutableDir: ./utils/ExecutableDirs, appium:deviceName: Pixel_XL_API_33, appium:udid: emulator-5554, browserName: Chrome, platformName: ANDROID}}]
Capabilities {appium:automationName: ANDROID_UIAUTOMATOR2, appium:chromedriverChromeMappingFile: https://github.com/appium/a..., appium:chromedriverExecutableDir: ./utils/ExecutableDirs, appium:deviceName: Pixel_XL_API_33, appium:udid: emulator-5554, browserName: Chrome, platformName: ANDROID}
	at org.openqa.selenium.remote.ProtocolHandshake.createSession(ProtocolHandshake.java:136)
	at io.appium.java_client.remote.AppiumProtocolHandshake.createSession(AppiumProtocolHandshake.java:133)
	at io.appium.java_client.remote.AppiumProtocolHandshake.createSession(AppiumProtocolHandshake.java:102)
	at io.appium.java_client.remote.AppiumCommandExecutor.createSession(AppiumCommandExecutor.java:182)
	at io.appium.java_client.remote.AppiumCommandExecutor.execute(AppiumCommandExecutor.java:250)
	at org.openqa.selenium.remote.RemoteWebDriver.execute(RemoteWebDriver.java:543)
	at io.appium.java_client.AppiumDriver.startSession(AppiumDriver.java:274)
	at org.openqa.selenium.remote.RemoteWebDriver.&lt;init&gt;(RemoteWebDriver.java:157)
	at io.appium.java_client.AppiumDriver.&lt;init&gt;(AppiumDriver.java:89)
	at io.appium.java_client.AppiumDriver.&lt;init&gt;(AppiumDriver.java:112)
	at io.appium.java_client.AppiumDriver.&lt;init&gt;(AppiumDriver.java:137)
	at io.appium.java_client.android.AndroidDriver.&lt;init&gt;(AndroidDriver.java:236)
	at tests.BaseTest.setup(BaseTest.java:90)
	at java.util.ArrayList.forEach(ArrayList.java:1257)
... Removed 39 stack frames
</div> <!-- stack-trace -->
                </div> <!-- method-content -->
              </div> <!-- method -->
              <div class="method">
                <div class="method-content">
                  <a name="tc01_userLogin(standard_user, , Epic sadface: Password is required)">
                  </a> <!-- tc01_userLogin(standard_user, , Epic sadface: Password is required) -->
                  <span class="method-name">tc01_userLogin</span>
                  <span class="parameters">(standard_user, , Epic sadface: Password is required)</span>
                  <div class="stack-trace">org.openqa.selenium.SessionNotCreatedException: Could not start a new session. Response code 500. Message: An unknown server-side error occurred while processing the command. Original error: Could not find a driver for automationName &apos;ANDROID_UIAUTOMATOR2&apos; and platformName &apos;ANDROID&apos;. Have you installed a driver that supports those capabilities? Run &apos;appium driver list --installed&apos; to see. (Lower-level error: Could not find installed driver to support given caps) 
Host info: host: &apos;LAPTOP-RMK290R9&apos;, ip: &apos;192.168.1.20&apos;
Build info: version: &apos;4.9.1&apos;, revision: &apos;eb2032df7f&apos;
System info: os.name: &apos;Windows 10&apos;, os.arch: &apos;amd64&apos;, os.version: &apos;10.0&apos;, java.version: &apos;1.8.0_211&apos;
Driver info: io.appium.java_client.android.AndroidDriver
Command: [null, newSession {capabilities=[{appium:udid=emulator-5554, appium:chromedriverExecutableDir=./utils/ExecutableDirs, appium:chromedriverChromeMappingFile=https://github.com/appium/appium-chromedriver/blob/master/config/mapping.json, browserName=Chrome, platformName=ANDROID, appium:deviceName=Pixel_XL_API_33, appium:automationName=ANDROID_UIAUTOMATOR2}], desiredCapabilities=Capabilities {appium:automationName: ANDROID_UIAUTOMATOR2, appium:chromedriverChromeMappingFile: https://github.com/appium/a..., appium:chromedriverExecutableDir: ./utils/ExecutableDirs, appium:deviceName: Pixel_XL_API_33, appium:udid: emulator-5554, browserName: Chrome, platformName: ANDROID}}]
Capabilities {appium:automationName: ANDROID_UIAUTOMATOR2, appium:chromedriverChromeMappingFile: https://github.com/appium/a..., appium:chromedriverExecutableDir: ./utils/ExecutableDirs, appium:deviceName: Pixel_XL_API_33, appium:udid: emulator-5554, browserName: Chrome, platformName: ANDROID}
	at org.openqa.selenium.remote.ProtocolHandshake.createSession(ProtocolHandshake.java:136)
	at io.appium.java_client.remote.AppiumProtocolHandshake.createSession(AppiumProtocolHandshake.java:133)
	at io.appium.java_client.remote.AppiumProtocolHandshake.createSession(AppiumProtocolHandshake.java:102)
	at io.appium.java_client.remote.AppiumCommandExecutor.createSession(AppiumCommandExecutor.java:182)
	at io.appium.java_client.remote.AppiumCommandExecutor.execute(AppiumCommandExecutor.java:250)
	at org.openqa.selenium.remote.RemoteWebDriver.execute(RemoteWebDriver.java:543)
	at io.appium.java_client.AppiumDriver.startSession(AppiumDriver.java:274)
	at org.openqa.selenium.remote.RemoteWebDriver.&lt;init&gt;(RemoteWebDriver.java:157)
	at io.appium.java_client.AppiumDriver.&lt;init&gt;(AppiumDriver.java:89)
	at io.appium.java_client.AppiumDriver.&lt;init&gt;(AppiumDriver.java:112)
	at io.appium.java_client.AppiumDriver.&lt;init&gt;(AppiumDriver.java:137)
	at io.appium.java_client.android.AndroidDriver.&lt;init&gt;(AndroidDriver.java:236)
	at tests.BaseTest.setup(BaseTest.java:90)
	at java.util.ArrayList.forEach(ArrayList.java:1257)
... Removed 39 stack frames
</div> <!-- stack-trace -->
                </div> <!-- method-content -->
              </div> <!-- method -->
              <div class="method">
                <div class="method-content">
                  <a name="tc01_userLogin(TableChair, , Epic sadface: Password is required)">
                  </a> <!-- tc01_userLogin(TableChair, , Epic sadface: Password is required) -->
                  <span class="method-name">tc01_userLogin</span>
                  <span class="parameters">(TableChair, , Epic sadface: Password is required)</span>
                  <div class="stack-trace">org.openqa.selenium.SessionNotCreatedException: Could not start a new session. Response code 500. Message: An unknown server-side error occurred while processing the command. Original error: Could not find a driver for automationName &apos;ANDROID_UIAUTOMATOR2&apos; and platformName &apos;ANDROID&apos;. Have you installed a driver that supports those capabilities? Run &apos;appium driver list --installed&apos; to see. (Lower-level error: Could not find installed driver to support given caps) 
Host info: host: &apos;LAPTOP-RMK290R9&apos;, ip: &apos;192.168.1.20&apos;
Build info: version: &apos;4.9.1&apos;, revision: &apos;eb2032df7f&apos;
System info: os.name: &apos;Windows 10&apos;, os.arch: &apos;amd64&apos;, os.version: &apos;10.0&apos;, java.version: &apos;1.8.0_211&apos;
Driver info: io.appium.java_client.android.AndroidDriver
Command: [null, newSession {capabilities=[{appium:udid=emulator-5554, appium:chromedriverExecutableDir=./utils/ExecutableDirs, appium:chromedriverChromeMappingFile=https://github.com/appium/appium-chromedriver/blob/master/config/mapping.json, browserName=Chrome, platformName=ANDROID, appium:deviceName=Pixel_XL_API_33, appium:automationName=ANDROID_UIAUTOMATOR2}], desiredCapabilities=Capabilities {appium:automationName: ANDROID_UIAUTOMATOR2, appium:chromedriverChromeMappingFile: https://github.com/appium/a..., appium:chromedriverExecutableDir: ./utils/ExecutableDirs, appium:deviceName: Pixel_XL_API_33, appium:udid: emulator-5554, browserName: Chrome, platformName: ANDROID}}]
Capabilities {appium:automationName: ANDROID_UIAUTOMATOR2, appium:chromedriverChromeMappingFile: https://github.com/appium/a..., appium:chromedriverExecutableDir: ./utils/ExecutableDirs, appium:deviceName: Pixel_XL_API_33, appium:udid: emulator-5554, browserName: Chrome, platformName: ANDROID}
	at org.openqa.selenium.remote.ProtocolHandshake.createSession(ProtocolHandshake.java:136)
	at io.appium.java_client.remote.AppiumProtocolHandshake.createSession(AppiumProtocolHandshake.java:133)
	at io.appium.java_client.remote.AppiumProtocolHandshake.createSession(AppiumProtocolHandshake.java:102)
	at io.appium.java_client.remote.AppiumCommandExecutor.createSession(AppiumCommandExecutor.java:182)
	at io.appium.java_client.remote.AppiumCommandExecutor.execute(AppiumCommandExecutor.java:250)
	at org.openqa.selenium.remote.RemoteWebDriver.execute(RemoteWebDriver.java:543)
	at io.appium.java_client.AppiumDriver.startSession(AppiumDriver.java:274)
	at org.openqa.selenium.remote.RemoteWebDriver.&lt;init&gt;(RemoteWebDriver.java:157)
	at io.appium.java_client.AppiumDriver.&lt;init&gt;(AppiumDriver.java:89)
	at io.appium.java_client.AppiumDriver.&lt;init&gt;(AppiumDriver.java:112)
	at io.appium.java_client.AppiumDriver.&lt;init&gt;(AppiumDriver.java:137)
	at io.appium.java_client.android.AndroidDriver.&lt;init&gt;(AndroidDriver.java:236)
	at tests.BaseTest.setup(BaseTest.java:90)
	at java.util.ArrayList.forEach(ArrayList.java:1257)
... Removed 39 stack frames
</div> <!-- stack-trace -->
                </div> <!-- method-content -->
              </div> <!-- method -->
              <div class="method">
                <div class="method-content">
                  <a name="tc01_userLogin(, secret_sauce, Epic sadface: Username is required)">
                  </a> <!-- tc01_userLogin(, secret_sauce, Epic sadface: Username is required) -->
                  <span class="method-name">tc01_userLogin</span>
                  <span class="parameters">(, secret_sauce, Epic sadface: Username is required)</span>
                  <div class="stack-trace">org.openqa.selenium.SessionNotCreatedException: Could not start a new session. Response code 500. Message: An unknown server-side error occurred while processing the command. Original error: Could not find a driver for automationName &apos;ANDROID_UIAUTOMATOR2&apos; and platformName &apos;ANDROID&apos;. Have you installed a driver that supports those capabilities? Run &apos;appium driver list --installed&apos; to see. (Lower-level error: Could not find installed driver to support given caps) 
Host info: host: &apos;LAPTOP-RMK290R9&apos;, ip: &apos;192.168.1.20&apos;
Build info: version: &apos;4.9.1&apos;, revision: &apos;eb2032df7f&apos;
System info: os.name: &apos;Windows 10&apos;, os.arch: &apos;amd64&apos;, os.version: &apos;10.0&apos;, java.version: &apos;1.8.0_211&apos;
Driver info: io.appium.java_client.android.AndroidDriver
Command: [null, newSession {capabilities=[{appium:udid=emulator-5554, appium:chromedriverExecutableDir=./utils/ExecutableDirs, appium:chromedriverChromeMappingFile=https://github.com/appium/appium-chromedriver/blob/master/config/mapping.json, browserName=Chrome, platformName=ANDROID, appium:deviceName=Pixel_XL_API_33, appium:automationName=ANDROID_UIAUTOMATOR2}], desiredCapabilities=Capabilities {appium:automationName: ANDROID_UIAUTOMATOR2, appium:chromedriverChromeMappingFile: https://github.com/appium/a..., appium:chromedriverExecutableDir: ./utils/ExecutableDirs, appium:deviceName: Pixel_XL_API_33, appium:udid: emulator-5554, browserName: Chrome, platformName: ANDROID}}]
Capabilities {appium:automationName: ANDROID_UIAUTOMATOR2, appium:chromedriverChromeMappingFile: https://github.com/appium/a..., appium:chromedriverExecutableDir: ./utils/ExecutableDirs, appium:deviceName: Pixel_XL_API_33, appium:udid: emulator-5554, browserName: Chrome, platformName: ANDROID}
	at org.openqa.selenium.remote.ProtocolHandshake.createSession(ProtocolHandshake.java:136)
	at io.appium.java_client.remote.AppiumProtocolHandshake.createSession(AppiumProtocolHandshake.java:133)
	at io.appium.java_client.remote.AppiumProtocolHandshake.createSession(AppiumProtocolHandshake.java:102)
	at io.appium.java_client.remote.AppiumCommandExecutor.createSession(AppiumCommandExecutor.java:182)
	at io.appium.java_client.remote.AppiumCommandExecutor.execute(AppiumCommandExecutor.java:250)
	at org.openqa.selenium.remote.RemoteWebDriver.execute(RemoteWebDriver.java:543)
	at io.appium.java_client.AppiumDriver.startSession(AppiumDriver.java:274)
	at org.openqa.selenium.remote.RemoteWebDriver.&lt;init&gt;(RemoteWebDriver.java:157)
	at io.appium.java_client.AppiumDriver.&lt;init&gt;(AppiumDriver.java:89)
	at io.appium.java_client.AppiumDriver.&lt;init&gt;(AppiumDriver.java:112)
	at io.appium.java_client.AppiumDriver.&lt;init&gt;(AppiumDriver.java:137)
	at io.appium.java_client.android.AndroidDriver.&lt;init&gt;(AndroidDriver.java:236)
	at tests.BaseTest.setup(BaseTest.java:90)
	at java.util.ArrayList.forEach(ArrayList.java:1257)
... Removed 39 stack frames
</div> <!-- stack-trace -->
                </div> <!-- method-content -->
              </div> <!-- method -->
              <div class="method">
                <div class="method-content">
                  <a name="tc01_userLogin(problem_user, secret_sauce, )">
                  </a> <!-- tc01_userLogin(problem_user, secret_sauce, ) -->
                  <span class="method-name">tc01_userLogin</span>
                  <span class="parameters">(problem_user, secret_sauce, )</span>
                  <div class="stack-trace">org.openqa.selenium.SessionNotCreatedException: Could not start a new session. Response code 500. Message: An unknown server-side error occurred while processing the command. Original error: Could not find a driver for automationName &apos;ANDROID_UIAUTOMATOR2&apos; and platformName &apos;ANDROID&apos;. Have you installed a driver that supports those capabilities? Run &apos;appium driver list --installed&apos; to see. (Lower-level error: Could not find installed driver to support given caps) 
Host info: host: &apos;LAPTOP-RMK290R9&apos;, ip: &apos;192.168.1.20&apos;
Build info: version: &apos;4.9.1&apos;, revision: &apos;eb2032df7f&apos;
System info: os.name: &apos;Windows 10&apos;, os.arch: &apos;amd64&apos;, os.version: &apos;10.0&apos;, java.version: &apos;1.8.0_211&apos;
Driver info: io.appium.java_client.android.AndroidDriver
Command: [null, newSession {capabilities=[{appium:udid=emulator-5554, appium:chromedriverExecutableDir=./utils/ExecutableDirs, appium:chromedriverChromeMappingFile=https://github.com/appium/appium-chromedriver/blob/master/config/mapping.json, browserName=Chrome, platformName=ANDROID, appium:deviceName=Pixel_XL_API_33, appium:automationName=ANDROID_UIAUTOMATOR2}], desiredCapabilities=Capabilities {appium:automationName: ANDROID_UIAUTOMATOR2, appium:chromedriverChromeMappingFile: https://github.com/appium/a..., appium:chromedriverExecutableDir: ./utils/ExecutableDirs, appium:deviceName: Pixel_XL_API_33, appium:udid: emulator-5554, browserName: Chrome, platformName: ANDROID}}]
Capabilities {appium:automationName: ANDROID_UIAUTOMATOR2, appium:chromedriverChromeMappingFile: https://github.com/appium/a..., appium:chromedriverExecutableDir: ./utils/ExecutableDirs, appium:deviceName: Pixel_XL_API_33, appium:udid: emulator-5554, browserName: Chrome, platformName: ANDROID}
	at org.openqa.selenium.remote.ProtocolHandshake.createSession(ProtocolHandshake.java:136)
	at io.appium.java_client.remote.AppiumProtocolHandshake.createSession(AppiumProtocolHandshake.java:133)
	at io.appium.java_client.remote.AppiumProtocolHandshake.createSession(AppiumProtocolHandshake.java:102)
	at io.appium.java_client.remote.AppiumCommandExecutor.createSession(AppiumCommandExecutor.java:182)
	at io.appium.java_client.remote.AppiumCommandExecutor.execute(AppiumCommandExecutor.java:250)
	at org.openqa.selenium.remote.RemoteWebDriver.execute(RemoteWebDriver.java:543)
	at io.appium.java_client.AppiumDriver.startSession(AppiumDriver.java:274)
	at org.openqa.selenium.remote.RemoteWebDriver.&lt;init&gt;(RemoteWebDriver.java:157)
	at io.appium.java_client.AppiumDriver.&lt;init&gt;(AppiumDriver.java:89)
	at io.appium.java_client.AppiumDriver.&lt;init&gt;(AppiumDriver.java:112)
	at io.appium.java_client.AppiumDriver.&lt;init&gt;(AppiumDriver.java:137)
	at io.appium.java_client.android.AndroidDriver.&lt;init&gt;(AndroidDriver.java:236)
	at tests.BaseTest.setup(BaseTest.java:90)
	at java.util.ArrayList.forEach(ArrayList.java:1257)
... Removed 39 stack frames
</div> <!-- stack-trace -->
                </div> <!-- method-content -->
              </div> <!-- method -->
            </div> <!-- main-panel-content rounded-window-bottom -->
          </div> <!-- suite-Suite1-class-skipped -->
          <div class="suite-Suite1-class-skipped">
            <div class="main-panel-header rounded-window-top">
              <img src="skipped.png"/>
              <span class="class-name">tests.t7_PriceCalculation</span>
            </div> <!-- main-panel-header rounded-window-top -->
            <div class="main-panel-content rounded-window-bottom">
              <div class="method">
                <div class="method-content">
                  <a name="tc01_addAndGoStraightToCheckout">
                  </a> <!-- tc01_addAndGoStraightToCheckout -->
                  <span class="method-name">tc01_addAndGoStraightToCheckout</span>
                  <div class="stack-trace">org.openqa.selenium.SessionNotCreatedException: Could not start a new session. Response code 500. Message: An unknown server-side error occurred while processing the command. Original error: Could not find a driver for automationName &apos;ANDROID_UIAUTOMATOR2&apos; and platformName &apos;ANDROID&apos;. Have you installed a driver that supports those capabilities? Run &apos;appium driver list --installed&apos; to see. (Lower-level error: Could not find installed driver to support given caps) 
Host info: host: &apos;LAPTOP-RMK290R9&apos;, ip: &apos;192.168.1.20&apos;
Build info: version: &apos;4.9.1&apos;, revision: &apos;eb2032df7f&apos;
System info: os.name: &apos;Windows 10&apos;, os.arch: &apos;amd64&apos;, os.version: &apos;10.0&apos;, java.version: &apos;1.8.0_211&apos;
Driver info: io.appium.java_client.android.AndroidDriver
Command: [null, newSession {capabilities=[{appium:udid=emulator-5554, appium:chromedriverExecutableDir=./utils/ExecutableDirs, appium:chromedriverChromeMappingFile=https://github.com/appium/appium-chromedriver/blob/master/config/mapping.json, browserName=Chrome, platformName=ANDROID, appium:deviceName=Pixel_XL_API_33, appium:automationName=ANDROID_UIAUTOMATOR2}], desiredCapabilities=Capabilities {appium:automationName: ANDROID_UIAUTOMATOR2, appium:chromedriverChromeMappingFile: https://github.com/appium/a..., appium:chromedriverExecutableDir: ./utils/ExecutableDirs, appium:deviceName: Pixel_XL_API_33, appium:udid: emulator-5554, browserName: Chrome, platformName: ANDROID}}]
Capabilities {appium:automationName: ANDROID_UIAUTOMATOR2, appium:chromedriverChromeMappingFile: https://github.com/appium/a..., appium:chromedriverExecutableDir: ./utils/ExecutableDirs, appium:deviceName: Pixel_XL_API_33, appium:udid: emulator-5554, browserName: Chrome, platformName: ANDROID}
	at org.openqa.selenium.remote.ProtocolHandshake.createSession(ProtocolHandshake.java:136)
	at io.appium.java_client.remote.AppiumProtocolHandshake.createSession(AppiumProtocolHandshake.java:133)
	at io.appium.java_client.remote.AppiumProtocolHandshake.createSession(AppiumProtocolHandshake.java:102)
	at io.appium.java_client.remote.AppiumCommandExecutor.createSession(AppiumCommandExecutor.java:182)
	at io.appium.java_client.remote.AppiumCommandExecutor.execute(AppiumCommandExecutor.java:250)
	at org.openqa.selenium.remote.RemoteWebDriver.execute(RemoteWebDriver.java:543)
	at io.appium.java_client.AppiumDriver.startSession(AppiumDriver.java:274)
	at org.openqa.selenium.remote.RemoteWebDriver.&lt;init&gt;(RemoteWebDriver.java:157)
	at io.appium.java_client.AppiumDriver.&lt;init&gt;(AppiumDriver.java:89)
	at io.appium.java_client.AppiumDriver.&lt;init&gt;(AppiumDriver.java:112)
	at io.appium.java_client.AppiumDriver.&lt;init&gt;(AppiumDriver.java:137)
	at io.appium.java_client.android.AndroidDriver.&lt;init&gt;(AndroidDriver.java:236)
	at tests.BaseTest.setup(BaseTest.java:90)
	at java.util.ArrayList.forEach(ArrayList.java:1257)
... Removed 39 stack frames
</div> <!-- stack-trace -->
                </div> <!-- method-content -->
              </div> <!-- method -->
              <div class="method">
                <div class="method-content">
                  <a name="tc02_addRemoveAndGoToCheckout">
                  </a> <!-- tc02_addRemoveAndGoToCheckout -->
                  <span class="method-name">tc02_addRemoveAndGoToCheckout</span>
                  <div class="stack-trace">org.openqa.selenium.SessionNotCreatedException: Could not start a new session. Response code 500. Message: An unknown server-side error occurred while processing the command. Original error: Could not find a driver for automationName &apos;ANDROID_UIAUTOMATOR2&apos; and platformName &apos;ANDROID&apos;. Have you installed a driver that supports those capabilities? Run &apos;appium driver list --installed&apos; to see. (Lower-level error: Could not find installed driver to support given caps) 
Host info: host: &apos;LAPTOP-RMK290R9&apos;, ip: &apos;192.168.1.20&apos;
Build info: version: &apos;4.9.1&apos;, revision: &apos;eb2032df7f&apos;
System info: os.name: &apos;Windows 10&apos;, os.arch: &apos;amd64&apos;, os.version: &apos;10.0&apos;, java.version: &apos;1.8.0_211&apos;
Driver info: io.appium.java_client.android.AndroidDriver
Command: [null, newSession {capabilities=[{appium:udid=emulator-5554, appium:chromedriverExecutableDir=./utils/ExecutableDirs, appium:chromedriverChromeMappingFile=https://github.com/appium/appium-chromedriver/blob/master/config/mapping.json, browserName=Chrome, platformName=ANDROID, appium:deviceName=Pixel_XL_API_33, appium:automationName=ANDROID_UIAUTOMATOR2}], desiredCapabilities=Capabilities {appium:automationName: ANDROID_UIAUTOMATOR2, appium:chromedriverChromeMappingFile: https://github.com/appium/a..., appium:chromedriverExecutableDir: ./utils/ExecutableDirs, appium:deviceName: Pixel_XL_API_33, appium:udid: emulator-5554, browserName: Chrome, platformName: ANDROID}}]
Capabilities {appium:automationName: ANDROID_UIAUTOMATOR2, appium:chromedriverChromeMappingFile: https://github.com/appium/a..., appium:chromedriverExecutableDir: ./utils/ExecutableDirs, appium:deviceName: Pixel_XL_API_33, appium:udid: emulator-5554, browserName: Chrome, platformName: ANDROID}
	at org.openqa.selenium.remote.ProtocolHandshake.createSession(ProtocolHandshake.java:136)
	at io.appium.java_client.remote.AppiumProtocolHandshake.createSession(AppiumProtocolHandshake.java:133)
	at io.appium.java_client.remote.AppiumProtocolHandshake.createSession(AppiumProtocolHandshake.java:102)
	at io.appium.java_client.remote.AppiumCommandExecutor.createSession(AppiumCommandExecutor.java:182)
	at io.appium.java_client.remote.AppiumCommandExecutor.execute(AppiumCommandExecutor.java:250)
	at org.openqa.selenium.remote.RemoteWebDriver.execute(RemoteWebDriver.java:543)
	at io.appium.java_client.AppiumDriver.startSession(AppiumDriver.java:274)
	at org.openqa.selenium.remote.RemoteWebDriver.&lt;init&gt;(RemoteWebDriver.java:157)
	at io.appium.java_client.AppiumDriver.&lt;init&gt;(AppiumDriver.java:89)
	at io.appium.java_client.AppiumDriver.&lt;init&gt;(AppiumDriver.java:112)
	at io.appium.java_client.AppiumDriver.&lt;init&gt;(AppiumDriver.java:137)
	at io.appium.java_client.android.AndroidDriver.&lt;init&gt;(AndroidDriver.java:236)
	at tests.BaseTest.setup(BaseTest.java:90)
	at java.util.ArrayList.forEach(ArrayList.java:1257)
... Removed 39 stack frames
</div> <!-- stack-trace -->
                </div> <!-- method-content -->
              </div> <!-- method -->
              <div class="method">
                <div class="method-content">
                  <a name="tc03_AddRemoveAddAndRemoveFromCart">
                  </a> <!-- tc03_AddRemoveAddAndRemoveFromCart -->
                  <span class="method-name">tc03_AddRemoveAddAndRemoveFromCart</span>
                  <div class="stack-trace">org.openqa.selenium.SessionNotCreatedException: Could not start a new session. Response code 500. Message: An unknown server-side error occurred while processing the command. Original error: Could not find a driver for automationName &apos;ANDROID_UIAUTOMATOR2&apos; and platformName &apos;ANDROID&apos;. Have you installed a driver that supports those capabilities? Run &apos;appium driver list --installed&apos; to see. (Lower-level error: Could not find installed driver to support given caps) 
Host info: host: &apos;LAPTOP-RMK290R9&apos;, ip: &apos;192.168.1.20&apos;
Build info: version: &apos;4.9.1&apos;, revision: &apos;eb2032df7f&apos;
System info: os.name: &apos;Windows 10&apos;, os.arch: &apos;amd64&apos;, os.version: &apos;10.0&apos;, java.version: &apos;1.8.0_211&apos;
Driver info: io.appium.java_client.android.AndroidDriver
Command: [null, newSession {capabilities=[{appium:udid=emulator-5554, appium:chromedriverExecutableDir=./utils/ExecutableDirs, appium:chromedriverChromeMappingFile=https://github.com/appium/appium-chromedriver/blob/master/config/mapping.json, browserName=Chrome, platformName=ANDROID, appium:deviceName=Pixel_XL_API_33, appium:automationName=ANDROID_UIAUTOMATOR2}], desiredCapabilities=Capabilities {appium:automationName: ANDROID_UIAUTOMATOR2, appium:chromedriverChromeMappingFile: https://github.com/appium/a..., appium:chromedriverExecutableDir: ./utils/ExecutableDirs, appium:deviceName: Pixel_XL_API_33, appium:udid: emulator-5554, browserName: Chrome, platformName: ANDROID}}]
Capabilities {appium:automationName: ANDROID_UIAUTOMATOR2, appium:chromedriverChromeMappingFile: https://github.com/appium/a..., appium:chromedriverExecutableDir: ./utils/ExecutableDirs, appium:deviceName: Pixel_XL_API_33, appium:udid: emulator-5554, browserName: Chrome, platformName: ANDROID}
	at org.openqa.selenium.remote.ProtocolHandshake.createSession(ProtocolHandshake.java:136)
	at io.appium.java_client.remote.AppiumProtocolHandshake.createSession(AppiumProtocolHandshake.java:133)
	at io.appium.java_client.remote.AppiumProtocolHandshake.createSession(AppiumProtocolHandshake.java:102)
	at io.appium.java_client.remote.AppiumCommandExecutor.createSession(AppiumCommandExecutor.java:182)
	at io.appium.java_client.remote.AppiumCommandExecutor.execute(AppiumCommandExecutor.java:250)
	at org.openqa.selenium.remote.RemoteWebDriver.execute(RemoteWebDriver.java:543)
	at io.appium.java_client.AppiumDriver.startSession(AppiumDriver.java:274)
	at org.openqa.selenium.remote.RemoteWebDriver.&lt;init&gt;(RemoteWebDriver.java:157)
	at io.appium.java_client.AppiumDriver.&lt;init&gt;(AppiumDriver.java:89)
	at io.appium.java_client.AppiumDriver.&lt;init&gt;(AppiumDriver.java:112)
	at io.appium.java_client.AppiumDriver.&lt;init&gt;(AppiumDriver.java:137)
	at io.appium.java_client.android.AndroidDriver.&lt;init&gt;(AndroidDriver.java:236)
	at tests.BaseTest.setup(BaseTest.java:90)
	at java.util.ArrayList.forEach(ArrayList.java:1257)
... Removed 39 stack frames
</div> <!-- stack-trace -->
                </div> <!-- method-content -->
              </div> <!-- method -->
              <div class="method">
                <div class="method-content">
                  <a name="tc04addRemoveAddAndRemoveFromCartRefreshThePageLogOutAndLogInAgain">
                  </a> <!-- tc04addRemoveAddAndRemoveFromCartRefreshThePageLogOutAndLogInAgain -->
                  <span class="method-name">tc04addRemoveAddAndRemoveFromCartRefreshThePageLogOutAndLogInAgain</span>
                  <div class="stack-trace">org.openqa.selenium.SessionNotCreatedException: Could not start a new session. Response code 500. Message: An unknown server-side error occurred while processing the command. Original error: Could not find a driver for automationName &apos;ANDROID_UIAUTOMATOR2&apos; and platformName &apos;ANDROID&apos;. Have you installed a driver that supports those capabilities? Run &apos;appium driver list --installed&apos; to see. (Lower-level error: Could not find installed driver to support given caps) 
Host info: host: &apos;LAPTOP-RMK290R9&apos;, ip: &apos;192.168.1.20&apos;
Build info: version: &apos;4.9.1&apos;, revision: &apos;eb2032df7f&apos;
System info: os.name: &apos;Windows 10&apos;, os.arch: &apos;amd64&apos;, os.version: &apos;10.0&apos;, java.version: &apos;1.8.0_211&apos;
Driver info: io.appium.java_client.android.AndroidDriver
Command: [null, newSession {capabilities=[{appium:udid=emulator-5554, appium:chromedriverExecutableDir=./utils/ExecutableDirs, appium:chromedriverChromeMappingFile=https://github.com/appium/appium-chromedriver/blob/master/config/mapping.json, browserName=Chrome, platformName=ANDROID, appium:deviceName=Pixel_XL_API_33, appium:automationName=ANDROID_UIAUTOMATOR2}], desiredCapabilities=Capabilities {appium:automationName: ANDROID_UIAUTOMATOR2, appium:chromedriverChromeMappingFile: https://github.com/appium/a..., appium:chromedriverExecutableDir: ./utils/ExecutableDirs, appium:deviceName: Pixel_XL_API_33, appium:udid: emulator-5554, browserName: Chrome, platformName: ANDROID}}]
Capabilities {appium:automationName: ANDROID_UIAUTOMATOR2, appium:chromedriverChromeMappingFile: https://github.com/appium/a..., appium:chromedriverExecutableDir: ./utils/ExecutableDirs, appium:deviceName: Pixel_XL_API_33, appium:udid: emulator-5554, browserName: Chrome, platformName: ANDROID}
	at org.openqa.selenium.remote.ProtocolHandshake.createSession(ProtocolHandshake.java:136)
	at io.appium.java_client.remote.AppiumProtocolHandshake.createSession(AppiumProtocolHandshake.java:133)
	at io.appium.java_client.remote.AppiumProtocolHandshake.createSession(AppiumProtocolHandshake.java:102)
	at io.appium.java_client.remote.AppiumCommandExecutor.createSession(AppiumCommandExecutor.java:182)
	at io.appium.java_client.remote.AppiumCommandExecutor.execute(AppiumCommandExecutor.java:250)
	at org.openqa.selenium.remote.RemoteWebDriver.execute(RemoteWebDriver.java:543)
	at io.appium.java_client.AppiumDriver.startSession(AppiumDriver.java:274)
	at org.openqa.selenium.remote.RemoteWebDriver.&lt;init&gt;(RemoteWebDriver.java:157)
	at io.appium.java_client.AppiumDriver.&lt;init&gt;(AppiumDriver.java:89)
	at io.appium.java_client.AppiumDriver.&lt;init&gt;(AppiumDriver.java:112)
	at io.appium.java_client.AppiumDriver.&lt;init&gt;(AppiumDriver.java:137)
	at io.appium.java_client.android.AndroidDriver.&lt;init&gt;(AndroidDriver.java:236)
	at tests.BaseTest.setup(BaseTest.java:90)
	at java.util.ArrayList.forEach(ArrayList.java:1257)
... Removed 39 stack frames
</div> <!-- stack-trace -->
                </div> <!-- method-content -->
              </div> <!-- method -->
              <div class="method">
                <div class="method-content">
                  <a name="tc05_addRemoveFromCartAndClickCart">
                  </a> <!-- tc05_addRemoveFromCartAndClickCart -->
                  <span class="method-name">tc05_addRemoveFromCartAndClickCart</span>
                  <div class="stack-trace">org.openqa.selenium.SessionNotCreatedException: Could not start a new session. Response code 500. Message: An unknown server-side error occurred while processing the command. Original error: Could not find a driver for automationName &apos;ANDROID_UIAUTOMATOR2&apos; and platformName &apos;ANDROID&apos;. Have you installed a driver that supports those capabilities? Run &apos;appium driver list --installed&apos; to see. (Lower-level error: Could not find installed driver to support given caps) 
Host info: host: &apos;LAPTOP-RMK290R9&apos;, ip: &apos;192.168.1.20&apos;
Build info: version: &apos;4.9.1&apos;, revision: &apos;eb2032df7f&apos;
System info: os.name: &apos;Windows 10&apos;, os.arch: &apos;amd64&apos;, os.version: &apos;10.0&apos;, java.version: &apos;1.8.0_211&apos;
Driver info: io.appium.java_client.android.AndroidDriver
Command: [null, newSession {capabilities=[{appium:udid=emulator-5554, appium:chromedriverExecutableDir=./utils/ExecutableDirs, appium:chromedriverChromeMappingFile=https://github.com/appium/appium-chromedriver/blob/master/config/mapping.json, browserName=Chrome, platformName=ANDROID, appium:deviceName=Pixel_XL_API_33, appium:automationName=ANDROID_UIAUTOMATOR2}], desiredCapabilities=Capabilities {appium:automationName: ANDROID_UIAUTOMATOR2, appium:chromedriverChromeMappingFile: https://github.com/appium/a..., appium:chromedriverExecutableDir: ./utils/ExecutableDirs, appium:deviceName: Pixel_XL_API_33, appium:udid: emulator-5554, browserName: Chrome, platformName: ANDROID}}]
Capabilities {appium:automationName: ANDROID_UIAUTOMATOR2, appium:chromedriverChromeMappingFile: https://github.com/appium/a..., appium:chromedriverExecutableDir: ./utils/ExecutableDirs, appium:deviceName: Pixel_XL_API_33, appium:udid: emulator-5554, browserName: Chrome, platformName: ANDROID}
	at org.openqa.selenium.remote.ProtocolHandshake.createSession(ProtocolHandshake.java:136)
	at io.appium.java_client.remote.AppiumProtocolHandshake.createSession(AppiumProtocolHandshake.java:133)
	at io.appium.java_client.remote.AppiumProtocolHandshake.createSession(AppiumProtocolHandshake.java:102)
	at io.appium.java_client.remote.AppiumCommandExecutor.createSession(AppiumCommandExecutor.java:182)
	at io.appium.java_client.remote.AppiumCommandExecutor.execute(AppiumCommandExecutor.java:250)
	at org.openqa.selenium.remote.RemoteWebDriver.execute(RemoteWebDriver.java:543)
	at io.appium.java_client.AppiumDriver.startSession(AppiumDriver.java:274)
	at org.openqa.selenium.remote.RemoteWebDriver.&lt;init&gt;(RemoteWebDriver.java:157)
	at io.appium.java_client.AppiumDriver.&lt;init&gt;(AppiumDriver.java:89)
	at io.appium.java_client.AppiumDriver.&lt;init&gt;(AppiumDriver.java:112)
	at io.appium.java_client.AppiumDriver.&lt;init&gt;(AppiumDriver.java:137)
	at io.appium.java_client.android.AndroidDriver.&lt;init&gt;(AndroidDriver.java:236)
	at tests.BaseTest.setup(BaseTest.java:90)
	at java.util.ArrayList.forEach(ArrayList.java:1257)
... Removed 39 stack frames
</div> <!-- stack-trace -->
                </div> <!-- method-content -->
              </div> <!-- method -->
            </div> <!-- main-panel-content rounded-window-bottom -->
          </div> <!-- suite-Suite1-class-skipped -->
          <div class="suite-Suite1-class-skipped">
            <div class="main-panel-header rounded-window-top">
              <img src="skipped.png"/>
              <span class="class-name">tests.t5_ContinueShopping</span>
            </div> <!-- main-panel-header rounded-window-top -->
            <div class="main-panel-content rounded-window-bottom">
              <div class="method">
                <div class="method-content">
                  <a name="tc01_addProductsGoToCheckoutAndContinueShopping">
                  </a> <!-- tc01_addProductsGoToCheckoutAndContinueShopping -->
                  <span class="method-name">tc01_addProductsGoToCheckoutAndContinueShopping</span>
                  <div class="stack-trace">org.openqa.selenium.SessionNotCreatedException: Could not start a new session. Response code 500. Message: An unknown server-side error occurred while processing the command. Original error: Could not find a driver for automationName &apos;ANDROID_UIAUTOMATOR2&apos; and platformName &apos;ANDROID&apos;. Have you installed a driver that supports those capabilities? Run &apos;appium driver list --installed&apos; to see. (Lower-level error: Could not find installed driver to support given caps) 
Host info: host: &apos;LAPTOP-RMK290R9&apos;, ip: &apos;192.168.1.20&apos;
Build info: version: &apos;4.9.1&apos;, revision: &apos;eb2032df7f&apos;
System info: os.name: &apos;Windows 10&apos;, os.arch: &apos;amd64&apos;, os.version: &apos;10.0&apos;, java.version: &apos;1.8.0_211&apos;
Driver info: io.appium.java_client.android.AndroidDriver
Command: [null, newSession {capabilities=[{appium:udid=emulator-5554, appium:chromedriverExecutableDir=./utils/ExecutableDirs, appium:chromedriverChromeMappingFile=https://github.com/appium/appium-chromedriver/blob/master/config/mapping.json, browserName=Chrome, platformName=ANDROID, appium:deviceName=Pixel_XL_API_33, appium:automationName=ANDROID_UIAUTOMATOR2}], desiredCapabilities=Capabilities {appium:automationName: ANDROID_UIAUTOMATOR2, appium:chromedriverChromeMappingFile: https://github.com/appium/a..., appium:chromedriverExecutableDir: ./utils/ExecutableDirs, appium:deviceName: Pixel_XL_API_33, appium:udid: emulator-5554, browserName: Chrome, platformName: ANDROID}}]
Capabilities {appium:automationName: ANDROID_UIAUTOMATOR2, appium:chromedriverChromeMappingFile: https://github.com/appium/a..., appium:chromedriverExecutableDir: ./utils/ExecutableDirs, appium:deviceName: Pixel_XL_API_33, appium:udid: emulator-5554, browserName: Chrome, platformName: ANDROID}
	at org.openqa.selenium.remote.ProtocolHandshake.createSession(ProtocolHandshake.java:136)
	at io.appium.java_client.remote.AppiumProtocolHandshake.createSession(AppiumProtocolHandshake.java:133)
	at io.appium.java_client.remote.AppiumProtocolHandshake.createSession(AppiumProtocolHandshake.java:102)
	at io.appium.java_client.remote.AppiumCommandExecutor.createSession(AppiumCommandExecutor.java:182)
	at io.appium.java_client.remote.AppiumCommandExecutor.execute(AppiumCommandExecutor.java:250)
	at org.openqa.selenium.remote.RemoteWebDriver.execute(RemoteWebDriver.java:543)
	at io.appium.java_client.AppiumDriver.startSession(AppiumDriver.java:274)
	at org.openqa.selenium.remote.RemoteWebDriver.&lt;init&gt;(RemoteWebDriver.java:157)
	at io.appium.java_client.AppiumDriver.&lt;init&gt;(AppiumDriver.java:89)
	at io.appium.java_client.AppiumDriver.&lt;init&gt;(AppiumDriver.java:112)
	at io.appium.java_client.AppiumDriver.&lt;init&gt;(AppiumDriver.java:137)
	at io.appium.java_client.android.AndroidDriver.&lt;init&gt;(AndroidDriver.java:236)
	at tests.BaseTest.setup(BaseTest.java:90)
	at java.util.ArrayList.forEach(ArrayList.java:1257)
... Removed 39 stack frames
</div> <!-- stack-trace -->
                </div> <!-- method-content -->
              </div> <!-- method -->
              <div class="method">
                <div class="method-content">
                  <a name="tc01_addProductsGoToPaymentAndCancel">
                  </a> <!-- tc01_addProductsGoToPaymentAndCancel -->
                  <span class="method-name">tc01_addProductsGoToPaymentAndCancel</span>
                  <div class="stack-trace">org.openqa.selenium.SessionNotCreatedException: Could not start a new session. Response code 500. Message: An unknown server-side error occurred while processing the command. Original error: Could not find a driver for automationName &apos;ANDROID_UIAUTOMATOR2&apos; and platformName &apos;ANDROID&apos;. Have you installed a driver that supports those capabilities? Run &apos;appium driver list --installed&apos; to see. (Lower-level error: Could not find installed driver to support given caps) 
Host info: host: &apos;LAPTOP-RMK290R9&apos;, ip: &apos;192.168.1.20&apos;
Build info: version: &apos;4.9.1&apos;, revision: &apos;eb2032df7f&apos;
System info: os.name: &apos;Windows 10&apos;, os.arch: &apos;amd64&apos;, os.version: &apos;10.0&apos;, java.version: &apos;1.8.0_211&apos;
Driver info: io.appium.java_client.android.AndroidDriver
Command: [null, newSession {capabilities=[{appium:udid=emulator-5554, appium:chromedriverExecutableDir=./utils/ExecutableDirs, appium:chromedriverChromeMappingFile=https://github.com/appium/appium-chromedriver/blob/master/config/mapping.json, browserName=Chrome, platformName=ANDROID, appium:deviceName=Pixel_XL_API_33, appium:automationName=ANDROID_UIAUTOMATOR2}], desiredCapabilities=Capabilities {appium:automationName: ANDROID_UIAUTOMATOR2, appium:chromedriverChromeMappingFile: https://github.com/appium/a..., appium:chromedriverExecutableDir: ./utils/ExecutableDirs, appium:deviceName: Pixel_XL_API_33, appium:udid: emulator-5554, browserName: Chrome, platformName: ANDROID}}]
Capabilities {appium:automationName: ANDROID_UIAUTOMATOR2, appium:chromedriverChromeMappingFile: https://github.com/appium/a..., appium:chromedriverExecutableDir: ./utils/ExecutableDirs, appium:deviceName: Pixel_XL_API_33, appium:udid: emulator-5554, browserName: Chrome, platformName: ANDROID}
	at org.openqa.selenium.remote.ProtocolHandshake.createSession(ProtocolHandshake.java:136)
	at io.appium.java_client.remote.AppiumProtocolHandshake.createSession(AppiumProtocolHandshake.java:133)
	at io.appium.java_client.remote.AppiumProtocolHandshake.createSession(AppiumProtocolHandshake.java:102)
	at io.appium.java_client.remote.AppiumCommandExecutor.createSession(AppiumCommandExecutor.java:182)
	at io.appium.java_client.remote.AppiumCommandExecutor.execute(AppiumCommandExecutor.java:250)
	at org.openqa.selenium.remote.RemoteWebDriver.execute(RemoteWebDriver.java:543)
	at io.appium.java_client.AppiumDriver.startSession(AppiumDriver.java:274)
	at org.openqa.selenium.remote.RemoteWebDriver.&lt;init&gt;(RemoteWebDriver.java:157)
	at io.appium.java_client.AppiumDriver.&lt;init&gt;(AppiumDriver.java:89)
	at io.appium.java_client.AppiumDriver.&lt;init&gt;(AppiumDriver.java:112)
	at io.appium.java_client.AppiumDriver.&lt;init&gt;(AppiumDriver.java:137)
	at io.appium.java_client.android.AndroidDriver.&lt;init&gt;(AndroidDriver.java:236)
	at tests.BaseTest.setup(BaseTest.java:90)
	at java.util.ArrayList.forEach(ArrayList.java:1257)
... Removed 39 stack frames
</div> <!-- stack-trace -->
                </div> <!-- method-content -->
              </div> <!-- method -->
            </div> <!-- main-panel-content rounded-window-bottom -->
          </div> <!-- suite-Suite1-class-skipped -->
        </div> <!-- panel Suite1 -->
        <div panel-name="test-xml-Suite1" class="panel">
          <div class="main-panel-header rounded-window-top">
            <span class="header-content">C:\Users\jonmi\eclipse-workspace\AutomationProject\testng.xml</span>
          </div> <!-- main-panel-header rounded-window-top -->
          <div class="main-panel-content rounded-window-bottom">
            <pre>
&lt;?xml version=&quot;1.0&quot; encoding=&quot;UTF-8&quot;?&gt;
&lt;!DOCTYPE suite SYSTEM &quot;https://testng.org/testng-1.0.dtd&quot;&gt;
&lt;suite guice-stage=&quot;DEVELOPMENT&quot; verbose=&quot;0&quot; name=&quot;Suite1&quot;&gt;
  &lt;test thread-count=&quot;5&quot; verbose=&quot;0&quot; name=&quot;test1&quot;&gt;
    &lt;packages&gt;
      &lt;package name=&quot;tests&quot;/&gt;
    &lt;/packages&gt;
    &lt;classes&gt;
      &lt;class name=&quot;tests.BaseTest&quot;/&gt;
      &lt;class name=&quot;tests.t1_Login&quot;/&gt;
      &lt;class name=&quot;tests.t2_AddProducts&quot;/&gt;
      &lt;class name=&quot;tests.t3_RemoveProducts&quot;/&gt;
      &lt;class name=&quot;tests.t4_BuyProducts&quot;/&gt;
      &lt;class name=&quot;tests.t5_ContinueShopping&quot;/&gt;
      &lt;class name=&quot;tests.t6_CheckoutInformationFields&quot;/&gt;
      &lt;class name=&quot;tests.t7_PriceCalculation&quot;/&gt;
      &lt;class name=&quot;tests.t8_SocialMediaLinks&quot;/&gt;
    &lt;/classes&gt;
  &lt;/test&gt; &lt;!-- test1 --&gt;
&lt;/suite&gt; &lt;!-- Suite1 --&gt;
            </pre>
          </div> <!-- main-panel-content rounded-window-bottom -->
        </div> <!-- panel -->
        <div panel-name="testlist-Suite1" class="panel">
          <div class="main-panel-header rounded-window-top">
            <span class="header-content">Tests for Suite1</span>
          </div> <!-- main-panel-header rounded-window-top -->
          <div class="main-panel-content rounded-window-bottom">
            <ul>
              <li>
                <span class="test-name">test1 (9 classes)</span>
              </li>
            </ul>
          </div> <!-- main-panel-content rounded-window-bottom -->
        </div> <!-- panel -->
        <div panel-name="group-Suite1" class="panel">
          <div class="main-panel-header rounded-window-top">
            <span class="header-content">Groups for Suite1</span>
          </div> <!-- main-panel-header rounded-window-top -->
          <div class="main-panel-content rounded-window-bottom">
          </div> <!-- main-panel-content rounded-window-bottom -->
        </div> <!-- panel -->
        <div panel-name="times-Suite1" class="panel">
          <div class="main-panel-header rounded-window-top">
            <span class="header-content">Times for Suite1</span>
          </div> <!-- main-panel-header rounded-window-top -->
          <div class="main-panel-content rounded-window-bottom">
            <div class="times-div">
              <script type="text/javascript">
suiteTableInitFunctions.push('tableData_Suite1');
function tableData_Suite1() {
var data = new google.visualization.DataTable();
data.addColumn('number', 'Number');
data.addColumn('string', 'Method');
data.addColumn('string', 'Class');
data.addColumn('number', 'Time (ms)');
data.addRows(34);
data.setCell(0, 0, 0)
data.setCell(0, 1, 'tc04addRemoveAddAndRemoveFromCartRefreshThePageLogOutAndLogInAgain')
data.setCell(0, 2, 'tests.t7_PriceCalculation')
data.setCell(0, 3, 1);
data.setCell(1, 0, 1)
data.setCell(1, 1, 'tc04_fillOnlyZipCodeField')
data.setCell(1, 2, 'tests.t6_CheckoutInformationFields')
data.setCell(1, 3, 1);
data.setCell(2, 0, 2)
data.setCell(2, 1, 'tc02_AddItemsFromProductPage')
data.setCell(2, 2, 'tests.t2_AddProducts')
data.setCell(2, 3, 1);
data.setCell(3, 0, 3)
data.setCell(3, 1, 'tc01_userLogin')
data.setCell(3, 2, 'tests.t1_Login')
data.setCell(3, 3, 0);
data.setCell(4, 0, 4)
data.setCell(4, 1, 'tc01_userLogin')
data.setCell(4, 2, 'tests.t1_Login')
data.setCell(4, 3, 0);
data.setCell(5, 0, 5)
data.setCell(5, 1, 'tc01_addProductsFromProductsPageAndBuy')
data.setCell(5, 2, 'tests.t4_BuyProducts')
data.setCell(5, 3, 0);
data.setCell(6, 0, 6)
data.setCell(6, 1, 'tc03_AddProductsFromProductsPageRemoveSomeAndBuy')
data.setCell(6, 2, 'tests.t4_BuyProducts')
data.setCell(6, 3, 0);
data.setCell(7, 0, 7)
data.setCell(7, 1, 'tc01_AddItemsFromProductsPage')
data.setCell(7, 2, 'tests.t2_AddProducts')
data.setCell(7, 3, 0);
data.setCell(8, 0, 8)
data.setCell(8, 1, 'tc01_userLogin')
data.setCell(8, 2, 'tests.t1_Login')
data.setCell(8, 3, 0);
data.setCell(9, 0, 9)
data.setCell(9, 1, 'tc02_fillOnlyFirstNameField')
data.setCell(9, 2, 'tests.t6_CheckoutInformationFields')
data.setCell(9, 3, 0);
data.setCell(10, 0, 10)
data.setCell(10, 1, 'tc01_userLogin')
data.setCell(10, 2, 'tests.t1_Login')
data.setCell(10, 3, 0);
data.setCell(11, 0, 11)
data.setCell(11, 1, 'tc05_addRemoveFromCartAndClickCart')
data.setCell(11, 2, 'tests.t7_PriceCalculation')
data.setCell(11, 3, 0);
data.setCell(12, 0, 12)
data.setCell(12, 1, 'tc05_fillOnlyFirstAndLastNameFields')
data.setCell(12, 2, 'tests.t6_CheckoutInformationFields')
data.setCell(12, 3, 0);
data.setCell(13, 0, 13)
data.setCell(13, 1, 'tc01_userLogin')
data.setCell(13, 2, 'tests.t1_Login')
data.setCell(13, 3, 0);
data.setCell(14, 0, 14)
data.setCell(14, 1, 'tc01_userLogin')
data.setCell(14, 2, 'tests.t1_Login')
data.setCell(14, 3, 0);
data.setCell(15, 0, 15)
data.setCell(15, 1, 'tc06_fillOnlyFirstNameZipCodeFields')
data.setCell(15, 2, 'tests.t6_CheckoutInformationFields')
data.setCell(15, 3, 0);
data.setCell(16, 0, 16)
data.setCell(16, 1, 'tc01_addAndGoStraightToCheckout')
data.setCell(16, 2, 'tests.t7_PriceCalculation')
data.setCell(16, 3, 0);
data.setCell(17, 0, 17)
data.setCell(17, 1, 'tc01_userLogin')
data.setCell(17, 2, 'tests.t1_Login')
data.setCell(17, 3, 0);
data.setCell(18, 0, 18)
data.setCell(18, 1, 'tc01_fillAllFields')
data.setCell(18, 2, 'tests.t6_CheckoutInformationFields')
data.setCell(18, 3, 0);
data.setCell(19, 0, 19)
data.setCell(19, 1, 'tc02_addRemoveAndGoToCheckout')
data.setCell(19, 2, 'tests.t7_PriceCalculation')
data.setCell(19, 3, 0);
data.setCell(20, 0, 20)
data.setCell(20, 1, 'tc01_userLogin')
data.setCell(20, 2, 'tests.t1_Login')
data.setCell(20, 3, 0);
data.setCell(21, 0, 21)
data.setCell(21, 1, 'tc03_AddRemoveAddAndRemoveFromCart')
data.setCell(21, 2, 'tests.t7_PriceCalculation')
data.setCell(21, 3, 0);
data.setCell(22, 0, 22)
data.setCell(22, 1, 'tc01_verifySocialMediaLinksInProductsPage')
data.setCell(22, 2, 'tests.t8_SocialMediaLinks')
data.setCell(22, 3, 0);
data.setCell(23, 0, 23)
data.setCell(23, 1, 'tc01_verifySocialMediaLinksInProductPage')
data.setCell(23, 2, 'tests.t8_SocialMediaLinks')
data.setCell(23, 3, 0);
data.setCell(24, 0, 24)
data.setCell(24, 1, 'tc01_addProductsGoToPaymentAndCancel')
data.setCell(24, 2, 'tests.t5_ContinueShopping')
data.setCell(24, 3, 0);
data.setCell(25, 0, 25)
data.setCell(25, 1, 'tc01_removeItemsFromProductsPage')
data.setCell(25, 2, 'tests.t3_RemoveProducts')
data.setCell(25, 3, 0);
data.setCell(26, 0, 26)
data.setCell(26, 1, 'tc03_fillOnlyLastNameField')
data.setCell(26, 2, 'tests.t6_CheckoutInformationFields')
data.setCell(26, 3, 0);
data.setCell(27, 0, 27)
data.setCell(27, 1, 'tc01_removeItemsFromProductPage')
data.setCell(27, 2, 'tests.t3_RemoveProducts')
data.setCell(27, 3, 0);
data.setCell(28, 0, 28)
data.setCell(28, 1, 'tc02_addProductsFromProductPageAndBuy')
data.setCell(28, 2, 'tests.t4_BuyProducts')
data.setCell(28, 3, 0);
data.setCell(29, 0, 29)
data.setCell(29, 1, 'tc01_addProductsGoToCheckoutAndContinueShopping')
data.setCell(29, 2, 'tests.t5_ContinueShopping')
data.setCell(29, 3, 0);
data.setCell(30, 0, 30)
data.setCell(30, 1, 'tc01_userLogin')
data.setCell(30, 2, 'tests.t1_Login')
data.setCell(30, 3, 0);
data.setCell(31, 0, 31)
data.setCell(31, 1, 'tc01_userLogin')
data.setCell(31, 2, 'tests.t1_Login')
data.setCell(31, 3, 0);
data.setCell(32, 0, 32)
data.setCell(32, 1, 'tc04_addProductsFromProductPageRemoveSomeAndBuy')
data.setCell(32, 2, 'tests.t4_BuyProducts')
data.setCell(32, 3, 0);
data.setCell(33, 0, 33)
data.setCell(33, 1, 'tc07_fillOnlyLastNameAndZipCodeFields')
data.setCell(33, 2, 'tests.t6_CheckoutInformationFields')
data.setCell(33, 3, 0);
window.suiteTableData['Suite1']= { tableData: data, tableDiv: 'times-div-Suite1'}
return data;
}
              </script>
              <span class="suite-total-time">Total running time: 3 ms</span>
              <div id="times-div-Suite1">
              </div> <!-- times-div-Suite1 -->
            </div> <!-- times-div -->
          </div> <!-- main-panel-content rounded-window-bottom -->
        </div> <!-- panel -->
        <div panel-name="reporter-Suite1" class="panel">
          <div class="main-panel-header rounded-window-top">
            <span class="header-content">Reporter output for Suite1</span>
          </div> <!-- main-panel-header rounded-window-top -->
          <div class="main-panel-content rounded-window-bottom">
          </div> <!-- main-panel-content rounded-window-bottom -->
        </div> <!-- panel -->
        <div panel-name="ignored-methods-Suite1" class="panel">
          <div class="main-panel-header rounded-window-top">
            <span class="header-content">0 ignored methods</span>
          </div> <!-- main-panel-header rounded-window-top -->
          <div class="main-panel-content rounded-window-bottom">
          </div> <!-- main-panel-content rounded-window-bottom -->
        </div> <!-- panel -->
        <div panel-name="chronological-Suite1" class="panel">
          <div class="main-panel-header rounded-window-top">
            <span class="header-content">Methods in chronological order</span>
          </div> <!-- main-panel-header rounded-window-top -->
          <div class="main-panel-content rounded-window-bottom">
            <div class="chronological-class">
              <div class="chronological-class-name">tests.t1_Login</div> <!-- chronological-class-name -->
              <div class="configuration-method before">
                <img src="failed.png">
                </img>
                <span class="method-name">setup</span>
                <span class="method-start">0 ms</span>
              </div> <!-- configuration-method before -->
              <div class="test-method">
                <span class="method-name">tc01_userLogin(standard_user, secret_sauce, )</span>
                <span class="method-start">12990 ms</span>
              </div> <!-- test-method -->
              <div class="configuration-method after">
                <span class="method-name">TearDown</span>
                <span class="method-start">13001 ms</span>
              </div> <!-- configuration-method after -->
              <div class="configuration-method before">
                <span class="method-name">setup</span>
                <span class="method-start">13004 ms</span>
              </div> <!-- configuration-method before -->
              <div class="test-method">
                <span class="method-name">tc01_userLogin(locked_out_user, secret_sauce, Epic sadface: Sorry, this user has been locked out.)</span>
                <span class="method-start">13006 ms</span>
              </div> <!-- test-method -->
              <div class="configuration-method after">
                <span class="method-name">TearDown</span>
                <span class="method-start">13013 ms</span>
              </div> <!-- configuration-method after -->
              <div class="configuration-method before">
                <span class="method-name">setup</span>
                <span class="method-start">13016 ms</span>
              </div> <!-- configuration-method before -->
              <div class="test-method">
                <span class="method-name">tc01_userLogin(problem_user, secret_sauce, )</span>
                <span class="method-start">13018 ms</span>
              </div> <!-- test-method -->
              <div class="configuration-method after">
                <span class="method-name">TearDown</span>
                <span class="method-start">13023 ms</span>
              </div> <!-- configuration-method after -->
              <div class="configuration-method before">
                <span class="method-name">setup</span>
                <span class="method-start">13025 ms</span>
              </div> <!-- configuration-method before -->
              <div class="test-method">
                <span class="method-name">tc01_userLogin(performance_glitch_user, secret_sauce, )</span>
                <span class="method-start">13028 ms</span>
              </div> <!-- test-method -->
              <div class="configuration-method after">
                <span class="method-name">TearDown</span>
                <span class="method-start">13033 ms</span>
              </div> <!-- configuration-method after -->
              <div class="configuration-method before">
                <span class="method-name">setup</span>
                <span class="method-start">13035 ms</span>
              </div> <!-- configuration-method before -->
              <div class="test-method">
                <span class="method-name">tc01_userLogin(, , Epic sadface: Username is required)</span>
                <span class="method-start">13037 ms</span>
              </div> <!-- test-method -->
              <div class="configuration-method after">
                <span class="method-name">TearDown</span>
                <span class="method-start">13043 ms</span>
              </div> <!-- configuration-method after -->
              <div class="configuration-method before">
                <span class="method-name">setup</span>
                <span class="method-start">13045 ms</span>
              </div> <!-- configuration-method before -->
              <div class="test-method">
                <span class="method-name">tc01_userLogin(TableChair, TableChair, Epic sadface: Username and password do not match any user in this service)</span>
                <span class="method-start">13046 ms</span>
              </div> <!-- test-method -->
              <div class="configuration-method after">
                <span class="method-name">TearDown</span>
                <span class="method-start">13051 ms</span>
              </div> <!-- configuration-method after -->
              <div class="configuration-method before">
                <span class="method-name">setup</span>
                <span class="method-start">13053 ms</span>
              </div> <!-- configuration-method before -->
              <div class="test-method">
                <span class="method-name">tc01_userLogin(standard_user, , Epic sadface: Password is required)</span>
                <span class="method-start">13054 ms</span>
              </div> <!-- test-method -->
              <div class="configuration-method after">
                <span class="method-name">TearDown</span>
                <span class="method-start">13059 ms</span>
              </div> <!-- configuration-method after -->
              <div class="configuration-method before">
                <span class="method-name">setup</span>
                <span class="method-start">13061 ms</span>
              </div> <!-- configuration-method before -->
              <div class="test-method">
                <span class="method-name">tc01_userLogin(TableChair, , Epic sadface: Password is required)</span>
                <span class="method-start">13063 ms</span>
              </div> <!-- test-method -->
              <div class="configuration-method after">
                <span class="method-name">TearDown</span>
                <span class="method-start">13068 ms</span>
              </div> <!-- configuration-method after -->
              <div class="configuration-method before">
                <span class="method-name">setup</span>
                <span class="method-start">13073 ms</span>
              </div> <!-- configuration-method before -->
              <div class="test-method">
                <span class="method-name">tc01_userLogin(, secret_sauce, Epic sadface: Username is required)</span>
                <span class="method-start">13075 ms</span>
              </div> <!-- test-method -->
              <div class="configuration-method after">
                <span class="method-name">TearDown</span>
                <span class="method-start">13080 ms</span>
              </div> <!-- configuration-method after -->
              <div class="configuration-method before">
                <span class="method-name">setup</span>
                <span class="method-start">13082 ms</span>
              </div> <!-- configuration-method before -->
              <div class="test-method">
                <span class="method-name">tc01_userLogin(, TableChair, Epic sadface: Username is required)</span>
                <span class="method-start">13085 ms</span>
              </div> <!-- test-method -->
              <div class="configuration-method after">
                <span class="method-name">TearDown</span>
                <span class="method-start">13089 ms</span>
              </div> <!-- configuration-method after -->
            </div> <!-- chronological-class -->
            <div class="chronological-class">
              <div class="chronological-class-name">tests.t2_AddProducts</div> <!-- chronological-class-name -->
              <div class="configuration-method before">
                <img src="failed.png">
                </img>
                <span class="method-name">setup</span>
                <span class="method-start">13093 ms</span>
              </div> <!-- configuration-method before -->
              <div class="test-method">
                <span class="method-name">tc01_AddItemsFromProductsPage</span>
                <span class="method-start">14098 ms</span>
              </div> <!-- test-method -->
              <div class="configuration-method after">
                <span class="method-name">TearDown</span>
                <span class="method-start">14105 ms</span>
              </div> <!-- configuration-method after -->
              <div class="configuration-method before">
                <span class="method-name">setup</span>
                <span class="method-start">14109 ms</span>
              </div> <!-- configuration-method before -->
              <div class="test-method">
                <span class="method-name">tc02_AddItemsFromProductPage</span>
                <span class="method-start">14113 ms</span>
              </div> <!-- test-method -->
              <div class="configuration-method after">
                <span class="method-name">TearDown</span>
                <span class="method-start">14123 ms</span>
              </div> <!-- configuration-method after -->
            </div> <!-- chronological-class -->
            <div class="chronological-class">
              <div class="chronological-class-name">tests.t3_RemoveProducts</div> <!-- chronological-class-name -->
              <div class="configuration-method before">
                <img src="failed.png">
                </img>
                <span class="method-name">setup</span>
                <span class="method-start">14129 ms</span>
              </div> <!-- configuration-method before -->
              <div class="test-method">
                <span class="method-name">tc01_removeItemsFromProductPage</span>
                <span class="method-start">15225 ms</span>
              </div> <!-- test-method -->
              <div class="configuration-method after">
                <span class="method-name">TearDown</span>
                <span class="method-start">15234 ms</span>
              </div> <!-- configuration-method after -->
              <div class="configuration-method before">
                <span class="method-name">setup</span>
                <span class="method-start">15237 ms</span>
              </div> <!-- configuration-method before -->
              <div class="test-method">
                <span class="method-name">tc01_removeItemsFromProductsPage</span>
                <span class="method-start">15240 ms</span>
              </div> <!-- test-method -->
              <div class="configuration-method after">
                <span class="method-name">TearDown</span>
                <span class="method-start">15246 ms</span>
              </div> <!-- configuration-method after -->
            </div> <!-- chronological-class -->
            <div class="chronological-class">
              <div class="chronological-class-name">tests.t4_BuyProducts</div> <!-- chronological-class-name -->
              <div class="configuration-method before">
                <img src="failed.png">
                </img>
                <span class="method-name">setup</span>
                <span class="method-start">15249 ms</span>
              </div> <!-- configuration-method before -->
              <div class="test-method">
                <span class="method-name">tc01_addProductsFromProductsPageAndBuy</span>
                <span class="method-start">16375 ms</span>
              </div> <!-- test-method -->
              <div class="configuration-method after">
                <span class="method-name">TearDown</span>
                <span class="method-start">16381 ms</span>
              </div> <!-- configuration-method after -->
              <div class="configuration-method before">
                <span class="method-name">setup</span>
                <span class="method-start">16383 ms</span>
              </div> <!-- configuration-method before -->
              <div class="test-method">
                <span class="method-name">tc02_addProductsFromProductPageAndBuy</span>
                <span class="method-start">16385 ms</span>
              </div> <!-- test-method -->
              <div class="configuration-method after">
                <span class="method-name">TearDown</span>
                <span class="method-start">16389 ms</span>
              </div> <!-- configuration-method after -->
              <div class="configuration-method before">
                <span class="method-name">setup</span>
                <span class="method-start">16394 ms</span>
              </div> <!-- configuration-method before -->
              <div class="test-method">
                <span class="method-name">tc03_AddProductsFromProductsPageRemoveSomeAndBuy</span>
                <span class="method-start">16397 ms</span>
              </div> <!-- test-method -->
              <div class="configuration-method after">
                <span class="method-name">TearDown</span>
                <span class="method-start">16402 ms</span>
              </div> <!-- configuration-method after -->
              <div class="configuration-method before">
                <span class="method-name">setup</span>
                <span class="method-start">16406 ms</span>
              </div> <!-- configuration-method before -->
              <div class="test-method">
                <span class="method-name">tc04_addProductsFromProductPageRemoveSomeAndBuy</span>
                <span class="method-start">16408 ms</span>
              </div> <!-- test-method -->
              <div class="configuration-method after">
                <span class="method-name">TearDown</span>
                <span class="method-start">16413 ms</span>
              </div> <!-- configuration-method after -->
            </div> <!-- chronological-class -->
            <div class="chronological-class">
              <div class="chronological-class-name">tests.t5_ContinueShopping</div> <!-- chronological-class-name -->
              <div class="configuration-method before">
                <img src="failed.png">
                </img>
                <span class="method-name">setup</span>
                <span class="method-start">16416 ms</span>
              </div> <!-- configuration-method before -->
              <div class="test-method">
                <span class="method-name">tc01_addProductsGoToCheckoutAndContinueShopping</span>
                <span class="method-start">17616 ms</span>
              </div> <!-- test-method -->
              <div class="configuration-method after">
                <span class="method-name">TearDown</span>
                <span class="method-start">17622 ms</span>
              </div> <!-- configuration-method after -->
              <div class="configuration-method before">
                <span class="method-name">setup</span>
                <span class="method-start">17625 ms</span>
              </div> <!-- configuration-method before -->
              <div class="test-method">
                <span class="method-name">tc01_addProductsGoToPaymentAndCancel</span>
                <span class="method-start">17628 ms</span>
              </div> <!-- test-method -->
              <div class="configuration-method after">
                <span class="method-name">TearDown</span>
                <span class="method-start">17634 ms</span>
              </div> <!-- configuration-method after -->
            </div> <!-- chronological-class -->
            <div class="chronological-class">
              <div class="chronological-class-name">tests.t6_CheckoutInformationFields</div> <!-- chronological-class-name -->
              <div class="configuration-method before">
                <img src="failed.png">
                </img>
                <span class="method-name">setup</span>
                <span class="method-start">17638 ms</span>
              </div> <!-- configuration-method before -->
              <div class="test-method">
                <span class="method-name">tc01_fillAllFields</span>
                <span class="method-start">18966 ms</span>
              </div> <!-- test-method -->
              <div class="configuration-method after">
                <span class="method-name">TearDown</span>
                <span class="method-start">18972 ms</span>
              </div> <!-- configuration-method after -->
              <div class="configuration-method before">
                <span class="method-name">setup</span>
                <span class="method-start">18976 ms</span>
              </div> <!-- configuration-method before -->
              <div class="test-method">
                <span class="method-name">tc02_fillOnlyFirstNameField</span>
                <span class="method-start">18978 ms</span>
              </div> <!-- test-method -->
              <div class="configuration-method after">
                <span class="method-name">TearDown</span>
                <span class="method-start">18983 ms</span>
              </div> <!-- configuration-method after -->
              <div class="configuration-method before">
                <span class="method-name">setup</span>
                <span class="method-start">18986 ms</span>
              </div> <!-- configuration-method before -->
              <div class="test-method">
                <span class="method-name">tc03_fillOnlyLastNameField</span>
                <span class="method-start">18990 ms</span>
              </div> <!-- test-method -->
              <div class="configuration-method after">
                <span class="method-name">TearDown</span>
                <span class="method-start">18995 ms</span>
              </div> <!-- configuration-method after -->
              <div class="configuration-method before">
                <span class="method-name">setup</span>
                <span class="method-start">18998 ms</span>
              </div> <!-- configuration-method before -->
              <div class="test-method">
                <span class="method-name">tc04_fillOnlyZipCodeField</span>
                <span class="method-start">19000 ms</span>
              </div> <!-- test-method -->
              <div class="configuration-method after">
                <span class="method-name">TearDown</span>
                <span class="method-start">19005 ms</span>
              </div> <!-- configuration-method after -->
              <div class="configuration-method before">
                <span class="method-name">setup</span>
                <span class="method-start">19009 ms</span>
              </div> <!-- configuration-method before -->
              <div class="test-method">
                <span class="method-name">tc05_fillOnlyFirstAndLastNameFields</span>
                <span class="method-start">19012 ms</span>
              </div> <!-- test-method -->
              <div class="configuration-method after">
                <span class="method-name">TearDown</span>
                <span class="method-start">19018 ms</span>
              </div> <!-- configuration-method after -->
              <div class="configuration-method before">
                <span class="method-name">setup</span>
                <span class="method-start">19021 ms</span>
              </div> <!-- configuration-method before -->
              <div class="test-method">
                <span class="method-name">tc06_fillOnlyFirstNameZipCodeFields</span>
                <span class="method-start">19024 ms</span>
              </div> <!-- test-method -->
              <div class="configuration-method after">
                <span class="method-name">TearDown</span>
                <span class="method-start">19030 ms</span>
              </div> <!-- configuration-method after -->
              <div class="configuration-method before">
                <span class="method-name">setup</span>
                <span class="method-start">19034 ms</span>
              </div> <!-- configuration-method before -->
              <div class="test-method">
                <span class="method-name">tc07_fillOnlyLastNameAndZipCodeFields</span>
                <span class="method-start">19037 ms</span>
              </div> <!-- test-method -->
              <div class="configuration-method after">
                <span class="method-name">TearDown</span>
                <span class="method-start">19041 ms</span>
              </div> <!-- configuration-method after -->
            </div> <!-- chronological-class -->
            <div class="chronological-class">
              <div class="chronological-class-name">tests.t7_PriceCalculation</div> <!-- chronological-class-name -->
              <div class="configuration-method before">
                <img src="failed.png">
                </img>
                <span class="method-name">setup</span>
                <span class="method-start">19044 ms</span>
              </div> <!-- configuration-method before -->
              <div class="test-method">
                <span class="method-name">tc01_addAndGoStraightToCheckout</span>
                <span class="method-start">20506 ms</span>
              </div> <!-- test-method -->
              <div class="configuration-method after">
                <span class="method-name">TearDown</span>
                <span class="method-start">20513 ms</span>
              </div> <!-- configuration-method after -->
              <div class="configuration-method before">
                <span class="method-name">setup</span>
                <span class="method-start">20516 ms</span>
              </div> <!-- configuration-method before -->
              <div class="test-method">
                <span class="method-name">tc02_addRemoveAndGoToCheckout</span>
                <span class="method-start">20519 ms</span>
              </div> <!-- test-method -->
              <div class="configuration-method after">
                <span class="method-name">TearDown</span>
                <span class="method-start">20524 ms</span>
              </div> <!-- configuration-method after -->
              <div class="configuration-method before">
                <span class="method-name">setup</span>
                <span class="method-start">20527 ms</span>
              </div> <!-- configuration-method before -->
              <div class="test-method">
                <span class="method-name">tc03_AddRemoveAddAndRemoveFromCart</span>
                <span class="method-start">20530 ms</span>
              </div> <!-- test-method -->
              <div class="configuration-method after">
                <span class="method-name">TearDown</span>
                <span class="method-start">20535 ms</span>
              </div> <!-- configuration-method after -->
              <div class="configuration-method before">
                <span class="method-name">setup</span>
                <span class="method-start">20539 ms</span>
              </div> <!-- configuration-method before -->
              <div class="test-method">
                <span class="method-name">tc04addRemoveAddAndRemoveFromCartRefreshThePageLogOutAndLogInAgain</span>
                <span class="method-start">20542 ms</span>
              </div> <!-- test-method -->
              <div class="configuration-method after">
                <span class="method-name">TearDown</span>
                <span class="method-start">20548 ms</span>
              </div> <!-- configuration-method after -->
              <div class="configuration-method before">
                <span class="method-name">setup</span>
                <span class="method-start">20553 ms</span>
              </div> <!-- configuration-method before -->
              <div class="test-method">
                <span class="method-name">tc05_addRemoveFromCartAndClickCart</span>
                <span class="method-start">20556 ms</span>
              </div> <!-- test-method -->
              <div class="configuration-method after">
                <span class="method-name">TearDown</span>
                <span class="method-start">20562 ms</span>
              </div> <!-- configuration-method after -->
            </div> <!-- chronological-class -->
            <div class="chronological-class">
              <div class="chronological-class-name">tests.t8_SocialMediaLinks</div> <!-- chronological-class-name -->
              <div class="configuration-method before">
                <img src="failed.png">
                </img>
                <span class="method-name">setup</span>
                <span class="method-start">20567 ms</span>
              </div> <!-- configuration-method before -->
              <div class="test-method">
                <span class="method-name">tc01_verifySocialMediaLinksInProductPage</span>
                <span class="method-start">22340 ms</span>
              </div> <!-- test-method -->
              <div class="configuration-method after">
                <span class="method-name">TearDown</span>
                <span class="method-start">22346 ms</span>
              </div> <!-- configuration-method after -->
              <div class="configuration-method before">
                <span class="method-name">setup</span>
                <span class="method-start">22348 ms</span>
              </div> <!-- configuration-method before -->
              <div class="test-method">
                <span class="method-name">tc01_verifySocialMediaLinksInProductsPage</span>
                <span class="method-start">22351 ms</span>
              </div> <!-- test-method -->
              <div class="configuration-method after">
                <span class="method-name">TearDown</span>
                <span class="method-start">22356 ms</span>
              </div> <!-- configuration-method after -->
          </div> <!-- main-panel-content rounded-window-bottom -->
        </div> <!-- panel -->
      </div> <!-- main-panel-root -->
    </div> <!-- wrapper -->
  </body>
<script type="text/javascript" src="testng-reports2.js"></script>
</html>
